2018/01/22 08:49:11,138 WARN   Apollo-RemoteConfigLongPollService-1 com.ctrip.framework.apollo.internals.RemoteConfigLongPollService.doLongPollingRefresh(RemoteConfigLongPollService.java:193) - Long polling failed, will retry in 1 seconds. appId: testapp, cluster: default, namespaces: application, long polling url: http://192.168.0.5:8080/notifications/v2?cluster=default&appId=testapp&ip=192.168.0.5&notifications=%5B%7B%22namespaceName%22%3A%22application%22%2C%22notificationId%22%3A103%7D%5D, reason: Could not complete get operation [Cause: No route to host: connect]
2018/01/22 08:49:16,868 DEBUG  Apollo-RemoteConfigLongPollService-1 com.ctrip.framework.apollo.internals.RemoteConfigLongPollService.doLongPollingRefresh(RemoteConfigLongPollService.java:162) - Long polling from http://192.168.0.5:8080/notifications/v2?cluster=default&appId=testapp&ip=192.168.0.5&notifications=%5B%7B%22namespaceName%22%3A%22application%22%2C%22notificationId%22%3A103%7D%5D
2018/01/22 08:49:16,869 WARN   Apollo-RemoteConfigLongPollService-1 com.ctrip.framework.apollo.internals.RemoteConfigLongPollService.doLongPollingRefresh(RemoteConfigLongPollService.java:193) - Long polling failed, will retry in 2 seconds. appId: testapp, cluster: default, namespaces: application, long polling url: http://192.168.0.5:8080/notifications/v2?cluster=default&appId=testapp&ip=192.168.0.5&notifications=%5B%7B%22namespaceName%22%3A%22application%22%2C%22notificationId%22%3A103%7D%5D, reason: Could not complete get operation [Cause: No route to host: connect]
2018/01/22 08:49:18,870 DEBUG  Apollo-RemoteConfigLongPollService-1 com.ctrip.framework.apollo.internals.RemoteConfigLongPollService.doLongPollingRefresh(RemoteConfigLongPollService.java:162) - Long polling from http://192.168.0.5:8080/notifications/v2?cluster=default&appId=testapp&ip=192.168.0.5&notifications=%5B%7B%22namespaceName%22%3A%22application%22%2C%22notificationId%22%3A103%7D%5D
2018/01/22 08:49:19,872 WARN   Apollo-RemoteConfigLongPollService-1 com.ctrip.framework.apollo.internals.RemoteConfigLongPollService.doLongPollingRefresh(RemoteConfigLongPollService.java:193) - Long polling failed, will retry in 4 seconds. appId: testapp, cluster: default, namespaces: application, long polling url: http://192.168.0.5:8080/notifications/v2?cluster=default&appId=testapp&ip=192.168.0.5&notifications=%5B%7B%22namespaceName%22%3A%22application%22%2C%22notificationId%22%3A103%7D%5D, reason: Could not complete get operation [Cause: connect timed out]
2018/01/22 18:06:38,787 INFO   main                  com.gxd.GxdComponentsFastdfsApplication.logStarting(StartupInfoLogger.java:48) - Starting GxdComponentsFastdfsApplication on DESKTOP-I8Q3E8O with PID 14188 (E:\idea\gxd-master\gxd-components-fastdfs\target\classes started by Army in E:\idea\gxd-master)
2018/01/22 18:06:38,826 DEBUG  main                  com.gxd.GxdComponentsFastdfsApplication.logStarting(StartupInfoLogger.java:51) - Running with Spring Boot v1.5.9.RELEASE, Spring v4.3.13.RELEASE
2018/01/22 18:06:38,827 INFO   main                  com.gxd.GxdComponentsFastdfsApplication.logStartupProfileInfo(SpringApplication.java:593) - No active profile set, falling back to default profiles: default
2018/01/22 18:06:39,068 INFO   main                  org.springframework.boot.context.embedded.AnnotationConfigEmbeddedWebApplicationContext.prepareRefresh(AbstractApplicationContext.java:583) - Refreshing org.springframework.boot.context.embedded.AnnotationConfigEmbeddedWebApplicationContext@3f1c5af9: startup date [Mon Jan 22 18:06:39 CST 2018]; root of context hierarchy
2018/01/22 18:06:39,507 DEBUG  background-preinit    org.jboss.logging.make(LoggerFactory.java:19) - Logging Provider: org.jboss.logging.Log4j2LoggerProvider
2018/01/22 18:06:39,508 INFO   background-preinit    org.hibernate.validator.internal.util.Version.<clinit>(Version.java:30) - HV000001: Hibernate Validator 5.3.6.Final
2018/01/22 18:06:41,794 INFO   main                  org.springframework.beans.factory.annotation.AutowiredAnnotationBeanPostProcessor.<init>(AutowiredAnnotationBeanPostProcessor.java:155) - JSR-330 'javax.inject.Inject' annotation found and supported for autowiring
2018/01/22 18:06:43,294 INFO   main                  org.springframework.boot.context.embedded.tomcat.TomcatEmbeddedServletContainer.initialize(TomcatEmbeddedServletContainer.java:89) - Tomcat initialized with port(s): 8080 (http)
2018/01/22 18:06:43,358 INFO   main                  org.apache.catalina.core.StandardService.log(DirectJDKLog.java:179) - Starting service [Tomcat]
2018/01/22 18:06:43,364 INFO   main                  org.apache.catalina.core.StandardEngine.log(DirectJDKLog.java:179) - Starting Servlet Engine: Apache Tomcat/8.5.23
2018/01/22 18:06:43,974 INFO   localhost-startStop-1 org.apache.catalina.core.ContainerBase.[Tomcat].[localhost].[/].log(DirectJDKLog.java:179) - Initializing Spring embedded WebApplicationContext
2018/01/22 18:06:43,979 INFO   localhost-startStop-1 org.springframework.web.context.ContextLoader.prepareEmbeddedWebApplicationContext(EmbeddedWebApplicationContext.java:276) - Root WebApplicationContext: initialization completed in 4963 ms
2018/01/22 18:06:44,418 INFO   localhost-startStop-1 org.springframework.boot.web.servlet.ServletRegistrationBean.onStartup(ServletRegistrationBean.java:190) - Mapping servlet: 'dispatcherServlet' to [/]
2018/01/22 18:06:44,425 INFO   localhost-startStop-1 org.springframework.boot.web.servlet.FilterRegistrationBean.configure(AbstractFilterRegistrationBean.java:258) - Mapping filter: 'characterEncodingFilter' to: [/*]
2018/01/22 18:06:44,426 INFO   localhost-startStop-1 org.springframework.boot.web.servlet.FilterRegistrationBean.configure(AbstractFilterRegistrationBean.java:258) - Mapping filter: 'hiddenHttpMethodFilter' to: [/*]
2018/01/22 18:06:44,427 INFO   localhost-startStop-1 org.springframework.boot.web.servlet.FilterRegistrationBean.configure(AbstractFilterRegistrationBean.java:258) - Mapping filter: 'httpPutFormContentFilter' to: [/*]
2018/01/22 18:06:44,427 INFO   localhost-startStop-1 org.springframework.boot.web.servlet.FilterRegistrationBean.configure(AbstractFilterRegistrationBean.java:258) - Mapping filter: 'requestContextFilter' to: [/*]
2018/01/22 18:06:44,879 WARN   main                  org.springframework.boot.context.properties.ConfigurationPropertiesBindingPostProcessor.supports(ConfigurationPropertiesBindingPostProcessor.java:429) - The @ConfigurationProperties bean class com.github.tobato.fastdfs.conn.TrackerConnectionManager contains validation constraints but had not been annotated with @Validated.
2018/01/22 18:06:44,880 WARN   main                  org.springframework.boot.context.properties.ConfigurationPropertiesBindingPostProcessor.supports(ConfigurationPropertiesBindingPostProcessor.java:429) - The @ConfigurationProperties bean class com.github.tobato.fastdfs.conn.TrackerConnectionManager contains validation constraints but had not been annotated with @Validated.
2018/01/22 18:06:44,881 WARN   main                  org.springframework.boot.context.properties.ConfigurationPropertiesBindingPostProcessor.supports(ConfigurationPropertiesBindingPostProcessor.java:429) - The @ConfigurationProperties bean class com.github.tobato.fastdfs.conn.TrackerConnectionManager contains validation constraints but had not been annotated with @Validated.
2018/01/22 18:06:44,928 DEBUG  main                  com.github.tobato.fastdfs.conn.ConnectionManager.initTracker(TrackerConnectionManager.java:48) - init trackerLocator [192.168.13.5:22122, 192.168.13.6:22122]
2018/01/22 18:06:45,901 INFO   main                  org.springframework.web.servlet.mvc.method.annotation.RequestMappingHandlerAdapter.initControllerAdviceCache(RequestMappingHandlerAdapter.java:534) - Looking for @ControllerAdvice: org.springframework.boot.context.embedded.AnnotationConfigEmbeddedWebApplicationContext@3f1c5af9: startup date [Mon Jan 22 18:06:39 CST 2018]; root of context hierarchy
2018/01/22 18:06:46,033 INFO   main                  org.springframework.web.servlet.mvc.method.annotation.RequestMappingHandlerMapping.register(AbstractHandlerMethodMapping.java:543) - Mapped "{[/file/upload1],methods=[POST]}" onto public java.lang.String com.gxd.fastdfs.web.UploadController.upload(org.springframework.web.multipart.MultipartFile)
2018/01/22 18:06:46,035 INFO   main                  org.springframework.web.servlet.mvc.method.annotation.RequestMappingHandlerMapping.register(AbstractHandlerMethodMapping.java:543) - Mapped "{[/file/fileupload],methods=[GET]}" onto public java.lang.String com.gxd.fastdfs.web.UploadController.upload()
2018/01/22 18:06:46,036 INFO   main                  org.springframework.web.servlet.mvc.method.annotation.RequestMappingHandlerMapping.register(AbstractHandlerMethodMapping.java:543) - Mapped "{[/file/toupload],methods=[GET]}" onto private java.lang.String com.gxd.fastdfs.web.UploadController.toUpload()
2018/01/22 18:06:46,037 INFO   main                  org.springframework.web.servlet.mvc.method.annotation.RequestMappingHandlerMapping.register(AbstractHandlerMethodMapping.java:543) - Mapped "{[/file/upload2]}" onto public com.gxd.fastdfs.utils.Result com.gxd.fastdfs.web.UploadController.uploadFile(java.lang.String)
2018/01/22 18:06:46,038 INFO   main                  org.springframework.web.servlet.mvc.method.annotation.RequestMappingHandlerMapping.register(AbstractHandlerMethodMapping.java:543) - Mapped "{[/file/delete],produces=[text/plain;charset=UTF-8]}" onto public com.gxd.fastdfs.utils.Result com.gxd.fastdfs.web.UploadController.deleteFile(java.lang.String)
2018/01/22 18:06:46,039 INFO   main                  org.springframework.web.servlet.mvc.method.annotation.RequestMappingHandlerMapping.register(AbstractHandlerMethodMapping.java:543) - Mapped "{[/file/download],produces=[text/plain;charset=UTF-8]}" onto public com.gxd.fastdfs.utils.Result com.gxd.fastdfs.web.UploadController.download(java.lang.String,java.lang.String,javax.servlet.http.HttpServletResponse)
2018/01/22 18:06:46,040 INFO   main                  org.springframework.web.servlet.mvc.method.annotation.RequestMappingHandlerMapping.register(AbstractHandlerMethodMapping.java:543) - Mapped "{[/file/downloadLocal],produces=[text/plain;charset=UTF-8]}" onto public com.gxd.fastdfs.utils.Result com.gxd.fastdfs.web.UploadController.download(java.lang.String,java.lang.String)
2018/01/22 18:06:46,041 INFO   main                  org.springframework.web.servlet.mvc.method.annotation.RequestMappingHandlerMapping.register(AbstractHandlerMethodMapping.java:543) - Mapped "{[/file/mutifileupload],methods=[GET]}" onto public java.lang.String com.gxd.fastdfs.web.UploadController.batchUpload()
2018/01/22 18:06:46,041 INFO   main                  org.springframework.web.servlet.mvc.method.annotation.RequestMappingHandlerMapping.register(AbstractHandlerMethodMapping.java:543) - Mapped "{[/file/upload/batch],methods=[POST]}" onto public java.lang.String com.gxd.fastdfs.web.UploadController.batchUpload(javax.servlet.http.HttpServletRequest)
2018/01/22 18:06:46,042 INFO   main                  org.springframework.web.servlet.mvc.method.annotation.RequestMappingHandlerMapping.register(AbstractHandlerMethodMapping.java:543) - Mapped "{[/file/modifyFile]}" onto public java.lang.String com.gxd.fastdfs.web.UploadController.modifyFile()
2018/01/22 18:06:46,043 INFO   main                  org.springframework.web.servlet.mvc.method.annotation.RequestMappingHandlerMapping.register(AbstractHandlerMethodMapping.java:543) - Mapped "{[/file/upload],methods=[POST]}" onto public java.util.Map<java.lang.String, java.lang.String> com.gxd.fastdfs.web.UploadController.fileUp(org.springframework.web.multipart.MultipartHttpServletRequest,javax.servlet.http.HttpServletRequest)
2018/01/22 18:06:46,044 INFO   main                  org.springframework.web.servlet.mvc.method.annotation.RequestMappingHandlerMapping.register(AbstractHandlerMethodMapping.java:543) - Mapped "{[/file/queryFileInfo],produces=[text/plain;charset=UTF-8]}" onto public com.gxd.fastdfs.utils.Result com.gxd.fastdfs.web.UploadController.queryFileInfo(java.lang.String)
2018/01/22 18:06:46,047 INFO   main                  org.springframework.web.servlet.mvc.method.annotation.RequestMappingHandlerMapping.register(AbstractHandlerMethodMapping.java:543) - Mapped "{[/error]}" onto public org.springframework.http.ResponseEntity<java.util.Map<java.lang.String, java.lang.Object>> org.springframework.boot.autoconfigure.web.BasicErrorController.error(javax.servlet.http.HttpServletRequest)
2018/01/22 18:06:46,048 INFO   main                  org.springframework.web.servlet.mvc.method.annotation.RequestMappingHandlerMapping.register(AbstractHandlerMethodMapping.java:543) - Mapped "{[/error],produces=[text/html]}" onto public org.springframework.web.servlet.ModelAndView org.springframework.boot.autoconfigure.web.BasicErrorController.errorHtml(javax.servlet.http.HttpServletRequest,javax.servlet.http.HttpServletResponse)
2018/01/22 18:06:46,083 INFO   main                  com.gxd.fastdfs.mvc.WebMvcConfig.addResourceHandlers(WebMvcConfig.java:22) - # WebMvcConfig addResourceHandlers ...
2018/01/22 18:06:46,129 INFO   main                  org.springframework.web.servlet.handler.SimpleUrlHandlerMapping.registerHandler(AbstractUrlHandlerMapping.java:362) - Mapped URL path [/static/**] onto handler of type [class org.springframework.web.servlet.resource.ResourceHttpRequestHandler]
2018/01/22 18:06:46,130 INFO   main                  org.springframework.web.servlet.handler.SimpleUrlHandlerMapping.registerHandler(AbstractUrlHandlerMapping.java:362) - Mapped URL path [/webjars/**] onto handler of type [class org.springframework.web.servlet.resource.ResourceHttpRequestHandler]
2018/01/22 18:06:46,134 INFO   main                  org.springframework.web.servlet.handler.SimpleUrlHandlerMapping.registerHandler(AbstractUrlHandlerMapping.java:362) - Mapped URL path [/**] onto handler of type [class org.springframework.web.servlet.resource.ResourceHttpRequestHandler]
2018/01/22 18:06:46,254 INFO   main                  org.springframework.web.servlet.handler.SimpleUrlHandlerMapping.registerHandler(AbstractUrlHandlerMapping.java:362) - Mapped URL path [/**/favicon.ico] onto handler of type [class org.springframework.web.servlet.resource.ResourceHttpRequestHandler]
2018/01/22 18:06:46,723 INFO   main                  org.springframework.web.servlet.view.freemarker.FreeMarkerConfigurer.postProcessTemplateLoaders(FreeMarkerConfigurer.java:127) - ClassTemplateLoader for Spring macros added to FreeMarker configuration
2018/01/22 18:06:47,166 INFO   main                  org.springframework.jmx.export.annotation.AnnotationMBeanExporter.afterSingletonsInstantiated(MBeanExporter.java:431) - Registering beans for JMX exposure on startup
2018/01/22 18:06:47,185 INFO   main                  org.springframework.jmx.export.annotation.AnnotationMBeanExporter.autodetect(MBeanExporter.java:916) - Bean with name 'fdfsConnectionPool' has been autodetected for JMX exposure
2018/01/22 18:06:47,200 INFO   main                  org.springframework.jmx.export.annotation.AnnotationMBeanExporter.registerBeanInstance(MBeanExporter.java:671) - Located MBean 'fdfsConnectionPool': registering with JMX server as MBean [com.github.tobato.fastdfs.conn:name=fdfsConnectionPool,type=FdfsConnectionPool]
2018/01/22 18:06:47,245 INFO   main                  org.apache.coyote.http11.Http11NioProtocol.log(DirectJDKLog.java:179) - Initializing ProtocolHandler ["http-nio-8080"]
2018/01/22 18:06:47,331 INFO   main                  org.apache.coyote.http11.Http11NioProtocol.log(DirectJDKLog.java:179) - Starting ProtocolHandler ["http-nio-8080"]
2018/01/22 18:06:47,364 INFO   main                  org.apache.tomcat.util.net.NioSelectorPool.log(DirectJDKLog.java:179) - Using a shared selector for servlet write/read
2018/01/22 18:06:47,427 INFO   main                  org.springframework.boot.context.embedded.tomcat.TomcatEmbeddedServletContainer.start(TomcatEmbeddedServletContainer.java:201) - Tomcat started on port(s): 8080 (http)
2018/01/22 18:06:47,436 INFO   main                  com.gxd.GxdComponentsFastdfsApplication.logStarted(StartupInfoLogger.java:57) - Started GxdComponentsFastdfsApplication in 10.269 seconds (JVM running for 14.795)
2018/01/22 18:07:29,347 INFO   http-nio-8080-exec-1  org.apache.catalina.core.ContainerBase.[Tomcat].[localhost].[/].log(DirectJDKLog.java:179) - Initializing Spring FrameworkServlet 'dispatcherServlet'
2018/01/22 18:07:29,347 INFO   http-nio-8080-exec-1  org.springframework.web.servlet.DispatcherServlet.initServletBean(FrameworkServlet.java:489) - FrameworkServlet 'dispatcherServlet': initialization started
2018/01/22 18:07:29,381 INFO   http-nio-8080-exec-1  org.springframework.web.servlet.DispatcherServlet.initServletBean(FrameworkServlet.java:508) - FrameworkServlet 'dispatcherServlet': initialization completed in 33 ms
2018/01/22 18:07:50,653 DEBUG  http-nio-8080-exec-3  com.gxd.fastdfs.web.UploadController.upload(UploadController.java:80) - 开始上传。。。
2018/01/22 18:07:50,654 DEBUG  http-nio-8080-exec-3  com.gxd.fastdfs.web.UploadController.upload(UploadController.java:82) - start:1516615670654
2018/01/22 18:07:50,732 DEBUG  http-nio-8080-exec-3  com.github.tobato.fastdfs.conn.ConnectionManager.executeFdfsTrackerCmd(TrackerConnectionManager.java:65) - 获取到Tracker连接地址/192.168.13.5:22122
2018/01/22 18:07:50,736 DEBUG  http-nio-8080-exec-3  com.github.tobato.fastdfs.conn.DefaultConnection.<init>(DefaultConnection.java:47) - connect to /192.168.13.5:22122 soTimeout=3500 connectTimeout=6000
2018/01/22 18:07:56,787 ERROR  http-nio-8080-exec-3  org.apache.catalina.core.ContainerBase.[Tomcat].[localhost].[/].[dispatcherServlet].log(DirectJDKLog.java:181) - Servlet.service() for servlet [dispatcherServlet] in context with path [] threw exception [Request processing failed; nested exception is com.github.tobato.fastdfs.exception.FdfsConnectException: 无法获取服务端连接资源：can't create connection to/192.168.13.5:22122] with root cause
java.net.SocketTimeoutException: connect timed out
	at java.net.DualStackPlainSocketImpl.waitForConnect(Native Method) ~[?:1.8.0_152]
	at java.net.DualStackPlainSocketImpl.socketConnect(DualStackPlainSocketImpl.java:85) ~[?:1.8.0_152]
	at java.net.AbstractPlainSocketImpl.doConnect(AbstractPlainSocketImpl.java:350) ~[?:1.8.0_152]
	at java.net.AbstractPlainSocketImpl.connectToAddress(AbstractPlainSocketImpl.java:206) ~[?:1.8.0_152]
	at java.net.AbstractPlainSocketImpl.connect(AbstractPlainSocketImpl.java:188) ~[?:1.8.0_152]
	at java.net.PlainSocketImpl.connect(PlainSocketImpl.java:172) ~[?:1.8.0_152]
	at java.net.SocksSocketImpl.connect(SocksSocketImpl.java:392) ~[?:1.8.0_152]
	at java.net.Socket.connect(Socket.java:589) ~[?:1.8.0_152]
	at com.github.tobato.fastdfs.conn.DefaultConnection.<init>(DefaultConnection.java:49) ~[fastdfs-client-1.25.4-RELEASE.jar:1.25.4-RELEASE]
	at com.github.tobato.fastdfs.conn.PooledConnectionFactory.create(PooledConnectionFactory.java:48) ~[fastdfs-client-1.25.4-RELEASE.jar:1.25.4-RELEASE]
	at com.github.tobato.fastdfs.conn.PooledConnectionFactory.create(PooledConnectionFactory.java:24) ~[fastdfs-client-1.25.4-RELEASE.jar:1.25.4-RELEASE]
	at org.apache.commons.pool2.BaseKeyedPooledObjectFactory.makeObject(BaseKeyedPooledObjectFactory.java:60) ~[commons-pool2-2.5.0.jar:2.5.0]
	at org.apache.commons.pool2.impl.GenericKeyedObjectPool.create(GenericKeyedObjectPool.java:1064) ~[commons-pool2-2.5.0.jar:2.5.0]
	at org.apache.commons.pool2.impl.GenericKeyedObjectPool.borrowObject(GenericKeyedObjectPool.java:358) ~[commons-pool2-2.5.0.jar:2.5.0]
	at org.apache.commons.pool2.impl.GenericKeyedObjectPool.borrowObject(GenericKeyedObjectPool.java:281) ~[commons-pool2-2.5.0.jar:2.5.0]
	at com.github.tobato.fastdfs.conn.ConnectionManager.getConnection(ConnectionManager.java:103) ~[fastdfs-client-1.25.4-RELEASE.jar:1.25.4-RELEASE]
	at com.github.tobato.fastdfs.conn.TrackerConnectionManager.executeFdfsTrackerCmd(TrackerConnectionManager.java:66) ~[fastdfs-client-1.25.4-RELEASE.jar:1.25.4-RELEASE]
	at com.github.tobato.fastdfs.service.DefaultTrackerClient.getStoreStorage(DefaultTrackerClient.java:39) ~[fastdfs-client-1.25.4-RELEASE.jar:1.25.4-RELEASE]
	at com.github.tobato.fastdfs.service.DefaultFastFileStorageClient.uploadFile(DefaultFastFileStorageClient.java:53) ~[fastdfs-client-1.25.4-RELEASE.jar:1.25.4-RELEASE]
	at com.gxd.fastdfs.client.FastDFSClient.upload(FastDFSClient.java:68) ~[classes/:?]
	at com.gxd.fastdfs.web.UploadController.upload(UploadController.java:92) ~[classes/:?]
	at sun.reflect.NativeMethodAccessorImpl.invoke0(Native Method) ~[?:1.8.0_152]
	at sun.reflect.NativeMethodAccessorImpl.invoke(NativeMethodAccessorImpl.java:62) ~[?:1.8.0_152]
	at sun.reflect.DelegatingMethodAccessorImpl.invoke(DelegatingMethodAccessorImpl.java:43) ~[?:1.8.0_152]
	at java.lang.reflect.Method.invoke(Method.java:498) ~[?:1.8.0_152]
	at org.springframework.web.method.support.InvocableHandlerMethod.doInvoke(InvocableHandlerMethod.java:205) ~[spring-web-4.3.13.RELEASE.jar:4.3.13.RELEASE]
	at org.springframework.web.method.support.InvocableHandlerMethod.invokeForRequest(InvocableHandlerMethod.java:133) ~[spring-web-4.3.13.RELEASE.jar:4.3.13.RELEASE]
	at org.springframework.web.servlet.mvc.method.annotation.ServletInvocableHandlerMethod.invokeAndHandle(ServletInvocableHandlerMethod.java:97) ~[spring-webmvc-4.3.13.RELEASE.jar:4.3.13.RELEASE]
	at org.springframework.web.servlet.mvc.method.annotation.RequestMappingHandlerAdapter.invokeHandlerMethod(RequestMappingHandlerAdapter.java:827) ~[spring-webmvc-4.3.13.RELEASE.jar:4.3.13.RELEASE]
	at org.springframework.web.servlet.mvc.method.annotation.RequestMappingHandlerAdapter.handleInternal(RequestMappingHandlerAdapter.java:738) ~[spring-webmvc-4.3.13.RELEASE.jar:4.3.13.RELEASE]
	at org.springframework.web.servlet.mvc.method.AbstractHandlerMethodAdapter.handle(AbstractHandlerMethodAdapter.java:85) ~[spring-webmvc-4.3.13.RELEASE.jar:4.3.13.RELEASE]
	at org.springframework.web.servlet.DispatcherServlet.doDispatch(DispatcherServlet.java:967) ~[spring-webmvc-4.3.13.RELEASE.jar:4.3.13.RELEASE]
	at org.springframework.web.servlet.DispatcherServlet.doService(DispatcherServlet.java:901) ~[spring-webmvc-4.3.13.RELEASE.jar:4.3.13.RELEASE]
	at org.springframework.web.servlet.FrameworkServlet.processRequest(FrameworkServlet.java:970) ~[spring-webmvc-4.3.13.RELEASE.jar:4.3.13.RELEASE]
	at org.springframework.web.servlet.FrameworkServlet.doPost(FrameworkServlet.java:872) ~[spring-webmvc-4.3.13.RELEASE.jar:4.3.13.RELEASE]
	at javax.servlet.http.HttpServlet.service(HttpServlet.java:661) ~[tomcat-embed-core-8.5.23.jar:8.5.23]
	at org.springframework.web.servlet.FrameworkServlet.service(FrameworkServlet.java:846) ~[spring-webmvc-4.3.13.RELEASE.jar:4.3.13.RELEASE]
	at javax.servlet.http.HttpServlet.service(HttpServlet.java:742) ~[tomcat-embed-core-8.5.23.jar:8.5.23]
	at org.apache.catalina.core.ApplicationFilterChain.internalDoFilter(ApplicationFilterChain.java:231) ~[tomcat-embed-core-8.5.23.jar:8.5.23]
	at org.apache.catalina.core.ApplicationFilterChain.doFilter(ApplicationFilterChain.java:166) ~[tomcat-embed-core-8.5.23.jar:8.5.23]
	at org.apache.tomcat.websocket.server.WsFilter.doFilter(WsFilter.java:52) ~[tomcat-embed-websocket-8.5.23.jar:8.5.23]
	at org.apache.catalina.core.ApplicationFilterChain.internalDoFilter(ApplicationFilterChain.java:193) ~[tomcat-embed-core-8.5.23.jar:8.5.23]
	at org.apache.catalina.core.ApplicationFilterChain.doFilter(ApplicationFilterChain.java:166) ~[tomcat-embed-core-8.5.23.jar:8.5.23]
	at org.springframework.web.filter.RequestContextFilter.doFilterInternal(RequestContextFilter.java:99) ~[spring-web-4.3.13.RELEASE.jar:4.3.13.RELEASE]
	at org.springframework.web.filter.OncePerRequestFilter.doFilter(OncePerRequestFilter.java:107) ~[spring-web-4.3.13.RELEASE.jar:4.3.13.RELEASE]
	at org.apache.catalina.core.ApplicationFilterChain.internalDoFilter(ApplicationFilterChain.java:193) ~[tomcat-embed-core-8.5.23.jar:8.5.23]
	at org.apache.catalina.core.ApplicationFilterChain.doFilter(ApplicationFilterChain.java:166) ~[tomcat-embed-core-8.5.23.jar:8.5.23]
	at org.springframework.web.filter.HttpPutFormContentFilter.doFilterInternal(HttpPutFormContentFilter.java:108) ~[spring-web-4.3.13.RELEASE.jar:4.3.13.RELEASE]
	at org.springframework.web.filter.OncePerRequestFilter.doFilter(OncePerRequestFilter.java:107) ~[spring-web-4.3.13.RELEASE.jar:4.3.13.RELEASE]
	at org.apache.catalina.core.ApplicationFilterChain.internalDoFilter(ApplicationFilterChain.java:193) ~[tomcat-embed-core-8.5.23.jar:8.5.23]
	at org.apache.catalina.core.ApplicationFilterChain.doFilter(ApplicationFilterChain.java:166) ~[tomcat-embed-core-8.5.23.jar:8.5.23]
	at org.springframework.web.filter.HiddenHttpMethodFilter.doFilterInternal(HiddenHttpMethodFilter.java:81) ~[spring-web-4.3.13.RELEASE.jar:4.3.13.RELEASE]
	at org.springframework.web.filter.OncePerRequestFilter.doFilter(OncePerRequestFilter.java:107) ~[spring-web-4.3.13.RELEASE.jar:4.3.13.RELEASE]
	at org.apache.catalina.core.ApplicationFilterChain.internalDoFilter(ApplicationFilterChain.java:193) ~[tomcat-embed-core-8.5.23.jar:8.5.23]
	at org.apache.catalina.core.ApplicationFilterChain.doFilter(ApplicationFilterChain.java:166) ~[tomcat-embed-core-8.5.23.jar:8.5.23]
	at org.springframework.web.filter.CharacterEncodingFilter.doFilterInternal(CharacterEncodingFilter.java:197) ~[spring-web-4.3.13.RELEASE.jar:4.3.13.RELEASE]
	at org.springframework.web.filter.OncePerRequestFilter.doFilter(OncePerRequestFilter.java:107) ~[spring-web-4.3.13.RELEASE.jar:4.3.13.RELEASE]
	at org.apache.catalina.core.ApplicationFilterChain.internalDoFilter(ApplicationFilterChain.java:193) ~[tomcat-embed-core-8.5.23.jar:8.5.23]
	at org.apache.catalina.core.ApplicationFilterChain.doFilter(ApplicationFilterChain.java:166) ~[tomcat-embed-core-8.5.23.jar:8.5.23]
	at org.apache.catalina.core.StandardWrapperValve.invoke(StandardWrapperValve.java:199) [tomcat-embed-core-8.5.23.jar:8.5.23]
	at org.apache.catalina.core.StandardContextValve.invoke(StandardContextValve.java:96) [tomcat-embed-core-8.5.23.jar:8.5.23]
	at org.apache.catalina.authenticator.AuthenticatorBase.invoke(AuthenticatorBase.java:478) [tomcat-embed-core-8.5.23.jar:8.5.23]
	at org.apache.catalina.core.StandardHostValve.invoke(StandardHostValve.java:140) [tomcat-embed-core-8.5.23.jar:8.5.23]
	at org.apache.catalina.valves.ErrorReportValve.invoke(ErrorReportValve.java:81) [tomcat-embed-core-8.5.23.jar:8.5.23]
	at org.apache.catalina.core.StandardEngineValve.invoke(StandardEngineValve.java:87) [tomcat-embed-core-8.5.23.jar:8.5.23]
	at org.apache.catalina.connector.CoyoteAdapter.service(CoyoteAdapter.java:342) [tomcat-embed-core-8.5.23.jar:8.5.23]
	at org.apache.coyote.http11.Http11Processor.service(Http11Processor.java:803) [tomcat-embed-core-8.5.23.jar:8.5.23]
	at org.apache.coyote.AbstractProcessorLight.process(AbstractProcessorLight.java:66) [tomcat-embed-core-8.5.23.jar:8.5.23]
	at org.apache.coyote.AbstractProtocol$ConnectionHandler.process(AbstractProtocol.java:868) [tomcat-embed-core-8.5.23.jar:8.5.23]
	at org.apache.tomcat.util.net.NioEndpoint$SocketProcessor.doRun(NioEndpoint.java:1459) [tomcat-embed-core-8.5.23.jar:8.5.23]
	at org.apache.tomcat.util.net.SocketProcessorBase.run(SocketProcessorBase.java:49) [tomcat-embed-core-8.5.23.jar:8.5.23]
	at java.util.concurrent.ThreadPoolExecutor.runWorker(ThreadPoolExecutor.java:1149) [?:1.8.0_152]
	at java.util.concurrent.ThreadPoolExecutor$Worker.run(ThreadPoolExecutor.java:624) [?:1.8.0_152]
	at org.apache.tomcat.util.threads.TaskThread$WrappingRunnable.run(TaskThread.java:61) [tomcat-embed-core-8.5.23.jar:8.5.23]
	at java.lang.Thread.run(Thread.java:748) [?:1.8.0_152]
.util.Map<java.lang.String, java.lang.String>)
2018/01/22 18:07:19,071 INFO   main                  org.springframework.boot.actuate.endpoint.mvc.EndpointHandlerMapping.register(AbstractHandlerMethodMapping.java:543) - Mapped "{[/env/reset],methods=[POST]}" onto public java.util.Map<java.lang.String, java.lang.Object> org.springframework.cloud.context.environment.EnvironmentManagerMvcEndpoint.reset()
2018/01/22 18:07:19,072 INFO   main                  org.springframework.boot.actuate.endpoint.mvc.EndpointHandlerMapping.register(AbstractHandlerMethodMapping.java:543) - Mapped "{[/env/{name:.*}],methods=[GET],produces=[application/vnd.spring-boot.actuator.v1+json || application/json]}" onto public java.lang.Object org.springframework.boot.actuate.endpoint.mvc.EnvironmentMvcEndpoint.value(java.lang.String)
2018/01/22 18:07:19,073 INFO   main                  org.springframework.boot.actuate.endpoint.mvc.EndpointHandlerMapping.register(AbstractHandlerMethodMapping.java:543) - Mapped "{[/env || /env.json],methods=[GET],produces=[application/vnd.spring-boot.actuator.v1+json || application/json]}" onto public java.lang.Object org.springframework.boot.actuate.endpoint.mvc.EndpointMvcAdapter.invoke()
2018/01/22 18:07:19,077 INFO   main                  org.springframework.boot.actuate.endpoint.mvc.EndpointHandlerMapping.register(AbstractHandlerMethodMapping.java:543) - Mapped "{[/mappings || /mappings.json],methods=[GET],produces=[application/vnd.spring-boot.actuator.v1+json || application/json]}" onto public java.lang.Object org.springframework.boot.actuate.endpoint.mvc.EndpointMvcAdapter.invoke()
2018/01/22 18:07:19,078 INFO   main                  org.springframework.boot.actuate.endpoint.mvc.EndpointHandlerMapping.register(AbstractHandlerMethodMapping.java:543) - Mapped "{[/trace || /trace.json],methods=[GET],produces=[application/vnd.spring-boot.actuator.v1+json || application/json]}" onto public java.lang.Object org.springframework.boot.actuate.endpoint.mvc.EndpointMvcAdapter.invoke()
2018/01/22 18:07:19,081 INFO   main                  org.springframework.boot.actuate.endpoint.mvc.EndpointHandlerMapping.register(AbstractHandlerMethodMapping.java:543) - Mapped "{[/auditevents || /auditevents.json],methods=[GET],produces=[application/vnd.spring-boot.actuator.v1+json || application/json]}" onto public org.springframework.http.ResponseEntity<?> org.springframework.boot.actuate.endpoint.mvc.AuditEventsMvcEndpoint.findByPrincipalAndAfterAndType(java.lang.String,java.util.Date,java.lang.String)
2018/01/22 18:07:19,082 INFO   main                  org.springframework.boot.actuate.endpoint.mvc.EndpointHandlerMapping.register(AbstractHandlerMethodMapping.java:543) - Mapped "{[/autoconfig || /autoconfig.json],methods=[GET],produces=[application/vnd.spring-boot.actuator.v1+json || application/json]}" onto public java.lang.Object org.springframework.boot.actuate.endpoint.mvc.EndpointMvcAdapter.invoke()
2018/01/22 18:07:19,084 INFO   main                  org.springframework.boot.actuate.endpoint.mvc.EndpointHandlerMapping.register(AbstractHandlerMethodMapping.java:543) - Mapped "{[/refresh || /refresh.json],methods=[POST]}" onto public java.lang.Object org.springframework.cloud.endpoint.GenericPostableMvcEndpoint.invoke()
2018/01/22 18:07:19,085 INFO   main                  org.springframework.boot.actuate.endpoint.mvc.EndpointHandlerMapping.register(AbstractHandlerMethodMapping.java:543) - Mapped "{[/health || /health.json],methods=[GET],produces=[application/vnd.spring-boot.actuator.v1+json || application/json]}" onto public java.lang.Object org.springframework.boot.actuate.endpoint.mvc.HealthMvcEndpoint.invoke(javax.servlet.http.HttpServletRequest,java.security.Principal)
2018/01/22 18:07:19,087 INFO   main                  org.springframework.boot.actuate.endpoint.mvc.EndpointHandlerMapping.register(AbstractHandlerMethodMapping.java:543) - Mapped "{[/configprops || /configprops.json],methods=[GET],produces=[application/vnd.spring-boot.actuator.v1+json || application/json]}" onto public java.lang.Object org.springframework.boot.actuate.endpoint.mvc.EndpointMvcAdapter.invoke()
2018/01/22 18:07:19,088 INFO   main                  org.springframework.boot.actuate.endpoint.mvc.EndpointHandlerMapping.register(AbstractHandlerMethodMapping.java:543) - Mapped "{[/beans || /beans.json],methods=[GET],produces=[application/vnd.spring-boot.actuator.v1+json || application/json]}" onto public java.lang.Object org.springframework.boot.actuate.endpoint.mvc.EndpointMvcAdapter.invoke()
2018/01/22 18:07:19,090 INFO   main                  org.springframework.boot.actuate.endpoint.mvc.EndpointHandlerMapping.register(AbstractHandlerMethodMapping.java:543) - Mapped "{[/info || /info.json],methods=[GET],produces=[application/vnd.spring-boot.actuator.v1+json || application/json]}" onto public java.lang.Object org.springframework.boot.actuate.endpoint.mvc.EndpointMvcAdapter.invoke()
2018/01/22 18:07:19,094 INFO   main                  org.springframework.boot.actuate.endpoint.mvc.EndpointHandlerMapping.register(AbstractHandlerMethodMapping.java:543) - Mapped "{[/loggers/{name:.*}],methods=[GET],produces=[application/vnd.spring-boot.actuator.v1+json || application/json]}" onto public java.lang.Object org.springframework.boot.actuate.endpoint.mvc.LoggersMvcEndpoint.get(java.lang.String)
2018/01/22 18:07:19,095 INFO   main                  org.springframework.boot.actuate.endpoint.mvc.EndpointHandlerMapping.register(AbstractHandlerMethodMapping.java:543) - Mapped "{[/loggers/{name:.*}],methods=[POST],consumes=[application/vnd.spring-boot.actuator.v1+json || application/json],produces=[application/vnd.spring-boot.actuator.v1+json || application/json]}" onto public java.lang.Object org.springframework.boot.actuate.endpoint.mvc.LoggersMvcEndpoint.set(java.lang.String,java.util.Map<java.lang.String, java.lang.String>)
2018/01/22 18:07:19,095 INFO   main                  org.springframework.boot.actuate.endpoint.mvc.EndpointHandlerMapping.register(AbstractHandlerMethodMapping.java:543) - Mapped "{[/loggers || /loggers.json],methods=[GET],produces=[application/vnd.spring-boot.actuator.v1+json || application/json]}" onto public java.lang.Object org.springframework.boot.actuate.endpoint.mvc.EndpointMvcAdapter.invoke()
2018/01/22 18:07:19,097 INFO   main                  org.springframework.boot.actuate.endpoint.mvc.EndpointHandlerMapping.register(AbstractHandlerMethodMapping.java:543) - Mapped "{[/features || /features.json],methods=[GET],produces=[application/vnd.spring-boot.actuator.v1+json || application/json]}" onto public java.lang.Object org.springframework.boot.actuate.endpoint.mvc.EndpointMvcAdapter.invoke()
2018/01/22 18:07:19,098 INFO   main                  org.springframework.boot.actuate.endpoint.mvc.EndpointHandlerMapping.register(AbstractHandlerMethodMapping.java:543) - Mapped "{[/service-registry/instance-status],methods=[GET]}" onto public org.springframework.http.ResponseEntity org.springframework.cloud.client.serviceregistry.endpoint.ServiceRegistryEndpoint.getStatus()
2018/01/22 18:07:19,099 INFO   main                  org.springframework.boot.actuate.endpoint.mvc.EndpointHandlerMapping.register(AbstractHandlerMethodMapping.java:543) - Mapped "{[/service-registry/instance-status],methods=[POST]}" onto public org.springframework.http.ResponseEntity<?> org.springframework.cloud.client.serviceregistry.endpoint.ServiceRegistryEndpoint.setStatus(java.lang.String)
2018/01/22 18:07:19,251 INFO   main                  org.springframework.ui.freemarker.SpringTemplateLoader.<init>(SpringTemplateLoader.java:61) - SpringTemplateLoader for FreeMarker: using resource loader [org.springframework.boot.context.embedded.AnnotationConfigEmbeddedWebApplicationContext@7ea08277: startup date [Mon Jan 22 18:07:07 CST 2018]; parent: org.springframework.context.annotation.AnnotationConfigApplicationContext@3dddefd8] and template loader path [classpath:/templates/]
2018/01/22 18:07:19,252 INFO   main                  org.springframework.web.servlet.view.freemarker.FreeMarkerConfigurer.postProcessTemplateLoaders(FreeMarkerConfigurer.java:127) - ClassTemplateLoader for Spring macros added to FreeMarker configuration
2018/01/22 18:07:19,622 INFO   main                  org.springframework.cloud.netflix.eureka.InstanceInfoFactory.create(InstanceInfoFactory.java:71) - Setting initial instance status as: STARTING
2018/01/22 18:07:19,895 WARN   main                  org.springframework.cloud.starter.eureka.server.EurekaServerStarterDeprecationWarningAutoConfiguration.logWarning(EurekaServerStarterDeprecationWarningAutoConfiguration.java:19) - spring-cloud-starter-eureka-server is deprecated as of Spring Cloud Netflix 1.4.0, please migrate to spring-cloud-starter-netflix-eureka-server
2018/01/22 18:07:20,179 INFO   main                  org.springframework.jmx.export.annotation.AnnotationMBeanExporter.afterSingletonsInstantiated(MBeanExporter.java:431) - Registering beans for JMX exposure on startup
2018/01/22 18:07:20,193 INFO   main                  org.springframework.jmx.export.annotation.AnnotationMBeanExporter.autodetect(MBeanExporter.java:916) - Bean with name 'environmentManager' has been autodetected for JMX exposure
2018/01/22 18:07:20,197 INFO   main                  org.springframework.jmx.export.annotation.AnnotationMBeanExporter.autodetect(MBeanExporter.java:916) - Bean with name 'configurationPropertiesRebinder' has been autodetected for JMX exposure
2018/01/22 18:07:20,200 INFO   main                  org.springframework.jmx.export.annotation.AnnotationMBeanExporter.autodetect(MBeanExporter.java:916) - Bean with name 'refreshEndpoint' has been autodetected for JMX exposure
2018/01/22 18:07:20,202 INFO   main                  org.springframework.jmx.export.annotation.AnnotationMBeanExporter.autodetect(MBeanExporter.java:916) - Bean with name 'serviceRegistryEndpoint' has been autodetected for JMX exposure
2018/01/22 18:07:20,203 INFO   main                  org.springframework.jmx.export.annotation.AnnotationMBeanExporter.autodetect(MBeanExporter.java:916) - Bean with name 'refreshScope' has been autodetected for JMX exposure
2018/01/22 18:07:20,207 INFO   main                  org.springframework.jmx.export.annotation.AnnotationMBeanExporter.registerBeanInstance(MBeanExporter.java:678) - Located managed bean 'environmentManager': registering with JMX server as MBean [org.springframework.cloud.context.environment:name=environmentManager,type=EnvironmentManager]
2018/01/22 18:07:20,276 INFO   main                  org.springframework.jmx.export.annotation.AnnotationMBeanExporter.registerBeanInstance(MBeanExporter.java:678) - Located managed bean 'serviceRegistryEndpoint': registering with JMX server as MBean [org.springframework.cloud.client.serviceregistry.endpoint:name=serviceRegistryEndpoint,type=ServiceRegistryEndpoint]
2018/01/22 18:07:20,289 INFO   main                  org.springframework.jmx.export.annotation.AnnotationMBeanExporter.registerBeanInstance(MBeanExporter.java:678) - Located managed bean 'refreshScope': registering with JMX server as MBean [org.springframework.cloud.context.scope.refresh:name=refreshScope,type=RefreshScope]
2018/01/22 18:07:20,323 INFO   main                  org.springframework.jmx.export.annotation.AnnotationMBeanExporter.registerBeanInstance(MBeanExporter.java:678) - Located managed bean 'configurationPropertiesRebinder': registering with JMX server as MBean [org.springframework.cloud.context.properties:name=configurationPropertiesRebinder,context=7ea08277,type=ConfigurationPropertiesRebinder]
2018/01/22 18:07:20,336 INFO   main                  org.springframework.jmx.export.annotation.AnnotationMBeanExporter.registerBeanInstance(MBeanExporter.java:678) - Located managed bean 'refreshEndpoint': registering with JMX server as MBean [org.springframework.cloud.endpoint:name=refreshEndpoint,type=RefreshEndpoint]
2018/01/22 18:07:20,341 INFO   main                  org.springframework.boot.actuate.endpoint.jmx.EndpointMBeanExporter.afterSingletonsInstantiated(MBeanExporter.java:431) - Registering beans for JMX exposure on startup
2018/01/22 18:07:20,368 INFO   main                  org.springframework.context.support.DefaultLifecycleProcessor.start(DefaultLifecycleProcessor.java:343) - Starting beans in phase 0
2018/01/22 18:07:20,369 INFO   main                  org.springframework.cloud.netflix.eureka.serviceregistry.EurekaServiceRegistry.register(EurekaServiceRegistry.java:40) - Registering application unknown with eureka with status UP
2018/01/22 18:07:20,374 INFO   main                  org.springframework.boot.actuate.endpoint.jmx.EndpointMBeanExporter.registerBeanInstance(MBeanExporter.java:678) - Located managed bean 'auditEventsEndpoint': registering with JMX server as MBean [org.springframework.boot:type=Endpoint,name=auditEventsEndpoint]
2018/01/22 18:07:20,384 INFO   main                  org.springframework.boot.actuate.endpoint.jmx.EndpointMBeanExporter.registerBeanInstance(MBeanExporter.java:678) - Located managed bean 'archaiusEndpoint': registering with JMX server as MBean [org.springframework.boot:type=Endpoint,name=archaiusEndpoint]
2018/01/22 18:07:20,404 INFO   main                  org.springframework.boot.actuate.endpoint.jmx.EndpointMBeanExporter.registerBeanInstance(MBeanExporter.java:678) - Located managed bean 'featuresEndpoint': registering with JMX server as MBean [org.springframework.boot:type=Endpoint,name=featuresEndpoint]
2018/01/22 18:07:20,412 INFO   main                  org.springframework.boot.actuate.endpoint.jmx.EndpointMBeanExporter.registerBeanInstance(MBeanExporter.java:678) - Located managed bean 'requestMappingEndpoint': registering with JMX server as MBean [org.springframework.boot:type=Endpoint,name=requestMappingEndpoint]
2018/01/22 18:07:20,417 INFO   main                  org.springframework.boot.actuate.endpoint.jmx.EndpointMBeanExporter.registerBeanInstance(MBeanExporter.java:678) - Located managed bean 'environmentEndpoint': registering with JMX server as MBean [org.springframework.boot:type=Endpoint,name=environmentEndpoint]
2018/01/22 18:07:20,425 INFO   main                  org.springframework.boot.actuate.endpoint.jmx.EndpointMBeanExporter.registerBeanInstance(MBeanExporter.java:678) - Located managed bean 'healthEndpoint': registering with JMX server as MBean [org.springframework.boot:type=Endpoint,name=healthEndpoint]
2018/01/22 18:07:20,429 INFO   main                  org.springframework.boot.actuate.endpoint.jmx.EndpointMBeanExporter.registerBeanInstance(MBeanExporter.java:678) - Located managed bean 'beansEndpoint': registering with JMX server as MBean [org.springframework.boot:type=Endpoint,name=beansEndpoint]
2018/01/22 18:07:20,432 INFO   main                  org.springframework.boot.actuate.endpoint.jmx.EndpointMBeanExporter.registerBeanInstance(MBeanExporter.java:678) - Located managed bean 'infoEndpoint': registering with JMX server as MBean [org.springframework.boot:type=Endpoint,name=infoEndpoint]
2018/01/22 18:07:20,438 INFO   main                  org.springframework.boot.actuate.endpoint.jmx.EndpointMBeanExporter.registerBeanInstance(MBeanExporter.java:678) - Located managed bean 'loggersEndpoint': registering with JMX server as MBean [org.springframework.boot:type=Endpoint,name=loggersEndpoint]
2018/01/22 18:07:20,449 INFO   main                  org.springframework.boot.actuate.endpoint.jmx.EndpointMBeanExporter.registerBeanInstance(MBeanExporter.java:678) - Located managed bean 'metricsEndpoint': registering with JMX server as MBean [org.springframework.boot:type=Endpoint,name=metricsEndpoint]
2018/01/22 18:07:20,454 INFO   main                  org.springframework.boot.actuate.endpoint.jmx.EndpointMBeanExporter.registerBeanInstance(MBeanExporter.java:678) - Located managed bean 'traceEndpoint': registering with JMX server as MBean [org.springframework.boot:type=Endpoint,name=traceEndpoint]
2018/01/22 18:07:20,459 INFO   main                  org.springframework.boot.actuate.endpoint.jmx.EndpointMBeanExporter.registerBeanInstance(MBeanExporter.java:678) - Located managed bean 'dumpEndpoint': registering with JMX server as MBean [org.springframework.boot:type=Endpoint,name=dumpEndpoint]
2018/01/22 18:07:20,464 INFO   main                  org.springframework.boot.actuate.endpoint.jmx.EndpointMBeanExporter.registerBeanInstance(MBeanExporter.java:678) - Located managed bean 'autoConfigurationReportEndpoint': registering with JMX server as MBean [org.springframework.boot:type=Endpoint,name=autoConfigurationReportEndpoint]
2018/01/22 18:07:20,466 INFO   main                  org.springframework.boot.actuate.endpoint.jmx.EndpointMBeanExporter.registerBeanInstance(MBeanExporter.java:678) - Located managed bean 'configurationPropertiesReportEndpoint': registering with JMX server as MBean [org.springframework.boot:type=Endpoint,name=configurationPropertiesReportEndpoint]
2018/01/22 18:07:20,471 INFO   Thread-11             org.springframework.cloud.netflix.eureka.server.EurekaServerBootstrap.initEurekaEnvironment(EurekaServerBootstrap.java:109) - Setting the eureka configuration..
2018/01/22 18:07:20,471 INFO   Thread-11             org.springframework.cloud.netflix.eureka.server.EurekaServerBootstrap.initEurekaEnvironment(EurekaServerBootstrap.java:114) - Eureka data center value eureka.datacenter is not set, defaulting to default
2018/01/22 18:07:20,473 INFO   Thread-11             org.springframework.cloud.netflix.eureka.server.EurekaServerBootstrap.initEurekaEnvironment(EurekaServerBootstrap.java:128) - Eureka environment value eureka.environment is not set, defaulting to test
2018/01/22 18:07:20,514 INFO   Thread-11             org.springframework.cloud.netflix.eureka.server.EurekaServerBootstrap.isAws(EurekaServerBootstrap.java:184) - isAws returned false
2018/01/22 18:07:20,515 INFO   Thread-11             org.springframework.cloud.netflix.eureka.server.EurekaServerBootstrap.initEurekaServerContext(EurekaServerBootstrap.java:152) - Initialized server context
2018/01/22 18:07:20,525 INFO   Thread-11             org.springframework.cloud.netflix.eureka.server.EurekaServerInitializerConfiguration.run(EurekaServerInitializerConfiguration.java:72) - Started Eureka Server
2018/01/22 18:07:20,532 INFO   main                  org.apache.coyote.http11.Http11NioProtocol.log(DirectJDKLog.java:179) - Initializing ProtocolHandler ["http-nio-1111"]
2018/01/22 18:07:20,551 INFO   main                  org.apache.coyote.http11.Http11NioProtocol.log(DirectJDKLog.java:179) - Starting ProtocolHandler ["http-nio-1111"]
2018/01/22 18:07:20,574 INFO   main                  org.apache.tomcat.util.net.NioSelectorPool.log(DirectJDKLog.java:179) - Using a shared selector for servlet write/read
2018/01/22 18:07:20,609 INFO   main                  org.springframework.boot.context.embedded.tomcat.TomcatEmbeddedServletContainer.start(TomcatEmbeddedServletContainer.java:201) - Tomcat started on port(s): 1111 (http)
2018/01/22 18:07:20,610 INFO   main                  org.springframework.cloud.netflix.eureka.serviceregistry.EurekaAutoServiceRegistration.onApplicationEvent(EurekaAutoServiceRegistration.java:124) - Updating port to 1111
2018/01/22 18:07:20,620 INFO   main                  com.gxd.GxdEurekaServerApplication.logStarted(StartupInfoLogger.java:57) - Started GxdEurekaServerApplication in 20.494 seconds (JVM running for 22.732)
2018/01/22 18:16:00,301 INFO   main                  com.gxd.GxdEurekaServerApplication.logStartupProfileInfo(SpringApplication.java:593) - No active profile set, falling back to default profiles: default
2018/01/22 18:16:00,320 INFO   main                  org.springframework.boot.context.embedded.AnnotationConfigEmbeddedWebApplicationContext.prepareRefresh(AbstractApplicationContext.java:583) - Refreshing org.springframework.boot.context.embedded.AnnotationConfigEmbeddedWebApplicationContext@442f92e6: startup date [Mon Jan 22 18:16:00 CST 2018]; parent: org.springframework.context.annotation.AnnotationConfigApplicationContext@3dddefd8
2018/01/22 18:16:02,018 INFO   main                  org.springframework.cloud.context.scope.GenericScope.setSerializationId(GenericScope.java:287) - BeanFactory id=bb346f75-5105-39cb-af1b-951333b209ae
2018/01/22 18:16:02,042 INFO   main                  org.springframework.beans.factory.annotation.AutowiredAnnotationBeanPostProcessor.<init>(AutowiredAnnotationBeanPostProcessor.java:155) - JSR-330 'javax.inject.Inject' annotation found and supported for autowiring
2018/01/22 18:16:02,235 INFO   main                  org.springframework.context.support.PostProcessorRegistrationDelegate$BeanPostProcessorChecker.postProcessAfterInitialization(PostProcessorRegistrationDelegate.java:327) - Bean 'org.springframework.cloud.netflix.metrics.MetricsInterceptorConfiguration$MetricsRestTemplateConfiguration' of type [org.springframework.cloud.netflix.metrics.MetricsInterceptorConfiguration$MetricsRestTemplateConfiguration$$EnhancerBySpringCGLIB$$8f7f77bd] is not eligible for getting processed by all BeanPostProcessors (for example: not eligible for auto-proxying)
2018/01/22 18:16:02,343 INFO   main                  org.springframework.context.support.PostProcessorRegistrationDelegate$BeanPostProcessorChecker.postProcessAfterInitialization(PostProcessorRegistrationDelegate.java:327) - Bean 'org.springframework.cloud.autoconfigure.ConfigurationPropertiesRebinderAutoConfiguration' of type [org.springframework.cloud.autoconfigure.ConfigurationPropertiesRebinderAutoConfiguration$$EnhancerBySpringCGLIB$$796cd479] is not eligible for getting processed by all BeanPostProcessors (for example: not eligible for auto-proxying)
2018/01/22 18:16:03,146 INFO   main                  org.springframework.boot.context.embedded.tomcat.TomcatEmbeddedServletContainer.initialize(TomcatEmbeddedServletContainer.java:89) - Tomcat initialized with port(s): 1111 (http)
2018/01/22 18:16:03,164 INFO   main                  org.apache.catalina.core.StandardService.log(DirectJDKLog.java:179) - Starting service [Tomcat]
2018/01/22 18:16:03,166 INFO   main                  org.apache.catalina.core.StandardEngine.log(DirectJDKLog.java:179) - Starting Servlet Engine: Apache Tomcat/8.5.23
2018/01/22 18:16:03,384 INFO   localhost-startStop-1 org.apache.catalina.core.ContainerBase.[Tomcat].[localhost].[/].log(DirectJDKLog.java:179) - Initializing Spring embedded WebApplicationContext
2018/01/22 18:16:03,384 INFO   localhost-startStop-1 org.springframework.web.context.ContextLoader.prepareEmbeddedWebApplicationContext(EmbeddedWebApplicationContext.java:276) - Root WebApplicationContext: initialization completed in 3064 ms
2018/01/22 18:16:04,262 INFO   localhost-startStop-1 org.springframework.boot.web.servlet.FilterRegistrationBean.configure(AbstractFilterRegistrationBean.java:258) - Mapping filter: 'metricsFilter' to: [/*]
2018/01/22 18:16:04,263 INFO   localhost-startStop-1 org.springframework.boot.web.servlet.FilterRegistrationBean.configure(AbstractFilterRegistrationBean.java:258) - Mapping filter: 'characterEncodingFilter' to: [/*]
2018/01/22 18:16:04,263 INFO   localhost-startStop-1 org.springframework.boot.web.servlet.FilterRegistrationBean.configure(AbstractFilterRegistrationBean.java:258) - Mapping filter: 'hiddenHttpMethodFilter' to: [/*]
2018/01/22 18:16:04,264 INFO   localhost-startStop-1 org.springframework.boot.web.servlet.FilterRegistrationBean.configure(AbstractFilterRegistrationBean.java:258) - Mapping filter: 'httpPutFormContentFilter' to: [/*]
2018/01/22 18:16:04,264 INFO   localhost-startStop-1 org.springframework.boot.web.servlet.FilterRegistrationBean.configure(AbstractFilterRegistrationBean.java:258) - Mapping filter: 'requestContextFilter' to: [/*]
2018/01/22 18:16:04,264 INFO   localhost-startStop-1 org.springframework.boot.web.servlet.FilterRegistrationBean.configure(AbstractFilterRegistrationBean.java:258) - Mapping filter: 'webRequestTraceFilter' to: [/*]
2018/01/22 18:16:04,265 INFO   localhost-startStop-1 org.springframework.boot.web.servlet.FilterRegistrationBean.configure(AbstractFilterRegistrationBean.java:271) - Mapping filter: 'servletContainer' to urls: [/eureka/*]
2018/01/22 18:16:04,265 INFO   localhost-startStop-1 org.springframework.boot.web.servlet.FilterRegistrationBean.configure(AbstractFilterRegistrationBean.java:258) - Mapping filter: 'applicationContextIdFilter' to: [/*]
2018/01/22 18:16:04,265 INFO   localhost-startStop-1 org.springframework.boot.web.servlet.ServletRegistrationBean.onStartup(ServletRegistrationBean.java:190) - Mapping servlet: 'dispatcherServlet' to [/]
2018/01/22 18:16:04,374 INFO   localhost-startStop-1 com.sun.jersey.server.impl.application.WebApplicationImpl._initiate(WebApplicationImpl.java:815) - Initiating Jersey application, version 'Jersey: 1.19.1 03/11/2016 02:08 PM'
2018/01/22 18:16:05,655 WARN   main                  org.springframework.cloud.netflix.archaius.ArchaiusAutoConfiguration.configureArchaius(ArchaiusAutoConfiguration.java:148) - No spring.application.name found, defaulting to 'application'
2018/01/22 18:16:06,089 INFO   main                  org.springframework.web.servlet.mvc.method.annotation.RequestMappingHandlerAdapter.initControllerAdviceCache(RequestMappingHandlerAdapter.java:534) - Looking for @ControllerAdvice: org.springframework.boot.context.embedded.AnnotationConfigEmbeddedWebApplicationContext@442f92e6: startup date [Mon Jan 22 18:16:00 CST 2018]; parent: org.springframework.context.annotation.AnnotationConfigApplicationContext@3dddefd8
2018/01/22 18:16:06,239 INFO   main                  org.springframework.web.servlet.mvc.method.annotation.RequestMappingHandlerMapping.register(AbstractHandlerMethodMapping.java:543) - Mapped "{[/error]}" onto public org.springframework.http.ResponseEntity<java.util.Map<java.lang.String, java.lang.Object>> org.springframework.boot.autoconfigure.web.BasicErrorController.error(javax.servlet.http.HttpServletRequest)
2018/01/22 18:16:06,241 INFO   main                  org.springframework.web.servlet.mvc.method.annotation.RequestMappingHandlerMapping.register(AbstractHandlerMethodMapping.java:543) - Mapped "{[/error],produces=[text/html]}" onto public org.springframework.web.servlet.ModelAndView org.springframework.boot.autoconfigure.web.BasicErrorController.errorHtml(javax.servlet.http.HttpServletRequest,javax.servlet.http.HttpServletResponse)
2018/01/22 18:16:06,247 INFO   main                  org.springframework.web.servlet.mvc.method.annotation.RequestMappingHandlerMapping.register(AbstractHandlerMethodMapping.java:543) - Mapped "{[/],methods=[GET]}" onto public java.lang.String org.springframework.cloud.netflix.eureka.server.EurekaController.status(javax.servlet.http.HttpServletRequest,java.util.Map<java.lang.String, java.lang.Object>)
2018/01/22 18:16:06,248 INFO   main                  org.springframework.web.servlet.mvc.method.annotation.RequestMappingHandlerMapping.register(AbstractHandlerMethodMapping.java:543) - Mapped "{[/lastn],methods=[GET]}" onto public java.lang.String org.springframework.cloud.netflix.eureka.server.EurekaController.lastn(javax.servlet.http.HttpServletRequest,java.util.Map<java.lang.String, java.lang.Object>)
2018/01/22 18:16:06,309 INFO   main                  org.springframework.web.servlet.handler.SimpleUrlHandlerMapping.registerHandler(AbstractUrlHandlerMapping.java:362) - Mapped URL path [/webjars/**] onto handler of type [class org.springframework.web.servlet.resource.ResourceHttpRequestHandler]
2018/01/22 18:16:06,309 INFO   main                  org.springframework.web.servlet.handler.SimpleUrlHandlerMapping.registerHandler(AbstractUrlHandlerMapping.java:362) - Mapped URL path [/**] onto handler of type [class org.springframework.web.servlet.resource.ResourceHttpRequestHandler]
2018/01/22 18:16:06,389 INFO   main                  org.springframework.web.servlet.handler.SimpleUrlHandlerMapping.registerHandler(AbstractUrlHandlerMapping.java:362) - Mapped URL path [/**/favicon.ico] onto handler of type [class org.springframework.web.servlet.resource.ResourceHttpRequestHandler]
2018/01/22 18:16:08,145 INFO   main                  org.springframework.cloud.commons.util.InetUtils.convertAddress(InetUtils.java:171) - Cannot determine local hostname
2018/01/22 18:16:09,917 INFO   main                  org.springframework.cloud.commons.util.InetUtils.convertAddress(InetUtils.java:171) - Cannot determine local hostname
2018/01/22 18:16:10,599 INFO   main                  org.springframework.boot.actuate.endpoint.mvc.EndpointHandlerMapping.register(AbstractHandlerMethodMapping.java:543) - Mapped "{[/info || /info.json],methods=[GET],produces=[application/vnd.spring-boot.actuator.v1+json || application/json]}" onto public java.lang.Object org.springframework.boot.actuate.endpoint.mvc.EndpointMvcAdapter.invoke()
2018/01/22 18:16:10,601 INFO   main                  org.springframework.boot.actuate.endpoint.mvc.EndpointHandlerMapping.register(AbstractHandlerMethodMapping.java:543) - Mapped "{[/metrics/{name:.*}],methods=[GET],produces=[application/vnd.spring-boot.actuator.v1+json || application/json]}" onto public java.lang.Object org.springframework.boot.actuate.endpoint.mvc.MetricsMvcEndpoint.value(java.lang.String)
2018/01/22 18:16:10,601 INFO   main                  org.springframework.boot.actuate.endpoint.mvc.EndpointHandlerMapping.register(AbstractHandlerMethodMapping.java:543) - Mapped "{[/metrics || /metrics.json],methods=[GET],produces=[application/vnd.spring-boot.actuator.v1+json || application/json]}" onto public java.lang.Object org.springframework.boot.actuate.endpoint.mvc.EndpointMvcAdapter.invoke()
2018/01/22 18:16:10,602 INFO   main                  org.springframework.boot.actuate.endpoint.mvc.EndpointHandlerMapping.register(AbstractHandlerMethodMapping.java:543) - Mapped "{[/auditevents || /auditevents.json],methods=[GET],produces=[application/vnd.spring-boot.actuator.v1+json || application/json]}" onto public org.springframework.http.ResponseEntity<?> org.springframework.boot.actuate.endpoint.mvc.AuditEventsMvcEndpoint.findByPrincipalAndAfterAndType(java.lang.String,java.util.Date,java.lang.String)
2018/01/22 18:16:10,604 INFO   main                  org.springframework.boot.actuate.endpoint.mvc.EndpointHandlerMapping.register(AbstractHandlerMethodMapping.java:543) - Mapped "{[/beans || /beans.json],methods=[GET],produces=[application/vnd.spring-boot.actuator.v1+json || application/json]}" onto public java.lang.Object org.springframework.boot.actuate.endpoint.mvc.EndpointMvcAdapter.invoke()
2018/01/22 18:16:10,605 INFO   main                  org.springframework.boot.actuate.endpoint.mvc.EndpointHandlerMapping.register(AbstractHandlerMethodMapping.java:543) - Mapped "{[/configprops || /configprops.json],methods=[GET],produces=[application/vnd.spring-boot.actuator.v1+json || application/json]}" onto public java.lang.Object org.springframework.boot.actuate.endpoint.mvc.EndpointMvcAdapter.invoke()
2018/01/22 18:16:10,608 INFO   main                  org.springframework.boot.actuate.endpoint.mvc.EndpointHandlerMapping.register(AbstractHandlerMethodMapping.java:543) - Mapped "{[/trace || /trace.json],methods=[GET],produces=[application/vnd.spring-boot.actuator.v1+json || application/json]}" onto public java.lang.Object org.springframework.boot.actuate.endpoint.mvc.EndpointMvcAdapter.invoke()
2018/01/22 18:16:10,610 INFO   main                  org.springframework.boot.actuate.endpoint.mvc.EndpointHandlerMapping.register(AbstractHandlerMethodMapping.java:543) - Mapped "{[/env/{name:.*}],methods=[GET],produces=[application/vnd.spring-boot.actuator.v1+json || application/json]}" onto public java.lang.Object org.springframework.boot.actuate.endpoint.mvc.EnvironmentMvcEndpoint.value(java.lang.String)
2018/01/22 18:16:10,610 INFO   main                  org.springframework.boot.actuate.endpoint.mvc.EndpointHandlerMapping.register(AbstractHandlerMethodMapping.java:543) - Mapped "{[/env || /env.json],methods=[GET],produces=[application/vnd.spring-boot.actuator.v1+json || application/json]}" onto public java.lang.Object org.springframework.boot.actuate.endpoint.mvc.EndpointMvcAdapter.invoke()
2018/01/22 18:16:10,612 INFO   main                  org.springframework.boot.actuate.endpoint.mvc.EndpointHandlerMapping.register(AbstractHandlerMethodMapping.java:543) - Mapped "{[/autoconfig || /autoconfig.json],methods=[GET],produces=[application/vnd.spring-boot.actuator.v1+json || application/json]}" onto public java.lang.Object org.springframework.boot.actuate.endpoint.mvc.EndpointMvcAdapter.invoke()
2018/01/22 18:16:10,613 INFO   main                  org.springframework.boot.actuate.endpoint.mvc.EndpointHandlerMapping.register(AbstractHandlerMethodMapping.java:543) - Mapped "{[/env],methods=[POST]}" onto public java.lang.Object org.springframework.cloud.context.environment.EnvironmentManagerMvcEndpoint.value(java.util.Map<java.lang.String, java.lang.String>)
2018/01/22 18:16:10,613 INFO   main                  org.springframework.boot.actuate.endpoint.mvc.EndpointHandlerMapping.register(AbstractHandlerMethodMapping.java:543) - Mapped "{[/env/reset],methods=[POST]}" onto public java.util.Map<java.lang.String, java.lang.Object> org.springframework.cloud.context.environment.EnvironmentManagerMvcEndpoint.reset()
2018/01/22 18:16:10,615 INFO   main                  org.springframework.boot.actuate.endpoint.mvc.EndpointHandlerMapping.register(AbstractHandlerMethodMapping.java:543) - Mapped "{[/heapdump || /heapdump.json],methods=[GET],produces=[application/octet-stream]}" onto public void org.springframework.boot.actuate.endpoint.mvc.HeapdumpMvcEndpoint.invoke(boolean,javax.servlet.http.HttpServletRequest,javax.servlet.http.HttpServletResponse) throws java.io.IOException,javax.servlet.ServletException
2018/01/22 18:16:10,616 INFO   main                  org.springframework.boot.actuate.endpoint.mvc.EndpointHandlerMapping.register(AbstractHandlerMethodMapping.java:543) - Mapped "{[/health || /health.json],methods=[GET],produces=[application/vnd.spring-boot.actuator.v1+json || application/json]}" onto public java.lang.Object org.springframework.boot.actuate.endpoint.mvc.HealthMvcEndpoint.invoke(javax.servlet.http.HttpServletRequest,java.security.Principal)
2018/01/22 18:16:10,619 INFO   main                  org.springframework.boot.actuate.endpoint.mvc.EndpointHandlerMapping.register(AbstractHandlerMethodMapping.java:543) - Mapped "{[/loggers/{name:.*}],methods=[GET],produces=[application/vnd.spring-boot.actuator.v1+json || application/json]}" onto public java.lang.Object org.springframework.boot.actuate.endpoint.mvc.LoggersMvcEndpoint.get(java.lang.String)
2018/01/22 18:16:10,619 INFO   main                  org.springframework.boot.actuate.endpoint.mvc.EndpointHandlerMapping.register(AbstractHandlerMethodMapping.java:543) - Mapped "{[/loggers/{name:.*}],methods=[POST],consumes=[application/vnd.spring-boot.actuator.v1+json || application/json],produces=[application/vnd.spring-boot.actuator.v1+json || application/json]}" onto public java.lang.Object org.springframework.boot.actuate.endpoint.mvc.LoggersMvcEndpoint.set(java.lang.String,java.util.Map<java.lang.String, java.lang.String>)
2018/01/22 18:16:10,620 INFO   main                  org.springframework.boot.actuate.endpoint.mvc.EndpointHandlerMapping.register(AbstractHandlerMethodMapping.java:543) - Mapped "{[/loggers || /loggers.json],methods=[GET],produces=[application/vnd.spring-boot.actuator.v1+json || application/json]}" onto public java.lang.Object org.springframework.boot.actuate.endpoint.mvc.EndpointMvcAdapter.invoke()
2018/01/22 18:16:10,620 INFO   main                  org.springframework.boot.actuate.endpoint.mvc.EndpointHandlerMapping.register(AbstractHandlerMethodMapping.java:543) - Mapped "{[/refresh || /refresh.json],methods=[POST]}" onto public java.lang.Object org.springframework.cloud.endpoint.GenericPostableMvcEndpoint.invoke()
2018/01/22 18:16:10,621 INFO   main                  org.springframework.boot.actuate.endpoint.mvc.EndpointHandlerMapping.register(AbstractHandlerMethodMapping.java:543) - Mapped "{[/archaius || /archaius.json],methods=[GET],produces=[application/vnd.spring-boot.actuator.v1+json || application/json]}" onto public java.lang.Object org.springframework.boot.actuate.endpoint.mvc.EndpointMvcAdapter.invoke()
2018/01/22 18:16:10,622 INFO   main                  org.springframework.boot.actuate.endpoint.mvc.EndpointHandlerMapping.register(AbstractHandlerMethodMapping.java:543) - Mapped "{[/dump || /dump.json],methods=[GET],produces=[application/vnd.spring-boot.actuator.v1+json || application/json]}" onto public java.lang.Object org.springframework.boot.actuate.endpoint.mvc.EndpointMvcAdapter.invoke()
2018/01/22 18:16:10,623 INFO   main                  org.springframework.boot.actuate.endpoint.mvc.EndpointHandlerMapping.register(AbstractHandlerMethodMapping.java:543) - Mapped "{[/service-registry/instance-status],methods=[GET]}" onto public org.springframework.http.ResponseEntity org.springframework.cloud.client.serviceregistry.endpoint.ServiceRegistryEndpoint.getStatus()
2018/01/22 18:16:10,623 INFO   main                  org.springframework.boot.actuate.endpoint.mvc.EndpointHandlerMapping.register(AbstractHandlerMethodMapping.java:543) - Mapped "{[/service-registry/instance-status],methods=[POST]}" onto public org.springframework.http.ResponseEntity<?> org.springframework.cloud.client.serviceregistry.endpoint.ServiceRegistryEndpoint.setStatus(java.lang.String)
2018/01/22 18:16:10,624 INFO   main                  org.springframework.boot.actuate.endpoint.mvc.EndpointHandlerMapping.register(AbstractHandlerMethodMapping.java:543) - Mapped "{[/features || /features.json],methods=[GET],produces=[application/vnd.spring-boot.actuator.v1+json || application/json]}" onto public java.lang.Object org.springframework.boot.actuate.endpoint.mvc.EndpointMvcAdapter.invoke()
2018/01/22 18:16:10,625 INFO   main                  org.springframework.boot.actuate.endpoint.mvc.EndpointHandlerMapping.register(AbstractHandlerMethodMapping.java:543) - Mapped "{[/mappings || /mappings.json],methods=[GET],produces=[application/vnd.spring-boot.actuator.v1+json || application/json]}" onto public java.lang.Object org.springframework.boot.actuate.endpoint.mvc.EndpointMvcAdapter.invoke()
2018/01/22 18:16:10,775 INFO   main                  org.springframework.ui.freemarker.SpringTemplateLoader.<init>(SpringTemplateLoader.java:61) - SpringTemplateLoader for FreeMarker: using resource loader [org.springframework.boot.context.embedded.AnnotationConfigEmbeddedWebApplicationContext@442f92e6: startup date [Mon Jan 22 18:16:00 CST 2018]; parent: org.springframework.context.annotation.AnnotationConfigApplicationContext@3dddefd8] and template loader path [classpath:/templates/]
2018/01/22 18:16:10,776 INFO   main                  org.springframework.web.servlet.view.freemarker.FreeMarkerConfigurer.postProcessTemplateLoaders(FreeMarkerConfigurer.java:127) - ClassTemplateLoader for Spring macros added to FreeMarker configuration
2018/01/22 18:16:11,015 INFO   main                  org.springframework.cloud.netflix.eureka.InstanceInfoFactory.create(InstanceInfoFactory.java:71) - Setting initial instance status as: STARTING
2018/01/22 18:16:11,204 WARN   main                  org.springframework.cloud.starter.eureka.server.EurekaServerStarterDeprecationWarningAutoConfiguration.logWarning(EurekaServerStarterDeprecationWarningAutoConfiguration.java:19) - spring-cloud-starter-eureka-server is deprecated as of Spring Cloud Netflix 1.4.0, please migrate to spring-cloud-starter-netflix-eureka-server
2018/01/22 18:16:11,422 INFO   main                  org.springframework.jmx.export.annotation.AnnotationMBeanExporter.afterSingletonsInstantiated(MBeanExporter.java:431) - Registering beans for JMX exposure on startup
2018/01/22 18:16:11,434 INFO   main                  org.springframework.jmx.export.annotation.AnnotationMBeanExporter.autodetect(MBeanExporter.java:916) - Bean with name 'environmentManager' has been autodetected for JMX exposure
2018/01/22 18:16:11,437 INFO   main                  org.springframework.jmx.export.annotation.AnnotationMBeanExporter.autodetect(MBeanExporter.java:916) - Bean with name 'configurationPropertiesRebinder' has been autodetected for JMX exposure
2018/01/22 18:16:11,438 INFO   main                  org.springframework.jmx.export.annotation.AnnotationMBeanExporter.autodetect(MBeanExporter.java:916) - Bean with name 'refreshEndpoint' has been autodetected for JMX exposure
2018/01/22 18:16:11,440 INFO   main                  org.springframework.jmx.export.annotation.AnnotationMBeanExporter.autodetect(MBeanExporter.java:916) - Bean with name 'serviceRegistryEndpoint' has been autodetected for JMX exposure
2018/01/22 18:16:11,442 INFO   main                  org.springframework.jmx.export.annotation.AnnotationMBeanExporter.autodetect(MBeanExporter.java:916) - Bean with name 'refreshScope' has been autodetected for JMX exposure
2018/01/22 18:16:11,445 INFO   main                  org.springframework.jmx.export.annotation.AnnotationMBeanExporter.registerBeanInstance(MBeanExporter.java:678) - Located managed bean 'environmentManager': registering with JMX server as MBean [org.springframework.cloud.context.environment:name=environmentManager,type=EnvironmentManager]
2018/01/22 18:16:11,464 INFO   main                  org.springframework.jmx.export.annotation.AnnotationMBeanExporter.registerBeanInstance(MBeanExporter.java:678) - Located managed bean 'serviceRegistryEndpoint': registering with JMX server as MBean [org.springframework.cloud.client.serviceregistry.endpoint:name=serviceRegistryEndpoint,type=ServiceRegistryEndpoint]
2018/01/22 18:16:11,478 INFO   main                  org.springframework.jmx.export.annotation.AnnotationMBeanExporter.registerBeanInstance(MBeanExporter.java:678) - Located managed bean 'refreshScope': registering with JMX server as MBean [org.springframework.cloud.context.scope.refresh:name=refreshScope,type=RefreshScope]
2018/01/22 18:16:11,503 INFO   main                  org.springframework.jmx.export.annotation.AnnotationMBeanExporter.registerBeanInstance(MBeanExporter.java:678) - Located managed bean 'configurationPropertiesRebinder': registering with JMX server as MBean [org.springframework.cloud.context.properties:name=configurationPropertiesRebinder,context=442f92e6,type=ConfigurationPropertiesRebinder]
2018/01/22 18:16:11,512 INFO   main                  org.springframework.jmx.export.annotation.AnnotationMBeanExporter.registerBeanInstance(MBeanExporter.java:678) - Located managed bean 'refreshEndpoint': registering with JMX server as MBean [org.springframework.cloud.endpoint:name=refreshEndpoint,type=RefreshEndpoint]
2018/01/22 18:16:11,517 INFO   main                  org.springframework.boot.actuate.endpoint.jmx.EndpointMBeanExporter.afterSingletonsInstantiated(MBeanExporter.java:431) - Registering beans for JMX exposure on startup
2018/01/22 18:16:11,533 INFO   main                  org.springframework.context.support.DefaultLifecycleProcessor.start(DefaultLifecycleProcessor.java:343) - Starting beans in phase 0
2018/01/22 18:16:11,534 INFO   main                  org.springframework.cloud.netflix.eureka.serviceregistry.EurekaServiceRegistry.register(EurekaServiceRegistry.java:40) - Registering application unknown with eureka with status UP
2018/01/22 18:16:11,540 INFO   main                  org.springframework.boot.actuate.endpoint.jmx.EndpointMBeanExporter.registerBeanInstance(MBeanExporter.java:678) - Located managed bean 'auditEventsEndpoint': registering with JMX server as MBean [org.springframework.boot:type=Endpoint,name=auditEventsEndpoint]
2018/01/22 18:16:11,547 INFO   main                  org.springframework.boot.actuate.endpoint.jmx.EndpointMBeanExporter.registerBeanInstance(MBeanExporter.java:678) - Located managed bean 'archaiusEndpoint': registering with JMX server as MBean [org.springframework.boot:type=Endpoint,name=archaiusEndpoint]
2018/01/22 18:16:11,563 INFO   main                  org.springframework.boot.actuate.endpoint.jmx.EndpointMBeanExporter.registerBeanInstance(MBeanExporter.java:678) - Located managed bean 'featuresEndpoint': registering with JMX server as MBean [org.springframework.boot:type=Endpoint,name=featuresEndpoint]
2018/01/22 18:16:11,568 INFO   main                  org.springframework.boot.actuate.endpoint.jmx.EndpointMBeanExporter.registerBeanInstance(MBeanExporter.java:678) - Located managed bean 'requestMappingEndpoint': registering with JMX server as MBean [org.springframework.boot:type=Endpoint,name=requestMappingEndpoint]
2018/01/22 18:16:11,572 INFO   main                  org.springframework.boot.actuate.endpoint.jmx.EndpointMBeanExporter.registerBeanInstance(MBeanExporter.java:678) - Located managed bean 'environmentEndpoint': registering with JMX server as MBean [org.springframework.boot:type=Endpoint,name=environmentEndpoint]
2018/01/22 18:16:11,576 INFO   main                  org.springframework.boot.actuate.endpoint.jmx.EndpointMBeanExporter.registerBeanInstance(MBeanExporter.java:678) - Located managed bean 'healthEndpoint': registering with JMX server as MBean [org.springframework.boot:type=Endpoint,name=healthEndpoint]
2018/01/22 18:16:11,579 INFO   main                  org.springframework.boot.actuate.endpoint.jmx.EndpointMBeanExporter.registerBeanInstance(MBeanExporter.java:678) - Located managed bean 'beansEndpoint': registering with JMX server as MBean [org.springframework.boot:type=Endpoint,name=beansEndpoint]
2018/01/22 18:16:11,583 INFO   main                  org.springframework.boot.actuate.endpoint.jmx.EndpointMBeanExporter.registerBeanInstance(MBeanExporter.java:678) - Located managed bean 'infoEndpoint': registering with JMX server as MBean [org.springframework.boot:type=Endpoint,name=infoEndpoint]
2018/01/22 18:16:11,587 INFO   main                  org.springframework.boot.actuate.endpoint.jmx.EndpointMBeanExporter.registerBeanInstance(MBeanExporter.java:678) - Located managed bean 'loggersEndpoint': registering with JMX server as MBean [org.springframework.boot:type=Endpoint,name=loggersEndpoint]
2018/01/22 18:16:11,594 INFO   main                  org.springframework.boot.actuate.endpoint.jmx.EndpointMBeanExporter.registerBeanInstance(MBeanExporter.java:678) - Located managed bean 'metricsEndpoint': registering with JMX server as MBean [org.springframework.boot:type=Endpoint,name=metricsEndpoint]
2018/01/22 18:16:11,597 INFO   main                  org.springframework.boot.actuate.endpoint.jmx.EndpointMBeanExporter.registerBeanInstance(MBeanExporter.java:678) - Located managed bean 'traceEndpoint': registering with JMX server as MBean [org.springframework.boot:type=Endpoint,name=traceEndpoint]
2018/01/22 18:16:11,600 INFO   main                  org.springframework.boot.actuate.endpoint.jmx.EndpointMBeanExporter.registerBeanInstance(MBeanExporter.java:678) - Located managed bean 'dumpEndpoint': registering with JMX server as MBean [org.springframework.boot:type=Endpoint,name=dumpEndpoint]
2018/01/22 18:16:11,603 INFO   main                  org.springframework.boot.actuate.endpoint.jmx.EndpointMBeanExporter.registerBeanInstance(MBeanExporter.java:678) - Located managed bean 'autoConfigurationReportEndpoint': registering with JMX server as MBean [org.springframework.boot:type=Endpoint,name=autoConfigurationReportEndpoint]
2018/01/22 18:16:11,606 INFO   main                  org.springframework.boot.actuate.endpoint.jmx.EndpointMBeanExporter.registerBeanInstance(MBeanExporter.java:678) - Located managed bean 'configurationPropertiesReportEndpoint': registering with JMX server as MBean [org.springframework.boot:type=Endpoint,name=configurationPropertiesReportEndpoint]
2018/01/22 18:16:11,608 INFO   Thread-11             org.springframework.cloud.netflix.eureka.server.EurekaServerBootstrap.initEurekaEnvironment(EurekaServerBootstrap.java:109) - Setting the eureka configuration..
2018/01/22 18:16:11,609 INFO   Thread-11             org.springframework.cloud.netflix.eureka.server.EurekaServerBootstrap.initEurekaEnvironment(EurekaServerBootstrap.java:114) - Eureka data center value eureka.datacenter is not set, defaulting to default
2018/01/22 18:16:11,610 INFO   Thread-11             org.springframework.cloud.netflix.eureka.server.EurekaServerBootstrap.initEurekaEnvironment(EurekaServerBootstrap.java:128) - Eureka environment value eureka.environment is not set, defaulting to test
2018/01/22 18:16:11,636 INFO   Thread-11             org.springframework.cloud.netflix.eureka.server.EurekaServerBootstrap.isAws(EurekaServerBootstrap.java:184) - isAws returned false
2018/01/22 18:16:11,637 INFO   Thread-11             org.springframework.cloud.netflix.eureka.server.EurekaServerBootstrap.initEurekaServerContext(EurekaServerBootstrap.java:152) - Initialized server context
2018/01/22 18:16:11,656 INFO   Thread-11             org.springframework.cloud.netflix.eureka.server.EurekaServerInitializerConfiguration.run(EurekaServerInitializerConfiguration.java:72) - Started Eureka Server
2018/01/22 18:16:11,670 INFO   main                  org.apache.coyote.http11.Http11NioProtocol.log(DirectJDKLog.java:179) - Initializing ProtocolHandler ["http-nio-1111"]
2018/01/22 18:16:11,690 INFO   main                  org.apache.coyote.http11.Http11NioProtocol.log(DirectJDKLog.java:179) - Starting ProtocolHandler ["http-nio-1111"]
2018/01/22 18:16:11,709 INFO   main                  org.apache.tomcat.util.net.NioSelectorPool.log(DirectJDKLog.java:179) - Using a shared selector for servlet write/read
2018/01/22 18:16:11,747 INFO   main                  org.springframework.boot.context.embedded.tomcat.TomcatEmbeddedServletContainer.start(TomcatEmbeddedServletContainer.java:201) - Tomcat started on port(s): 1111 (http)
2018/01/22 18:16:11,748 INFO   main                  org.springframework.cloud.netflix.eureka.serviceregistry.EurekaAutoServiceRegistration.onApplicationEvent(EurekaAutoServiceRegistration.java:124) - Updating port to 1111
2018/01/22 18:16:11,757 INFO   main                  com.gxd.GxdEurekaServerApplication.logStarted(StartupInfoLogger.java:57) - Started GxdEurekaServerApplication in 17.917 seconds (JVM running for 19.653)
