2018/01/15 12:47:44,577 INFO   main                  com.gxd.GxdComponentsFastdfsApplication.logStarting(StartupInfoLogger.java:48) - Starting GxdComponentsFastdfsApplication on DESKTOP-I8Q3E8O with PID 3940 (E:\idea\gxd-master\gxd-components-fastdfs\target\classes started by Army in E:\idea\gxd-master)
2018/01/15 12:47:44,682 DEBUG  main                  com.gxd.GxdComponentsFastdfsApplication.logStarting(StartupInfoLogger.java:51) - Running with Spring Boot v1.5.9.RELEASE, Spring v4.3.13.RELEASE
2018/01/15 12:47:44,683 INFO   main                  com.gxd.GxdComponentsFastdfsApplication.logStartupProfileInfo(SpringApplication.java:593) - No active profile set, falling back to default profiles: default
2018/01/15 12:47:44,923 INFO   main                  org.springframework.boot.context.embedded.AnnotationConfigEmbeddedWebApplicationContext.prepareRefresh(AbstractApplicationContext.java:583) - Refreshing org.springframework.boot.context.embedded.AnnotationConfigEmbeddedWebApplicationContext@2f9a01c1: startup date [Mon Jan 15 12:47:44 CST 2018]; root of context hierarchy
2018/01/15 12:47:45,370 DEBUG  background-preinit    org.jboss.logging.make(LoggerFactory.java:19) - Logging Provider: org.jboss.logging.Log4j2LoggerProvider
2018/01/15 12:47:45,374 INFO   background-preinit    org.hibernate.validator.internal.util.Version.<clinit>(Version.java:30) - HV000001: Hibernate Validator 5.3.6.Final
2018/01/15 12:47:46,714 INFO   main                  org.springframework.beans.factory.annotation.AutowiredAnnotationBeanPostProcessor.<init>(AutowiredAnnotationBeanPostProcessor.java:155) - JSR-330 'javax.inject.Inject' annotation found and supported for autowiring
2018/01/15 12:47:48,090 INFO   main                  org.springframework.boot.context.embedded.tomcat.TomcatEmbeddedServletContainer.initialize(TomcatEmbeddedServletContainer.java:89) - Tomcat initialized with port(s): 8080 (http)
2018/01/15 12:47:48,126 INFO   main                  org.apache.catalina.core.StandardService.log(DirectJDKLog.java:179) - Starting service [Tomcat]
2018/01/15 12:47:48,128 INFO   main                  org.apache.catalina.core.StandardEngine.log(DirectJDKLog.java:179) - Starting Servlet Engine: Apache Tomcat/8.5.23
2018/01/15 12:47:48,347 INFO   localhost-startStop-1 org.apache.catalina.core.ContainerBase.[Tomcat].[localhost].[/].log(DirectJDKLog.java:179) - Initializing Spring embedded WebApplicationContext
2018/01/15 12:47:48,347 INFO   localhost-startStop-1 org.springframework.web.context.ContextLoader.prepareEmbeddedWebApplicationContext(EmbeddedWebApplicationContext.java:276) - Root WebApplicationContext: initialization completed in 3447 ms
2018/01/15 12:47:48,593 INFO   localhost-startStop-1 org.springframework.boot.web.servlet.ServletRegistrationBean.onStartup(ServletRegistrationBean.java:190) - Mapping servlet: 'dispatcherServlet' to [/]
2018/01/15 12:47:48,599 INFO   localhost-startStop-1 org.springframework.boot.web.servlet.FilterRegistrationBean.configure(AbstractFilterRegistrationBean.java:258) - Mapping filter: 'characterEncodingFilter' to: [/*]
2018/01/15 12:47:48,600 INFO   localhost-startStop-1 org.springframework.boot.web.servlet.FilterRegistrationBean.configure(AbstractFilterRegistrationBean.java:258) - Mapping filter: 'hiddenHttpMethodFilter' to: [/*]
2018/01/15 12:47:48,600 INFO   localhost-startStop-1 org.springframework.boot.web.servlet.FilterRegistrationBean.configure(AbstractFilterRegistrationBean.java:258) - Mapping filter: 'httpPutFormContentFilter' to: [/*]
2018/01/15 12:47:48,601 INFO   localhost-startStop-1 org.springframework.boot.web.servlet.FilterRegistrationBean.configure(AbstractFilterRegistrationBean.java:258) - Mapping filter: 'requestContextFilter' to: [/*]
2018/01/15 12:47:49,208 WARN   main                  org.springframework.boot.context.properties.ConfigurationPropertiesBindingPostProcessor.supports(ConfigurationPropertiesBindingPostProcessor.java:429) - The @ConfigurationProperties bean class com.github.tobato.fastdfs.conn.TrackerConnectionManager contains validation constraints but had not been annotated with @Validated.
2018/01/15 12:47:49,208 WARN   main                  org.springframework.boot.context.properties.ConfigurationPropertiesBindingPostProcessor.supports(ConfigurationPropertiesBindingPostProcessor.java:429) - The @ConfigurationProperties bean class com.github.tobato.fastdfs.conn.TrackerConnectionManager contains validation constraints but had not been annotated with @Validated.
2018/01/15 12:47:49,209 WARN   main                  org.springframework.boot.context.properties.ConfigurationPropertiesBindingPostProcessor.supports(ConfigurationPropertiesBindingPostProcessor.java:429) - The @ConfigurationProperties bean class com.github.tobato.fastdfs.conn.TrackerConnectionManager contains validation constraints but had not been annotated with @Validated.
2018/01/15 12:47:49,247 DEBUG  main                  com.github.tobato.fastdfs.conn.ConnectionManager.initTracker(TrackerConnectionManager.java:48) - init trackerLocator [192.168.50.36:22122, 192.168.50.37:22122]
2018/01/15 12:47:49,931 INFO   main                  org.springframework.web.servlet.mvc.method.annotation.RequestMappingHandlerAdapter.initControllerAdviceCache(RequestMappingHandlerAdapter.java:534) - Looking for @ControllerAdvice: org.springframework.boot.context.embedded.AnnotationConfigEmbeddedWebApplicationContext@2f9a01c1: startup date [Mon Jan 15 12:47:44 CST 2018]; root of context hierarchy
2018/01/15 12:47:50,026 INFO   main                  org.springframework.web.servlet.mvc.method.annotation.RequestMappingHandlerMapping.register(AbstractHandlerMethodMapping.java:543) - Mapped "{[/file/upload],methods=[POST]}" onto public java.util.Map<java.lang.String, java.lang.String> com.gxd.fastdfs.web.UploadController.fileUp(org.springframework.web.multipart.MultipartHttpServletRequest,javax.servlet.http.HttpServletRequest)
2018/01/15 12:47:50,028 INFO   main                  org.springframework.web.servlet.mvc.method.annotation.RequestMappingHandlerMapping.register(AbstractHandlerMethodMapping.java:543) - Mapped "{[/file/download]}" onto public java.lang.String com.gxd.fastdfs.web.UploadController.download()
2018/01/15 12:47:50,028 INFO   main                  org.springframework.web.servlet.mvc.method.annotation.RequestMappingHandlerMapping.register(AbstractHandlerMethodMapping.java:543) - Mapped "{[/file/delete]}" onto public java.lang.String com.gxd.fastdfs.web.UploadController.deleteFile()
2018/01/15 12:47:50,029 INFO   main                  org.springframework.web.servlet.mvc.method.annotation.RequestMappingHandlerMapping.register(AbstractHandlerMethodMapping.java:543) - Mapped "{[/file/toupload],methods=[GET]}" onto private java.lang.String com.gxd.fastdfs.web.UploadController.toUpload()
2018/01/15 12:47:50,035 INFO   main                  org.springframework.web.servlet.mvc.method.annotation.RequestMappingHandlerMapping.register(AbstractHandlerMethodMapping.java:543) - Mapped "{[/error]}" onto public org.springframework.http.ResponseEntity<java.util.Map<java.lang.String, java.lang.Object>> org.springframework.boot.autoconfigure.web.BasicErrorController.error(javax.servlet.http.HttpServletRequest)
2018/01/15 12:47:50,037 INFO   main                  org.springframework.web.servlet.mvc.method.annotation.RequestMappingHandlerMapping.register(AbstractHandlerMethodMapping.java:543) - Mapped "{[/error],produces=[text/html]}" onto public org.springframework.web.servlet.ModelAndView org.springframework.boot.autoconfigure.web.BasicErrorController.errorHtml(javax.servlet.http.HttpServletRequest,javax.servlet.http.HttpServletResponse)
2018/01/15 12:47:50,076 INFO   main                  com.gxd.fastdfs.mvc.WebMvcConfig.addResourceHandlers(WebMvcConfig.java:16) - # WebMvcConfig addResourceHandlers ...
2018/01/15 12:47:50,090 INFO   main                  org.springframework.web.servlet.handler.SimpleUrlHandlerMapping.registerHandler(AbstractUrlHandlerMapping.java:362) - Mapped URL path [/static/**] onto handler of type [class org.springframework.web.servlet.resource.ResourceHttpRequestHandler]
2018/01/15 12:47:50,091 INFO   main                  org.springframework.web.servlet.handler.SimpleUrlHandlerMapping.registerHandler(AbstractUrlHandlerMapping.java:362) - Mapped URL path [/webjars/**] onto handler of type [class org.springframework.web.servlet.resource.ResourceHttpRequestHandler]
2018/01/15 12:47:50,091 INFO   main                  org.springframework.web.servlet.handler.SimpleUrlHandlerMapping.registerHandler(AbstractUrlHandlerMapping.java:362) - Mapped URL path [/**] onto handler of type [class org.springframework.web.servlet.resource.ResourceHttpRequestHandler]
2018/01/15 12:47:50,150 INFO   main                  org.springframework.web.servlet.handler.SimpleUrlHandlerMapping.registerHandler(AbstractUrlHandlerMapping.java:362) - Mapped URL path [/**/favicon.ico] onto handler of type [class org.springframework.web.servlet.resource.ResourceHttpRequestHandler]
2018/01/15 12:47:50,710 INFO   main                  org.springframework.web.servlet.view.freemarker.FreeMarkerConfigurer.postProcessTemplateLoaders(FreeMarkerConfigurer.java:127) - ClassTemplateLoader for Spring macros added to FreeMarker configuration
2018/01/15 12:47:50,996 INFO   main                  org.springframework.jmx.export.annotation.AnnotationMBeanExporter.afterSingletonsInstantiated(MBeanExporter.java:431) - Registering beans for JMX exposure on startup
2018/01/15 12:47:51,017 INFO   main                  org.springframework.jmx.export.annotation.AnnotationMBeanExporter.autodetect(MBeanExporter.java:916) - Bean with name 'fdfsConnectionPool' has been autodetected for JMX exposure
2018/01/15 12:47:51,023 INFO   main                  org.springframework.jmx.export.annotation.AnnotationMBeanExporter.registerBeanInstance(MBeanExporter.java:671) - Located MBean 'fdfsConnectionPool': registering with JMX server as MBean [com.github.tobato.fastdfs.conn:name=fdfsConnectionPool,type=FdfsConnectionPool]
2018/01/15 12:47:51,039 INFO   main                  org.apache.coyote.http11.Http11NioProtocol.log(DirectJDKLog.java:179) - Initializing ProtocolHandler ["http-nio-8080"]
2018/01/15 12:47:51,075 INFO   main                  org.apache.coyote.http11.Http11NioProtocol.log(DirectJDKLog.java:179) - Starting ProtocolHandler ["http-nio-8080"]
2018/01/15 12:47:51,095 INFO   main                  org.apache.tomcat.util.net.NioSelectorPool.log(DirectJDKLog.java:179) - Using a shared selector for servlet write/read
2018/01/15 12:47:51,123 INFO   main                  org.springframework.boot.context.embedded.tomcat.TomcatEmbeddedServletContainer.start(TomcatEmbeddedServletContainer.java:201) - Tomcat started on port(s): 8080 (http)
2018/01/15 12:47:51,130 INFO   main                  com.gxd.GxdComponentsFastdfsApplication.logStarted(StartupInfoLogger.java:57) - Started GxdComponentsFastdfsApplication in 8.622 seconds (JVM running for 11.124)
2018/01/15 12:48:47,882 INFO   http-nio-8080-exec-2  org.apache.catalina.core.ContainerBase.[Tomcat].[localhost].[/].log(DirectJDKLog.java:179) - Initializing Spring FrameworkServlet 'dispatcherServlet'
2018/01/15 12:48:47,882 INFO   http-nio-8080-exec-2  org.springframework.web.servlet.DispatcherServlet.initServletBean(FrameworkServlet.java:489) - FrameworkServlet 'dispatcherServlet': initialization started
2018/01/15 12:48:47,916 INFO   http-nio-8080-exec-2  org.springframework.web.servlet.DispatcherServlet.initServletBean(FrameworkServlet.java:508) - FrameworkServlet 'dispatcherServlet': initialization completed in 34 ms
2018/01/15 12:48:48,176 DEBUG  http-nio-8080-exec-2  com.github.tobato.fastdfs.conn.ConnectionManager.executeFdfsTrackerCmd(TrackerConnectionManager.java:65) - 获取到Tracker连接地址/192.168.50.36:22122
2018/01/15 12:48:48,216 DEBUG  http-nio-8080-exec-2  com.github.tobato.fastdfs.conn.DefaultConnection.<init>(DefaultConnection.java:48) - connect to /192.168.50.36:22122 soTimeout=3500 connectTimeout=6000
2018/01/15 12:48:54,221 ERROR  http-nio-8080-exec-2  FDFS_UPLOAD.downloadFile(FastDFSClient.java:216) - 无法获取服务端连接资源：can't create connection to/192.168.50.36:22122
2018/01/15 12:49:09,664 INFO   main                  com.gxd.GxdComponentsFastdfsApplication.logStarting(StartupInfoLogger.java:48) - Starting GxdComponentsFastdfsApplication on DESKTOP-I8Q3E8O with PID 20000 (E:\idea\gxd-master\gxd-components-fastdfs\target\classes started by Army in E:\idea\gxd-master)
2018/01/15 12:49:09,734 DEBUG  main                  com.gxd.GxdComponentsFastdfsApplication.logStarting(StartupInfoLogger.java:51) - Running with Spring Boot v1.5.9.RELEASE, Spring v4.3.13.RELEASE
2018/01/15 12:49:09,735 INFO   main                  com.gxd.GxdComponentsFastdfsApplication.logStartupProfileInfo(SpringApplication.java:593) - No active profile set, falling back to default profiles: default
2018/01/15 12:49:09,996 INFO   main                  org.springframework.boot.context.embedded.AnnotationConfigEmbeddedWebApplicationContext.prepareRefresh(AbstractApplicationContext.java:583) - Refreshing org.springframework.boot.context.embedded.AnnotationConfigEmbeddedWebApplicationContext@2f9a01c1: startup date [Mon Jan 15 12:49:09 CST 2018]; root of context hierarchy
2018/01/15 12:49:10,509 DEBUG  background-preinit    org.jboss.logging.make(LoggerFactory.java:19) - Logging Provider: org.jboss.logging.Log4j2LoggerProvider
2018/01/15 12:49:10,512 INFO   background-preinit    org.hibernate.validator.internal.util.Version.<clinit>(Version.java:30) - HV000001: Hibernate Validator 5.3.6.Final
2018/01/15 12:49:13,038 INFO   main                  org.springframework.beans.factory.annotation.AutowiredAnnotationBeanPostProcessor.<init>(AutowiredAnnotationBeanPostProcessor.java:155) - JSR-330 'javax.inject.Inject' annotation found and supported for autowiring
2018/01/15 12:49:14,342 INFO   main                  org.springframework.boot.context.embedded.tomcat.TomcatEmbeddedServletContainer.initialize(TomcatEmbeddedServletContainer.java:89) - Tomcat initialized with port(s): 8080 (http)
2018/01/15 12:49:14,377 INFO   main                  org.apache.catalina.core.StandardService.log(DirectJDKLog.java:179) - Starting service [Tomcat]
2018/01/15 12:49:14,385 INFO   main                  org.apache.catalina.core.StandardEngine.log(DirectJDKLog.java:179) - Starting Servlet Engine: Apache Tomcat/8.5.23
2018/01/15 12:49:14,646 INFO   localhost-startStop-1 org.apache.catalina.core.ContainerBase.[Tomcat].[localhost].[/].log(DirectJDKLog.java:179) - Initializing Spring embedded WebApplicationContext
2018/01/15 12:49:14,647 INFO   localhost-startStop-1 org.springframework.web.context.ContextLoader.prepareEmbeddedWebApplicationContext(EmbeddedWebApplicationContext.java:276) - Root WebApplicationContext: initialization completed in 4664 ms
2018/01/15 12:49:14,980 INFO   localhost-startStop-1 org.springframework.boot.web.servlet.ServletRegistrationBean.onStartup(ServletRegistrationBean.java:190) - Mapping servlet: 'dispatcherServlet' to [/]
2018/01/15 12:49:14,988 INFO   localhost-startStop-1 org.springframework.boot.web.servlet.FilterRegistrationBean.configure(AbstractFilterRegistrationBean.java:258) - Mapping filter: 'characterEncodingFilter' to: [/*]
2018/01/15 12:49:14,989 INFO   localhost-startStop-1 org.springframework.boot.web.servlet.FilterRegistrationBean.configure(AbstractFilterRegistrationBean.java:258) - Mapping filter: 'hiddenHttpMethodFilter' to: [/*]
2018/01/15 12:49:14,990 INFO   localhost-startStop-1 org.springframework.boot.web.servlet.FilterRegistrationBean.configure(AbstractFilterRegistrationBean.java:258) - Mapping filter: 'httpPutFormContentFilter' to: [/*]
2018/01/15 12:49:14,990 INFO   localhost-startStop-1 org.springframework.boot.web.servlet.FilterRegistrationBean.configure(AbstractFilterRegistrationBean.java:258) - Mapping filter: 'requestContextFilter' to: [/*]
2018/01/15 12:49:15,313 WARN   main                  org.springframework.boot.context.properties.ConfigurationPropertiesBindingPostProcessor.supports(ConfigurationPropertiesBindingPostProcessor.java:429) - The @ConfigurationProperties bean class com.github.tobato.fastdfs.conn.TrackerConnectionManager contains validation constraints but had not been annotated with @Validated.
2018/01/15 12:49:15,313 WARN   main                  org.springframework.boot.context.properties.ConfigurationPropertiesBindingPostProcessor.supports(ConfigurationPropertiesBindingPostProcessor.java:429) - The @ConfigurationProperties bean class com.github.tobato.fastdfs.conn.TrackerConnectionManager contains validation constraints but had not been annotated with @Validated.
2018/01/15 12:49:15,314 WARN   main                  org.springframework.boot.context.properties.ConfigurationPropertiesBindingPostProcessor.supports(ConfigurationPropertiesBindingPostProcessor.java:429) - The @ConfigurationProperties bean class com.github.tobato.fastdfs.conn.TrackerConnectionManager contains validation constraints but had not been annotated with @Validated.
2018/01/15 12:49:15,348 DEBUG  main                  com.github.tobato.fastdfs.conn.ConnectionManager.initTracker(TrackerConnectionManager.java:48) - init trackerLocator [192.168.50.36:22122, 192.168.50.37:22122]
2018/01/15 12:49:15,900 INFO   main                  org.springframework.web.servlet.mvc.method.annotation.RequestMappingHandlerAdapter.initControllerAdviceCache(RequestMappingHandlerAdapter.java:534) - Looking for @ControllerAdvice: org.springframework.boot.context.embedded.AnnotationConfigEmbeddedWebApplicationContext@2f9a01c1: startup date [Mon Jan 15 12:49:09 CST 2018]; root of context hierarchy
2018/01/15 12:49:15,989 INFO   main                  org.springframework.web.servlet.mvc.method.annotation.RequestMappingHandlerMapping.register(AbstractHandlerMethodMapping.java:543) - Mapped "{[/file/upload],methods=[POST]}" onto public java.util.Map<java.lang.String, java.lang.String> com.gxd.fastdfs.web.UploadController.fileUp(org.springframework.web.multipart.MultipartHttpServletRequest,javax.servlet.http.HttpServletRequest)
2018/01/15 12:49:15,990 INFO   main                  org.springframework.web.servlet.mvc.method.annotation.RequestMappingHandlerMapping.register(AbstractHandlerMethodMapping.java:543) - Mapped "{[/file/delete]}" onto public java.lang.String com.gxd.fastdfs.web.UploadController.deleteFile()
2018/01/15 12:49:15,991 INFO   main                  org.springframework.web.servlet.mvc.method.annotation.RequestMappingHandlerMapping.register(AbstractHandlerMethodMapping.java:543) - Mapped "{[/file/toupload],methods=[GET]}" onto private java.lang.String com.gxd.fastdfs.web.UploadController.toUpload()
2018/01/15 12:49:15,992 INFO   main                  org.springframework.web.servlet.mvc.method.annotation.RequestMappingHandlerMapping.register(AbstractHandlerMethodMapping.java:543) - Mapped "{[/file/download]}" onto public java.lang.String com.gxd.fastdfs.web.UploadController.download()
2018/01/15 12:49:15,995 INFO   main                  org.springframework.web.servlet.mvc.method.annotation.RequestMappingHandlerMapping.register(AbstractHandlerMethodMapping.java:543) - Mapped "{[/error]}" onto public org.springframework.http.ResponseEntity<java.util.Map<java.lang.String, java.lang.Object>> org.springframework.boot.autoconfigure.web.BasicErrorController.error(javax.servlet.http.HttpServletRequest)
2018/01/15 12:49:15,996 INFO   main                  org.springframework.web.servlet.mvc.method.annotation.RequestMappingHandlerMapping.register(AbstractHandlerMethodMapping.java:543) - Mapped "{[/error],produces=[text/html]}" onto public org.springframework.web.servlet.ModelAndView org.springframework.boot.autoconfigure.web.BasicErrorController.errorHtml(javax.servlet.http.HttpServletRequest,javax.servlet.http.HttpServletResponse)
2018/01/15 12:49:16,033 INFO   main                  com.gxd.fastdfs.mvc.WebMvcConfig.addResourceHandlers(WebMvcConfig.java:16) - # WebMvcConfig addResourceHandlers ...
2018/01/15 12:49:16,049 INFO   main                  org.springframework.web.servlet.handler.SimpleUrlHandlerMapping.registerHandler(AbstractUrlHandlerMapping.java:362) - Mapped URL path [/static/**] onto handler of type [class org.springframework.web.servlet.resource.ResourceHttpRequestHandler]
2018/01/15 12:49:16,050 INFO   main                  org.springframework.web.servlet.handler.SimpleUrlHandlerMapping.registerHandler(AbstractUrlHandlerMapping.java:362) - Mapped URL path [/webjars/**] onto handler of type [class org.springframework.web.servlet.resource.ResourceHttpRequestHandler]
2018/01/15 12:49:16,050 INFO   main                  org.springframework.web.servlet.handler.SimpleUrlHandlerMapping.registerHandler(AbstractUrlHandlerMapping.java:362) - Mapped URL path [/**] onto handler of type [class org.springframework.web.servlet.resource.ResourceHttpRequestHandler]
2018/01/15 12:49:16,148 INFO   main                  org.springframework.web.servlet.handler.SimpleUrlHandlerMapping.registerHandler(AbstractUrlHandlerMapping.java:362) - Mapped URL path [/**/favicon.ico] onto handler of type [class org.springframework.web.servlet.resource.ResourceHttpRequestHandler]
2018/01/15 12:49:16,485 INFO   main                  org.springframework.web.servlet.view.freemarker.FreeMarkerConfigurer.postProcessTemplateLoaders(FreeMarkerConfigurer.java:127) - ClassTemplateLoader for Spring macros added to FreeMarker configuration
2018/01/15 12:49:16,717 INFO   main                  org.springframework.jmx.export.annotation.AnnotationMBeanExporter.afterSingletonsInstantiated(MBeanExporter.java:431) - Registering beans for JMX exposure on startup
2018/01/15 12:49:16,718 INFO   main                  org.springframework.jmx.export.annotation.AnnotationMBeanExporter.autodetect(MBeanExporter.java:916) - Bean with name 'fdfsConnectionPool' has been autodetected for JMX exposure
2018/01/15 12:49:16,725 INFO   main                  org.springframework.jmx.export.annotation.AnnotationMBeanExporter.registerBeanInstance(MBeanExporter.java:671) - Located MBean 'fdfsConnectionPool': registering with JMX server as MBean [com.github.tobato.fastdfs.conn:name=fdfsConnectionPool,type=FdfsConnectionPool]
2018/01/15 12:49:16,742 INFO   main                  org.apache.coyote.http11.Http11NioProtocol.log(DirectJDKLog.java:179) - Initializing ProtocolHandler ["http-nio-8080"]
2018/01/15 12:49:16,758 INFO   main                  org.apache.coyote.http11.Http11NioProtocol.log(DirectJDKLog.java:179) - Starting ProtocolHandler ["http-nio-8080"]
2018/01/15 12:49:16,788 INFO   main                  org.apache.tomcat.util.net.NioSelectorPool.log(DirectJDKLog.java:179) - Using a shared selector for servlet write/read
2018/01/15 12:49:16,821 INFO   main                  org.springframework.boot.context.embedded.tomcat.TomcatEmbeddedServletContainer.start(TomcatEmbeddedServletContainer.java:201) - Tomcat started on port(s): 8080 (http)
2018/01/15 12:49:16,827 INFO   main                  com.gxd.GxdComponentsFastdfsApplication.logStarted(StartupInfoLogger.java:57) - Started GxdComponentsFastdfsApplication in 9.087 seconds (JVM running for 10.862)
2018/01/15 12:49:20,639 INFO   http-nio-8080-exec-1  org.apache.catalina.core.ContainerBase.[Tomcat].[localhost].[/].log(DirectJDKLog.java:179) - Initializing Spring FrameworkServlet 'dispatcherServlet'
2018/01/15 12:49:20,640 INFO   http-nio-8080-exec-1  org.springframework.web.servlet.DispatcherServlet.initServletBean(FrameworkServlet.java:489) - FrameworkServlet 'dispatcherServlet': initialization started
2018/01/15 12:49:20,679 INFO   http-nio-8080-exec-1  org.springframework.web.servlet.DispatcherServlet.initServletBean(FrameworkServlet.java:508) - FrameworkServlet 'dispatcherServlet': initialization completed in 38 ms
2018/01/15 12:49:20,722 DEBUG  http-nio-8080-exec-1  com.github.tobato.fastdfs.conn.ConnectionManager.executeFdfsTrackerCmd(TrackerConnectionManager.java:65) - 获取到Tracker连接地址/192.168.50.36:22122
2018/01/15 12:49:20,726 DEBUG  http-nio-8080-exec-1  com.github.tobato.fastdfs.conn.DefaultConnection.<init>(DefaultConnection.java:48) - connect to /192.168.50.36:22122 soTimeout=3500 connectTimeout=6000
2018/01/15 12:49:20,903 DEBUG  http-nio-8080-exec-1  com.github.tobato.fastdfs.conn.ConnectionManager.execute(ConnectionManager.java:75) - 对地址/192.168.50.36:22122发出交易请求TrackerGetFetchStorageCommand
2018/01/15 12:49:21,050 DEBUG  http-nio-8080-exec-1  com.github.tobato.fastdfs.proto.AbstractFdfsCommand.send(AbstractFdfsCommand.java:74) - 发出交易请求..报文头为ProtoHead [contentLength=60, cmd=102, status=0]
2018/01/15 12:49:21,050 DEBUG  http-nio-8080-exec-1  com.github.tobato.fastdfs.proto.AbstractFdfsCommand.send(AbstractFdfsCommand.java:75) - 交易参数为[103, 114, 111, 117, 112, 49, 0, 0, 0, 0, 0, 0, 0, 0, 0, 0, 77, 48, 48, 47, 48, 48, 47, 48, 48, 47, 119, 75, 103, 121, 74, 86, 112, 98, 82, 48, 75, 65, 73, 85, 99, 82, 65, 65, 68, 74, 98, 100, 49, 67, 99, 107, 65, 48, 49, 49, 46, 106, 112, 103]
2018/01/15 12:49:21,211 DEBUG  http-nio-8080-exec-1  com.github.tobato.fastdfs.proto.AbstractFdfsCommand.receive(AbstractFdfsCommand.java:100) - 服务端返回报文头ProtoHead [contentLength=39, cmd=100, status=0]
2018/01/15 12:49:21,212 DEBUG  http-nio-8080-exec-1  com.github.tobato.fastdfs.proto.mapper.ObjectMateData.dumpObjectMateData(ObjectMateData.java:202) - dump class=com.github.tobato.fastdfs.domain.StorageNodeInfo
2018/01/15 12:49:21,213 DEBUG  http-nio-8080-exec-1  com.github.tobato.fastdfs.proto.mapper.ObjectMateData.dumpObjectMateData(ObjectMateData.java:203) - ----------------------------------------
2018/01/15 12:49:21,213 DEBUG  http-nio-8080-exec-1  com.github.tobato.fastdfs.proto.mapper.ObjectMateData.dumpObjectMateData(ObjectMateData.java:205) - FieldMateData [field=groupName, index=0, max=16, size=16, offsize=0]
2018/01/15 12:49:21,214 DEBUG  http-nio-8080-exec-1  com.github.tobato.fastdfs.proto.mapper.ObjectMateData.dumpObjectMateData(ObjectMateData.java:205) - FieldMateData [field=ip, index=1, max=15, size=15, offsize=16]
2018/01/15 12:49:21,214 DEBUG  http-nio-8080-exec-1  com.github.tobato.fastdfs.proto.mapper.ObjectMateData.dumpObjectMateData(ObjectMateData.java:205) - FieldMateData [field=port, index=2, max=0, size=8, offsize=31]
2018/01/15 12:49:21,214 DEBUG  http-nio-8080-exec-1  com.github.tobato.fastdfs.proto.mapper.FdfsParamMapper.mapByIndex(FdfsParamMapper.java:92) - 设置值是 FieldMateData [field=groupName, index=0, max=16, size=16, offsize=0]group1
2018/01/15 12:49:21,263 DEBUG  http-nio-8080-exec-1  com.github.tobato.fastdfs.proto.mapper.FdfsParamMapper.mapByIndex(FdfsParamMapper.java:92) - 设置值是 FieldMateData [field=ip, index=1, max=15, size=15, offsize=16]192.168.50.36
2018/01/15 12:49:21,264 DEBUG  http-nio-8080-exec-1  com.github.tobato.fastdfs.proto.mapper.FdfsParamMapper.mapByIndex(FdfsParamMapper.java:92) - 设置值是 FieldMateData [field=port, index=2, max=0, size=8, offsize=31]23000
2018/01/15 12:49:21,267 DEBUG  http-nio-8080-exec-1  com.github.tobato.fastdfs.conn.DefaultConnection.<init>(DefaultConnection.java:48) - connect to /192.168.50.36:23000 soTimeout=3500 connectTimeout=6000
2018/01/15 12:49:21,333 DEBUG  http-nio-8080-exec-1  com.github.tobato.fastdfs.conn.ConnectionManager.execute(ConnectionManager.java:75) - 对地址/192.168.50.36:23000发出交易请求StorageDownloadCommand
2018/01/15 12:49:21,336 DEBUG  http-nio-8080-exec-1  com.github.tobato.fastdfs.proto.AbstractFdfsCommand.send(AbstractFdfsCommand.java:74) - 发出交易请求..报文头为ProtoHead [contentLength=76, cmd=14, status=0]
2018/01/15 12:49:21,337 DEBUG  http-nio-8080-exec-1  com.github.tobato.fastdfs.proto.AbstractFdfsCommand.send(AbstractFdfsCommand.java:75) - 交易参数为[0, 0, 0, 0, 0, 0, 0, 0, 0, 0, 0, 0, 0, 0, 0, 0, 103, 114, 111, 117, 112, 49, 0, 0, 0, 0, 0, 0, 0, 0, 0, 0, 77, 48, 48, 47, 48, 48, 47, 48, 48, 47, 119, 75, 103, 121, 74, 86, 112, 98, 82, 48, 75, 65, 73, 85, 99, 82, 65, 65, 68, 74, 98, 100, 49, 67, 99, 107, 65, 48, 49, 49, 46, 106, 112, 103]
2018/01/15 12:49:21,524 DEBUG  http-nio-8080-exec-1  com.github.tobato.fastdfs.proto.AbstractFdfsCommand.receive(AbstractFdfsCommand.java:100) - 服务端返回报文头ProtoHead [contentLength=51565, cmd=100, status=0]
2018/01/15 12:50:15,279 DEBUG  commons-pool-evictor-thread com.github.tobato.fastdfs.conn.DefaultConnection.isValid(DefaultConnection.java:92) - check connection status of com.github.tobato.fastdfs.conn.DefaultConnection@4fbab645 
2018/01/15 12:50:15,351 DEBUG  commons-pool-evictor-thread com.github.tobato.fastdfs.conn.DefaultConnection.isValid(DefaultConnection.java:92) - check connection status of com.github.tobato.fastdfs.conn.DefaultConnection@216f0b33 
2018/01/15 12:51:15,578 INFO   main                  com.gxd.GxdComponentsFastdfsApplication.logStarting(StartupInfoLogger.java:48) - Starting GxdComponentsFastdfsApplication on DESKTOP-I8Q3E8O with PID 17616 (E:\idea\gxd-master\gxd-components-fastdfs\target\classes started by Army in E:\idea\gxd-master)
2018/01/15 12:51:15,588 DEBUG  main                  com.gxd.GxdComponentsFastdfsApplication.logStarting(StartupInfoLogger.java:51) - Running with Spring Boot v1.5.9.RELEASE, Spring v4.3.13.RELEASE
2018/01/15 12:51:15,588 INFO   main                  com.gxd.GxdComponentsFastdfsApplication.logStartupProfileInfo(SpringApplication.java:593) - No active profile set, falling back to default profiles: default
2018/01/15 12:51:15,835 INFO   main                  org.springframework.boot.context.embedded.AnnotationConfigEmbeddedWebApplicationContext.prepareRefresh(AbstractApplicationContext.java:583) - Refreshing org.springframework.boot.context.embedded.AnnotationConfigEmbeddedWebApplicationContext@2f9a01c1: startup date [Mon Jan 15 12:51:15 CST 2018]; root of context hierarchy
2018/01/15 12:51:16,156 DEBUG  background-preinit    org.jboss.logging.make(LoggerFactory.java:19) - Logging Provider: org.jboss.logging.Log4j2LoggerProvider
2018/01/15 12:51:16,157 INFO   background-preinit    org.hibernate.validator.internal.util.Version.<clinit>(Version.java:30) - HV000001: Hibernate Validator 5.3.6.Final
2018/01/15 12:51:17,755 INFO   main                  org.springframework.beans.factory.annotation.AutowiredAnnotationBeanPostProcessor.<init>(AutowiredAnnotationBeanPostProcessor.java:155) - JSR-330 'javax.inject.Inject' annotation found and supported for autowiring
2018/01/15 12:51:18,686 INFO   main                  org.springframework.boot.context.embedded.tomcat.TomcatEmbeddedServletContainer.initialize(TomcatEmbeddedServletContainer.java:89) - Tomcat initialized with port(s): 8080 (http)
2018/01/15 12:51:18,703 INFO   main                  org.apache.catalina.core.StandardService.log(DirectJDKLog.java:179) - Starting service [Tomcat]
2018/01/15 12:51:18,705 INFO   main                  org.apache.catalina.core.StandardEngine.log(DirectJDKLog.java:179) - Starting Servlet Engine: Apache Tomcat/8.5.23
2018/01/15 12:51:18,875 INFO   localhost-startStop-1 org.apache.catalina.core.ContainerBase.[Tomcat].[localhost].[/].log(DirectJDKLog.java:179) - Initializing Spring embedded WebApplicationContext
2018/01/15 12:51:18,875 INFO   localhost-startStop-1 org.springframework.web.context.ContextLoader.prepareEmbeddedWebApplicationContext(EmbeddedWebApplicationContext.java:276) - Root WebApplicationContext: initialization completed in 3047 ms
2018/01/15 12:51:19,101 INFO   localhost-startStop-1 org.springframework.boot.web.servlet.ServletRegistrationBean.onStartup(ServletRegistrationBean.java:190) - Mapping servlet: 'dispatcherServlet' to [/]
2018/01/15 12:51:19,107 INFO   localhost-startStop-1 org.springframework.boot.web.servlet.FilterRegistrationBean.configure(AbstractFilterRegistrationBean.java:258) - Mapping filter: 'characterEncodingFilter' to: [/*]
2018/01/15 12:51:19,108 INFO   localhost-startStop-1 org.springframework.boot.web.servlet.FilterRegistrationBean.configure(AbstractFilterRegistrationBean.java:258) - Mapping filter: 'hiddenHttpMethodFilter' to: [/*]
2018/01/15 12:51:19,108 INFO   localhost-startStop-1 org.springframework.boot.web.servlet.FilterRegistrationBean.configure(AbstractFilterRegistrationBean.java:258) - Mapping filter: 'httpPutFormContentFilter' to: [/*]
2018/01/15 12:51:19,108 INFO   localhost-startStop-1 org.springframework.boot.web.servlet.FilterRegistrationBean.configure(AbstractFilterRegistrationBean.java:258) - Mapping filter: 'requestContextFilter' to: [/*]
2018/01/15 12:51:19,403 WARN   main                  org.springframework.boot.context.properties.ConfigurationPropertiesBindingPostProcessor.supports(ConfigurationPropertiesBindingPostProcessor.java:429) - The @ConfigurationProperties bean class com.github.tobato.fastdfs.conn.TrackerConnectionManager contains validation constraints but had not been annotated with @Validated.
2018/01/15 12:51:19,404 WARN   main                  org.springframework.boot.context.properties.ConfigurationPropertiesBindingPostProcessor.supports(ConfigurationPropertiesBindingPostProcessor.java:429) - The @ConfigurationProperties bean class com.github.tobato.fastdfs.conn.TrackerConnectionManager contains validation constraints but had not been annotated with @Validated.
2018/01/15 12:51:19,405 WARN   main                  org.springframework.boot.context.properties.ConfigurationPropertiesBindingPostProcessor.supports(ConfigurationPropertiesBindingPostProcessor.java:429) - The @ConfigurationProperties bean class com.github.tobato.fastdfs.conn.TrackerConnectionManager contains validation constraints but had not been annotated with @Validated.
2018/01/15 12:51:19,441 DEBUG  main                  com.github.tobato.fastdfs.conn.ConnectionManager.initTracker(TrackerConnectionManager.java:48) - init trackerLocator [192.168.50.36:22122, 192.168.50.37:22122]
2018/01/15 12:51:19,986 INFO   main                  org.springframework.web.servlet.mvc.method.annotation.RequestMappingHandlerAdapter.initControllerAdviceCache(RequestMappingHandlerAdapter.java:534) - Looking for @ControllerAdvice: org.springframework.boot.context.embedded.AnnotationConfigEmbeddedWebApplicationContext@2f9a01c1: startup date [Mon Jan 15 12:51:15 CST 2018]; root of context hierarchy
2018/01/15 12:51:20,098 INFO   main                  org.springframework.web.servlet.mvc.method.annotation.RequestMappingHandlerMapping.register(AbstractHandlerMethodMapping.java:543) - Mapped "{[/file/toupload],methods=[GET]}" onto private java.lang.String com.gxd.fastdfs.web.UploadController.toUpload()
2018/01/15 12:51:20,100 INFO   main                  org.springframework.web.servlet.mvc.method.annotation.RequestMappingHandlerMapping.register(AbstractHandlerMethodMapping.java:543) - Mapped "{[/file/delete]}" onto public java.lang.String com.gxd.fastdfs.web.UploadController.deleteFile()
2018/01/15 12:51:20,102 INFO   main                  org.springframework.web.servlet.mvc.method.annotation.RequestMappingHandlerMapping.register(AbstractHandlerMethodMapping.java:543) - Mapped "{[/file/upload],methods=[POST]}" onto public java.util.Map<java.lang.String, java.lang.String> com.gxd.fastdfs.web.UploadController.fileUp(org.springframework.web.multipart.MultipartHttpServletRequest,javax.servlet.http.HttpServletRequest)
2018/01/15 12:51:20,103 INFO   main                  org.springframework.web.servlet.mvc.method.annotation.RequestMappingHandlerMapping.register(AbstractHandlerMethodMapping.java:543) - Mapped "{[/file/download]}" onto public java.lang.String com.gxd.fastdfs.web.UploadController.download()
2018/01/15 12:51:20,106 INFO   main                  org.springframework.web.servlet.mvc.method.annotation.RequestMappingHandlerMapping.register(AbstractHandlerMethodMapping.java:543) - Mapped "{[/error]}" onto public org.springframework.http.ResponseEntity<java.util.Map<java.lang.String, java.lang.Object>> org.springframework.boot.autoconfigure.web.BasicErrorController.error(javax.servlet.http.HttpServletRequest)
2018/01/15 12:51:20,107 INFO   main                  org.springframework.web.servlet.mvc.method.annotation.RequestMappingHandlerMapping.register(AbstractHandlerMethodMapping.java:543) - Mapped "{[/error],produces=[text/html]}" onto public org.springframework.web.servlet.ModelAndView org.springframework.boot.autoconfigure.web.BasicErrorController.errorHtml(javax.servlet.http.HttpServletRequest,javax.servlet.http.HttpServletResponse)
2018/01/15 12:51:20,137 INFO   main                  com.gxd.fastdfs.mvc.WebMvcConfig.addResourceHandlers(WebMvcConfig.java:16) - # WebMvcConfig addResourceHandlers ...
2018/01/15 12:51:20,154 INFO   main                  org.springframework.web.servlet.handler.SimpleUrlHandlerMapping.registerHandler(AbstractUrlHandlerMapping.java:362) - Mapped URL path [/static/**] onto handler of type [class org.springframework.web.servlet.resource.ResourceHttpRequestHandler]
2018/01/15 12:51:20,155 INFO   main                  org.springframework.web.servlet.handler.SimpleUrlHandlerMapping.registerHandler(AbstractUrlHandlerMapping.java:362) - Mapped URL path [/webjars/**] onto handler of type [class org.springframework.web.servlet.resource.ResourceHttpRequestHandler]
2018/01/15 12:51:20,155 INFO   main                  org.springframework.web.servlet.handler.SimpleUrlHandlerMapping.registerHandler(AbstractUrlHandlerMapping.java:362) - Mapped URL path [/**] onto handler of type [class org.springframework.web.servlet.resource.ResourceHttpRequestHandler]
2018/01/15 12:51:20,239 INFO   main                  org.springframework.web.servlet.handler.SimpleUrlHandlerMapping.registerHandler(AbstractUrlHandlerMapping.java:362) - Mapped URL path [/**/favicon.ico] onto handler of type [class org.springframework.web.servlet.resource.ResourceHttpRequestHandler]
2018/01/15 12:51:20,520 INFO   main                  org.springframework.web.servlet.view.freemarker.FreeMarkerConfigurer.postProcessTemplateLoaders(FreeMarkerConfigurer.java:127) - ClassTemplateLoader for Spring macros added to FreeMarker configuration
2018/01/15 12:51:20,742 INFO   main                  org.springframework.jmx.export.annotation.AnnotationMBeanExporter.afterSingletonsInstantiated(MBeanExporter.java:431) - Registering beans for JMX exposure on startup
2018/01/15 12:51:20,744 INFO   main                  org.springframework.jmx.export.annotation.AnnotationMBeanExporter.autodetect(MBeanExporter.java:916) - Bean with name 'fdfsConnectionPool' has been autodetected for JMX exposure
2018/01/15 12:51:20,751 INFO   main                  org.springframework.jmx.export.annotation.AnnotationMBeanExporter.registerBeanInstance(MBeanExporter.java:671) - Located MBean 'fdfsConnectionPool': registering with JMX server as MBean [com.github.tobato.fastdfs.conn:name=fdfsConnectionPool,type=FdfsConnectionPool]
2018/01/15 12:51:20,775 INFO   main                  org.apache.coyote.http11.Http11NioProtocol.log(DirectJDKLog.java:179) - Initializing ProtocolHandler ["http-nio-8080"]
2018/01/15 12:51:20,793 INFO   main                  org.apache.coyote.http11.Http11NioProtocol.log(DirectJDKLog.java:179) - Starting ProtocolHandler ["http-nio-8080"]
2018/01/15 12:51:20,824 INFO   main                  org.apache.tomcat.util.net.NioSelectorPool.log(DirectJDKLog.java:179) - Using a shared selector for servlet write/read
2018/01/15 12:51:20,854 INFO   main                  org.springframework.boot.context.embedded.tomcat.TomcatEmbeddedServletContainer.start(TomcatEmbeddedServletContainer.java:201) - Tomcat started on port(s): 8080 (http)
2018/01/15 12:51:20,860 INFO   main                  com.gxd.GxdComponentsFastdfsApplication.logStarted(StartupInfoLogger.java:57) - Started GxdComponentsFastdfsApplication in 6.692 seconds (JVM running for 8.165)
2018/01/15 12:51:31,094 INFO   http-nio-8080-exec-1  org.apache.catalina.core.ContainerBase.[Tomcat].[localhost].[/].log(DirectJDKLog.java:179) - Initializing Spring FrameworkServlet 'dispatcherServlet'
2018/01/15 12:51:31,095 INFO   http-nio-8080-exec-1  org.springframework.web.servlet.DispatcherServlet.initServletBean(FrameworkServlet.java:489) - FrameworkServlet 'dispatcherServlet': initialization started
2018/01/15 12:51:31,138 INFO   http-nio-8080-exec-1  org.springframework.web.servlet.DispatcherServlet.initServletBean(FrameworkServlet.java:508) - FrameworkServlet 'dispatcherServlet': initialization completed in 42 ms
2018/01/15 12:51:31,193 DEBUG  http-nio-8080-exec-1  com.github.tobato.fastdfs.conn.ConnectionManager.executeFdfsTrackerCmd(TrackerConnectionManager.java:65) - 获取到Tracker连接地址/192.168.50.36:22122
2018/01/15 12:51:31,199 DEBUG  http-nio-8080-exec-1  com.github.tobato.fastdfs.conn.DefaultConnection.<init>(DefaultConnection.java:48) - connect to /192.168.50.36:22122 soTimeout=3500 connectTimeout=6000
2018/01/15 12:51:31,273 DEBUG  http-nio-8080-exec-1  com.github.tobato.fastdfs.conn.ConnectionManager.execute(ConnectionManager.java:75) - 对地址/192.168.50.36:22122发出交易请求TrackerGetFetchStorageCommand
2018/01/15 12:51:31,359 DEBUG  http-nio-8080-exec-1  com.github.tobato.fastdfs.proto.AbstractFdfsCommand.send(AbstractFdfsCommand.java:74) - 发出交易请求..报文头为ProtoHead [contentLength=60, cmd=102, status=0]
2018/01/15 12:51:31,360 DEBUG  http-nio-8080-exec-1  com.github.tobato.fastdfs.proto.AbstractFdfsCommand.send(AbstractFdfsCommand.java:75) - 交易参数为[103, 114, 111, 117, 112, 49, 0, 0, 0, 0, 0, 0, 0, 0, 0, 0, 77, 48, 48, 47, 48, 48, 47, 48, 48, 47, 119, 75, 103, 121, 74, 86, 112, 98, 82, 117, 45, 69, 72, 54, 55, 79, 65, 65, 65, 65, 65, 75, 109, 84, 74, 113, 85, 55, 55, 49, 46, 116, 120, 116]
2018/01/15 12:51:31,607 DEBUG  http-nio-8080-exec-1  com.github.tobato.fastdfs.proto.AbstractFdfsCommand.receive(AbstractFdfsCommand.java:100) - 服务端返回报文头ProtoHead [contentLength=39, cmd=100, status=0]
2018/01/15 12:51:31,608 DEBUG  http-nio-8080-exec-1  com.github.tobato.fastdfs.proto.mapper.ObjectMateData.dumpObjectMateData(ObjectMateData.java:202) - dump class=com.github.tobato.fastdfs.domain.StorageNodeInfo
2018/01/15 12:51:31,608 DEBUG  http-nio-8080-exec-1  com.github.tobato.fastdfs.proto.mapper.ObjectMateData.dumpObjectMateData(ObjectMateData.java:203) - ----------------------------------------
2018/01/15 12:51:31,608 DEBUG  http-nio-8080-exec-1  com.github.tobato.fastdfs.proto.mapper.ObjectMateData.dumpObjectMateData(ObjectMateData.java:205) - FieldMateData [field=groupName, index=0, max=16, size=16, offsize=0]
2018/01/15 12:51:31,609 DEBUG  http-nio-8080-exec-1  com.github.tobato.fastdfs.proto.mapper.ObjectMateData.dumpObjectMateData(ObjectMateData.java:205) - FieldMateData [field=ip, index=1, max=15, size=15, offsize=16]
2018/01/15 12:51:31,609 DEBUG  http-nio-8080-exec-1  com.github.tobato.fastdfs.proto.mapper.ObjectMateData.dumpObjectMateData(ObjectMateData.java:205) - FieldMateData [field=port, index=2, max=0, size=8, offsize=31]
2018/01/15 12:51:31,609 DEBUG  http-nio-8080-exec-1  com.github.tobato.fastdfs.proto.mapper.FdfsParamMapper.mapByIndex(FdfsParamMapper.java:92) - 设置值是 FieldMateData [field=groupName, index=0, max=16, size=16, offsize=0]group1
2018/01/15 12:51:31,614 DEBUG  http-nio-8080-exec-1  com.github.tobato.fastdfs.proto.mapper.FdfsParamMapper.mapByIndex(FdfsParamMapper.java:92) - 设置值是 FieldMateData [field=ip, index=1, max=15, size=15, offsize=16]192.168.50.37
2018/01/15 12:51:31,614 DEBUG  http-nio-8080-exec-1  com.github.tobato.fastdfs.proto.mapper.FdfsParamMapper.mapByIndex(FdfsParamMapper.java:92) - 设置值是 FieldMateData [field=port, index=2, max=0, size=8, offsize=31]23000
2018/01/15 12:51:31,618 DEBUG  http-nio-8080-exec-1  com.github.tobato.fastdfs.conn.DefaultConnection.<init>(DefaultConnection.java:48) - connect to /192.168.50.37:23000 soTimeout=3500 connectTimeout=6000
2018/01/15 12:51:31,692 DEBUG  http-nio-8080-exec-1  com.github.tobato.fastdfs.conn.ConnectionManager.execute(ConnectionManager.java:75) - 对地址/192.168.50.37:23000发出交易请求StorageDownloadCommand
2018/01/15 12:51:31,697 DEBUG  http-nio-8080-exec-1  com.github.tobato.fastdfs.proto.AbstractFdfsCommand.send(AbstractFdfsCommand.java:74) - 发出交易请求..报文头为ProtoHead [contentLength=76, cmd=14, status=0]
2018/01/15 12:51:31,698 DEBUG  http-nio-8080-exec-1  com.github.tobato.fastdfs.proto.AbstractFdfsCommand.send(AbstractFdfsCommand.java:75) - 交易参数为[0, 0, 0, 0, 0, 0, 0, 0, 0, 0, 0, 0, 0, 0, 0, 0, 103, 114, 111, 117, 112, 49, 0, 0, 0, 0, 0, 0, 0, 0, 0, 0, 77, 48, 48, 47, 48, 48, 47, 48, 48, 47, 119, 75, 103, 121, 74, 86, 112, 98, 82, 117, 45, 69, 72, 54, 55, 79, 65, 65, 65, 65, 65, 75, 109, 84, 74, 113, 85, 55, 55, 49, 46, 116, 120, 116]
2018/01/15 12:51:31,863 DEBUG  http-nio-8080-exec-1  com.github.tobato.fastdfs.proto.AbstractFdfsCommand.receive(AbstractFdfsCommand.java:100) - 服务端返回报文头ProtoHead [contentLength=78, cmd=100, status=0]
2018/01/15 12:52:19,361 DEBUG  commons-pool-evictor-thread com.github.tobato.fastdfs.conn.DefaultConnection.isValid(DefaultConnection.java:92) - check connection status of com.github.tobato.fastdfs.conn.DefaultConnection@ab0b73b 
2018/01/15 12:52:19,423 DEBUG  commons-pool-evictor-thread com.github.tobato.fastdfs.conn.DefaultConnection.isValid(DefaultConnection.java:92) - check connection status of com.github.tobato.fastdfs.conn.DefaultConnection@68002388 
2018/01/15 12:53:19,493 DEBUG  commons-pool-evictor-thread com.github.tobato.fastdfs.conn.DefaultConnection.isValid(DefaultConnection.java:92) - check connection status of com.github.tobato.fastdfs.conn.DefaultConnection@ab0b73b 
2018/01/15 12:53:22,994 ERROR  commons-pool-evictor-thread com.github.tobato.fastdfs.conn.DefaultConnection.isValid(DefaultConnection.java:108) - valid connection error
java.net.SocketTimeoutException: Read timed out
	at java.net.SocketInputStream.socketRead0(Native Method) ~[?:1.8.0_152]
	at java.net.SocketInputStream.socketRead(SocketInputStream.java:116) ~[?:1.8.0_152]
	at java.net.SocketInputStream.read(SocketInputStream.java:171) ~[?:1.8.0_152]
	at java.net.SocketInputStream.read(SocketInputStream.java:141) ~[?:1.8.0_152]
	at java.net.SocketInputStream.read(SocketInputStream.java:127) ~[?:1.8.0_152]
	at com.github.tobato.fastdfs.conn.DefaultConnection.isValid(DefaultConnection.java:102) [fastdfs-client-1.25.4-RELEASE.jar:1.25.4-RELEASE]
	at com.github.tobato.fastdfs.conn.PooledConnectionFactory.validateObject(PooledConnectionFactory.java:86) [fastdfs-client-1.25.4-RELEASE.jar:1.25.4-RELEASE]
	at com.github.tobato.fastdfs.conn.PooledConnectionFactory.validateObject(PooledConnectionFactory.java:24) [fastdfs-client-1.25.4-RELEASE.jar:1.25.4-RELEASE]
	at org.apache.commons.pool2.impl.GenericKeyedObjectPool.evict(GenericKeyedObjectPool.java:966) [commons-pool2-2.5.0.jar:2.5.0]
	at org.apache.commons.pool2.impl.BaseGenericObjectPool$Evictor.run(BaseGenericObjectPool.java:1077) [commons-pool2-2.5.0.jar:2.5.0]
	at java.util.concurrent.Executors$RunnableAdapter.call(Executors.java:511) [?:1.8.0_152]
	at java.util.concurrent.FutureTask.runAndReset(FutureTask.java:308) [?:1.8.0_152]
	at java.util.concurrent.ScheduledThreadPoolExecutor$ScheduledFutureTask.access$301(ScheduledThreadPoolExecutor.java:180) [?:1.8.0_152]
	at java.util.concurrent.ScheduledThreadPoolExecutor$ScheduledFutureTask.run(ScheduledThreadPoolExecutor.java:294) [?:1.8.0_152]
	at java.util.concurrent.ThreadPoolExecutor.runWorker(ThreadPoolExecutor.java:1149) [?:1.8.0_152]
	at java.util.concurrent.ThreadPoolExecutor$Worker.run(ThreadPoolExecutor.java:624) [?:1.8.0_152]
	at java.lang.Thread.run(Thread.java:748) [?:1.8.0_152]
2018/01/15 12:53:23,048 DEBUG  commons-pool-evictor-thread com.github.tobato.fastdfs.conn.DefaultConnection.close(DefaultConnection.java:60) - disconnect from Socket[addr=/192.168.50.36,port=22122,localport=58078]
2018/01/15 12:53:23,049 DEBUG  commons-pool-evictor-thread com.github.tobato.fastdfs.conn.DefaultConnection.isValid(DefaultConnection.java:92) - check connection status of com.github.tobato.fastdfs.conn.DefaultConnection@68002388 
2018/01/15 12:53:26,550 ERROR  commons-pool-evictor-thread com.github.tobato.fastdfs.conn.DefaultConnection.isValid(DefaultConnection.java:108) - valid connection error
java.net.SocketTimeoutException: Read timed out
	at java.net.SocketInputStream.socketRead0(Native Method) ~[?:1.8.0_152]
	at java.net.SocketInputStream.socketRead(SocketInputStream.java:116) ~[?:1.8.0_152]
	at java.net.SocketInputStream.read(SocketInputStream.java:171) ~[?:1.8.0_152]
	at java.net.SocketInputStream.read(SocketInputStream.java:141) ~[?:1.8.0_152]
	at java.net.SocketInputStream.read(SocketInputStream.java:127) ~[?:1.8.0_152]
	at com.github.tobato.fastdfs.conn.DefaultConnection.isValid(DefaultConnection.java:102) [fastdfs-client-1.25.4-RELEASE.jar:1.25.4-RELEASE]
	at com.github.tobato.fastdfs.conn.PooledConnectionFactory.validateObject(PooledConnectionFactory.java:86) [fastdfs-client-1.25.4-RELEASE.jar:1.25.4-RELEASE]
	at com.github.tobato.fastdfs.conn.PooledConnectionFactory.validateObject(PooledConnectionFactory.java:24) [fastdfs-client-1.25.4-RELEASE.jar:1.25.4-RELEASE]
	at org.apache.commons.pool2.impl.GenericKeyedObjectPool.evict(GenericKeyedObjectPool.java:966) [commons-pool2-2.5.0.jar:2.5.0]
	at org.apache.commons.pool2.impl.BaseGenericObjectPool$Evictor.run(BaseGenericObjectPool.java:1077) [commons-pool2-2.5.0.jar:2.5.0]
	at java.util.concurrent.Executors$RunnableAdapter.call(Executors.java:511) [?:1.8.0_152]
	at java.util.concurrent.FutureTask.runAndReset(FutureTask.java:308) [?:1.8.0_152]
	at java.util.concurrent.ScheduledThreadPoolExecutor$ScheduledFutureTask.access$301(ScheduledThreadPoolExecutor.java:180) [?:1.8.0_152]
	at java.util.concurrent.ScheduledThreadPoolExecutor$ScheduledFutureTask.run(ScheduledThreadPoolExecutor.java:294) [?:1.8.0_152]
	at java.util.concurrent.ThreadPoolExecutor.runWorker(ThreadPoolExecutor.java:1149) [?:1.8.0_152]
	at java.util.concurrent.ThreadPoolExecutor$Worker.run(ThreadPoolExecutor.java:624) [?:1.8.0_152]
	at java.lang.Thread.run(Thread.java:748) [?:1.8.0_152]
2018/01/15 12:53:26,551 DEBUG  commons-pool-evictor-thread com.github.tobato.fastdfs.conn.DefaultConnection.close(DefaultConnection.java:60) - disconnect from Socket[addr=/192.168.50.37,port=23000,localport=58080]
2018/01/15 15:21:27,188 INFO   main                  com.gxd.GxdComponentsFastdfsApplication.logStarting(StartupInfoLogger.java:48) - Starting GxdComponentsFastdfsApplication on DESKTOP-I8Q3E8O with PID 1556 (E:\idea\gxd-master\gxd-components-fastdfs\target\classes started by Army in E:\idea\gxd-master)
2018/01/15 15:21:27,232 DEBUG  main                  com.gxd.GxdComponentsFastdfsApplication.logStarting(StartupInfoLogger.java:51) - Running with Spring Boot v1.5.9.RELEASE, Spring v4.3.13.RELEASE
2018/01/15 15:21:27,233 INFO   main                  com.gxd.GxdComponentsFastdfsApplication.logStartupProfileInfo(SpringApplication.java:593) - No active profile set, falling back to default profiles: default
2018/01/15 15:21:27,481 INFO   main                  org.springframework.boot.context.embedded.AnnotationConfigEmbeddedWebApplicationContext.prepareRefresh(AbstractApplicationContext.java:583) - Refreshing org.springframework.boot.context.embedded.AnnotationConfigEmbeddedWebApplicationContext@2f9a01c1: startup date [Mon Jan 15 15:21:27 CST 2018]; root of context hierarchy
2018/01/15 15:21:28,083 DEBUG  background-preinit    org.jboss.logging.make(LoggerFactory.java:19) - Logging Provider: org.jboss.logging.Log4j2LoggerProvider
2018/01/15 15:21:28,085 INFO   background-preinit    org.hibernate.validator.internal.util.Version.<clinit>(Version.java:30) - HV000001: Hibernate Validator 5.3.6.Final
2018/01/15 15:21:30,083 INFO   main                  org.springframework.beans.factory.annotation.AutowiredAnnotationBeanPostProcessor.<init>(AutowiredAnnotationBeanPostProcessor.java:155) - JSR-330 'javax.inject.Inject' annotation found and supported for autowiring
2018/01/15 15:21:31,568 INFO   main                  org.springframework.boot.context.embedded.tomcat.TomcatEmbeddedServletContainer.initialize(TomcatEmbeddedServletContainer.java:89) - Tomcat initialized with port(s): 8080 (http)
2018/01/15 15:21:31,584 INFO   main                  org.apache.catalina.core.StandardService.log(DirectJDKLog.java:179) - Starting service [Tomcat]
2018/01/15 15:21:31,588 INFO   main                  org.apache.catalina.core.StandardEngine.log(DirectJDKLog.java:179) - Starting Servlet Engine: Apache Tomcat/8.5.23
2018/01/15 15:21:31,832 INFO   localhost-startStop-1 org.apache.catalina.core.ContainerBase.[Tomcat].[localhost].[/].log(DirectJDKLog.java:179) - Initializing Spring embedded WebApplicationContext
2018/01/15 15:21:31,833 INFO   localhost-startStop-1 org.springframework.web.context.ContextLoader.prepareEmbeddedWebApplicationContext(EmbeddedWebApplicationContext.java:276) - Root WebApplicationContext: initialization completed in 4362 ms
2018/01/15 15:21:32,075 INFO   localhost-startStop-1 org.springframework.boot.web.servlet.ServletRegistrationBean.onStartup(ServletRegistrationBean.java:190) - Mapping servlet: 'dispatcherServlet' to [/]
2018/01/15 15:21:32,081 INFO   localhost-startStop-1 org.springframework.boot.web.servlet.FilterRegistrationBean.configure(AbstractFilterRegistrationBean.java:258) - Mapping filter: 'characterEncodingFilter' to: [/*]
2018/01/15 15:21:32,082 INFO   localhost-startStop-1 org.springframework.boot.web.servlet.FilterRegistrationBean.configure(AbstractFilterRegistrationBean.java:258) - Mapping filter: 'hiddenHttpMethodFilter' to: [/*]
2018/01/15 15:21:32,083 INFO   localhost-startStop-1 org.springframework.boot.web.servlet.FilterRegistrationBean.configure(AbstractFilterRegistrationBean.java:258) - Mapping filter: 'httpPutFormContentFilter' to: [/*]
2018/01/15 15:21:32,083 INFO   localhost-startStop-1 org.springframework.boot.web.servlet.FilterRegistrationBean.configure(AbstractFilterRegistrationBean.java:258) - Mapping filter: 'requestContextFilter' to: [/*]
2018/01/15 15:21:32,387 WARN   main                  org.springframework.boot.context.properties.ConfigurationPropertiesBindingPostProcessor.supports(ConfigurationPropertiesBindingPostProcessor.java:429) - The @ConfigurationProperties bean class com.github.tobato.fastdfs.conn.TrackerConnectionManager contains validation constraints but had not been annotated with @Validated.
2018/01/15 15:21:32,388 WARN   main                  org.springframework.boot.context.properties.ConfigurationPropertiesBindingPostProcessor.supports(ConfigurationPropertiesBindingPostProcessor.java:429) - The @ConfigurationProperties bean class com.github.tobato.fastdfs.conn.TrackerConnectionManager contains validation constraints but had not been annotated with @Validated.
2018/01/15 15:21:32,388 WARN   main                  org.springframework.boot.context.properties.ConfigurationPropertiesBindingPostProcessor.supports(ConfigurationPropertiesBindingPostProcessor.java:429) - The @ConfigurationProperties bean class com.github.tobato.fastdfs.conn.TrackerConnectionManager contains validation constraints but had not been annotated with @Validated.
2018/01/15 15:21:32,421 DEBUG  main                  com.github.tobato.fastdfs.conn.ConnectionManager.initTracker(TrackerConnectionManager.java:48) - init trackerLocator [192.168.50.36:22122, 192.168.50.37:22122]
2018/01/15 15:21:32,927 INFO   main                  org.springframework.web.servlet.mvc.method.annotation.RequestMappingHandlerAdapter.initControllerAdviceCache(RequestMappingHandlerAdapter.java:534) - Looking for @ControllerAdvice: org.springframework.boot.context.embedded.AnnotationConfigEmbeddedWebApplicationContext@2f9a01c1: startup date [Mon Jan 15 15:21:27 CST 2018]; root of context hierarchy
2018/01/15 15:21:33,022 INFO   main                  org.springframework.web.servlet.mvc.method.annotation.RequestMappingHandlerMapping.register(AbstractHandlerMethodMapping.java:543) - Mapped "{[/file/delete]}" onto public java.lang.String com.gxd.fastdfs.web.UploadController.deleteFile()
2018/01/15 15:21:33,024 INFO   main                  org.springframework.web.servlet.mvc.method.annotation.RequestMappingHandlerMapping.register(AbstractHandlerMethodMapping.java:543) - Mapped "{[/file/toupload],methods=[GET]}" onto private java.lang.String com.gxd.fastdfs.web.UploadController.toUpload()
2018/01/15 15:21:33,027 INFO   main                  org.springframework.web.servlet.mvc.method.annotation.RequestMappingHandlerMapping.register(AbstractHandlerMethodMapping.java:543) - Mapped "{[/file/upload],methods=[POST]}" onto public java.util.Map<java.lang.String, java.lang.String> com.gxd.fastdfs.web.UploadController.fileUp(org.springframework.web.multipart.MultipartHttpServletRequest,javax.servlet.http.HttpServletRequest)
2018/01/15 15:21:33,028 INFO   main                  org.springframework.web.servlet.mvc.method.annotation.RequestMappingHandlerMapping.register(AbstractHandlerMethodMapping.java:543) - Mapped "{[/file/download]}" onto public java.lang.String com.gxd.fastdfs.web.UploadController.download()
2018/01/15 15:21:33,031 INFO   main                  org.springframework.web.servlet.mvc.method.annotation.RequestMappingHandlerMapping.register(AbstractHandlerMethodMapping.java:543) - Mapped "{[/error]}" onto public org.springframework.http.ResponseEntity<java.util.Map<java.lang.String, java.lang.Object>> org.springframework.boot.autoconfigure.web.BasicErrorController.error(javax.servlet.http.HttpServletRequest)
2018/01/15 15:21:33,032 INFO   main                  org.springframework.web.servlet.mvc.method.annotation.RequestMappingHandlerMapping.register(AbstractHandlerMethodMapping.java:543) - Mapped "{[/error],produces=[text/html]}" onto public org.springframework.web.servlet.ModelAndView org.springframework.boot.autoconfigure.web.BasicErrorController.errorHtml(javax.servlet.http.HttpServletRequest,javax.servlet.http.HttpServletResponse)
2018/01/15 15:21:33,073 INFO   main                  com.gxd.fastdfs.mvc.WebMvcConfig.addResourceHandlers(WebMvcConfig.java:16) - # WebMvcConfig addResourceHandlers ...
2018/01/15 15:21:33,088 INFO   main                  org.springframework.web.servlet.handler.SimpleUrlHandlerMapping.registerHandler(AbstractUrlHandlerMapping.java:362) - Mapped URL path [/static/**] onto handler of type [class org.springframework.web.servlet.resource.ResourceHttpRequestHandler]
2018/01/15 15:21:33,089 INFO   main                  org.springframework.web.servlet.handler.SimpleUrlHandlerMapping.registerHandler(AbstractUrlHandlerMapping.java:362) - Mapped URL path [/webjars/**] onto handler of type [class org.springframework.web.servlet.resource.ResourceHttpRequestHandler]
2018/01/15 15:21:33,089 INFO   main                  org.springframework.web.servlet.handler.SimpleUrlHandlerMapping.registerHandler(AbstractUrlHandlerMapping.java:362) - Mapped URL path [/**] onto handler of type [class org.springframework.web.servlet.resource.ResourceHttpRequestHandler]
2018/01/15 15:21:33,174 INFO   main                  org.springframework.web.servlet.handler.SimpleUrlHandlerMapping.registerHandler(AbstractUrlHandlerMapping.java:362) - Mapped URL path [/**/favicon.ico] onto handler of type [class org.springframework.web.servlet.resource.ResourceHttpRequestHandler]
2018/01/15 15:21:33,481 INFO   main                  org.springframework.web.servlet.view.freemarker.FreeMarkerConfigurer.postProcessTemplateLoaders(FreeMarkerConfigurer.java:127) - ClassTemplateLoader for Spring macros added to FreeMarker configuration
2018/01/15 15:21:33,778 INFO   main                  org.springframework.jmx.export.annotation.AnnotationMBeanExporter.afterSingletonsInstantiated(MBeanExporter.java:431) - Registering beans for JMX exposure on startup
2018/01/15 15:21:33,781 INFO   main                  org.springframework.jmx.export.annotation.AnnotationMBeanExporter.autodetect(MBeanExporter.java:916) - Bean with name 'fdfsConnectionPool' has been autodetected for JMX exposure
2018/01/15 15:21:33,793 INFO   main                  org.springframework.jmx.export.annotation.AnnotationMBeanExporter.registerBeanInstance(MBeanExporter.java:671) - Located MBean 'fdfsConnectionPool': registering with JMX server as MBean [com.github.tobato.fastdfs.conn:name=fdfsConnectionPool,type=FdfsConnectionPool]
2018/01/15 15:21:33,839 INFO   main                  org.apache.coyote.http11.Http11NioProtocol.log(DirectJDKLog.java:179) - Initializing ProtocolHandler ["http-nio-8080"]
2018/01/15 15:21:33,878 INFO   main                  org.apache.coyote.http11.Http11NioProtocol.log(DirectJDKLog.java:179) - Starting ProtocolHandler ["http-nio-8080"]
2018/01/15 15:21:33,927 INFO   main                  org.apache.tomcat.util.net.NioSelectorPool.log(DirectJDKLog.java:179) - Using a shared selector for servlet write/read
2018/01/15 15:21:34,053 INFO   main                  org.springframework.boot.context.embedded.tomcat.TomcatEmbeddedServletContainer.start(TomcatEmbeddedServletContainer.java:201) - Tomcat started on port(s): 8080 (http)
2018/01/15 15:21:34,068 INFO   main                  com.gxd.GxdComponentsFastdfsApplication.logStarted(StartupInfoLogger.java:57) - Started GxdComponentsFastdfsApplication in 7.869 seconds (JVM running for 9.449)
2018/01/15 15:21:40,395 INFO   http-nio-8080-exec-1  org.apache.catalina.core.ContainerBase.[Tomcat].[localhost].[/].log(DirectJDKLog.java:179) - Initializing Spring FrameworkServlet 'dispatcherServlet'
2018/01/15 15:21:40,395 INFO   http-nio-8080-exec-1  org.springframework.web.servlet.DispatcherServlet.initServletBean(FrameworkServlet.java:489) - FrameworkServlet 'dispatcherServlet': initialization started
2018/01/15 15:21:40,435 INFO   http-nio-8080-exec-1  org.springframework.web.servlet.DispatcherServlet.initServletBean(FrameworkServlet.java:508) - FrameworkServlet 'dispatcherServlet': initialization completed in 39 ms
2018/01/15 15:21:40,495 DEBUG  http-nio-8080-exec-1  com.github.tobato.fastdfs.conn.ConnectionManager.executeFdfsTrackerCmd(TrackerConnectionManager.java:65) - 获取到Tracker连接地址/192.168.50.36:22122
2018/01/15 15:21:40,501 DEBUG  http-nio-8080-exec-1  com.github.tobato.fastdfs.conn.DefaultConnection.<init>(DefaultConnection.java:48) - connect to /192.168.50.36:22122 soTimeout=3500 connectTimeout=6000
2018/01/15 15:21:40,609 DEBUG  http-nio-8080-exec-1  com.github.tobato.fastdfs.conn.ConnectionManager.execute(ConnectionManager.java:75) - 对地址/192.168.50.36:22122发出交易请求TrackerGetFetchStorageCommand
2018/01/15 15:21:40,700 DEBUG  http-nio-8080-exec-1  com.github.tobato.fastdfs.proto.AbstractFdfsCommand.send(AbstractFdfsCommand.java:74) - 发出交易请求..报文头为ProtoHead [contentLength=60, cmd=102, status=0]
2018/01/15 15:21:40,700 DEBUG  http-nio-8080-exec-1  com.github.tobato.fastdfs.proto.AbstractFdfsCommand.send(AbstractFdfsCommand.java:75) - 交易参数为[103, 114, 111, 117, 112, 49, 0, 0, 0, 0, 0, 0, 0, 0, 0, 0, 77, 48, 48, 47, 48, 48, 47, 48, 48, 47, 119, 75, 103, 121, 74, 86, 112, 98, 82, 117, 45, 69, 72, 54, 55, 79, 65, 65, 65, 65, 65, 75, 109, 84, 74, 113, 85, 55, 55, 49, 46, 116, 120, 116]
2018/01/15 15:21:40,926 DEBUG  http-nio-8080-exec-1  com.github.tobato.fastdfs.proto.AbstractFdfsCommand.receive(AbstractFdfsCommand.java:100) - 服务端返回报文头ProtoHead [contentLength=39, cmd=100, status=0]
2018/01/15 15:21:40,927 DEBUG  http-nio-8080-exec-1  com.github.tobato.fastdfs.proto.mapper.ObjectMateData.dumpObjectMateData(ObjectMateData.java:202) - dump class=com.github.tobato.fastdfs.domain.StorageNodeInfo
2018/01/15 15:21:40,928 DEBUG  http-nio-8080-exec-1  com.github.tobato.fastdfs.proto.mapper.ObjectMateData.dumpObjectMateData(ObjectMateData.java:203) - ----------------------------------------
2018/01/15 15:21:40,930 DEBUG  http-nio-8080-exec-1  com.github.tobato.fastdfs.proto.mapper.ObjectMateData.dumpObjectMateData(ObjectMateData.java:205) - FieldMateData [field=groupName, index=0, max=16, size=16, offsize=0]
2018/01/15 15:21:40,930 DEBUG  http-nio-8080-exec-1  com.github.tobato.fastdfs.proto.mapper.ObjectMateData.dumpObjectMateData(ObjectMateData.java:205) - FieldMateData [field=ip, index=1, max=15, size=15, offsize=16]
2018/01/15 15:21:40,930 DEBUG  http-nio-8080-exec-1  com.github.tobato.fastdfs.proto.mapper.ObjectMateData.dumpObjectMateData(ObjectMateData.java:205) - FieldMateData [field=port, index=2, max=0, size=8, offsize=31]
2018/01/15 15:21:40,931 DEBUG  http-nio-8080-exec-1  com.github.tobato.fastdfs.proto.mapper.FdfsParamMapper.mapByIndex(FdfsParamMapper.java:92) - 设置值是 FieldMateData [field=groupName, index=0, max=16, size=16, offsize=0]group1
2018/01/15 15:21:40,935 DEBUG  http-nio-8080-exec-1  com.github.tobato.fastdfs.proto.mapper.FdfsParamMapper.mapByIndex(FdfsParamMapper.java:92) - 设置值是 FieldMateData [field=ip, index=1, max=15, size=15, offsize=16]192.168.50.37
2018/01/15 15:21:40,935 DEBUG  http-nio-8080-exec-1  com.github.tobato.fastdfs.proto.mapper.FdfsParamMapper.mapByIndex(FdfsParamMapper.java:92) - 设置值是 FieldMateData [field=port, index=2, max=0, size=8, offsize=31]23000
2018/01/15 15:21:40,939 DEBUG  http-nio-8080-exec-1  com.github.tobato.fastdfs.conn.DefaultConnection.<init>(DefaultConnection.java:48) - connect to /192.168.50.37:23000 soTimeout=3500 connectTimeout=6000
2018/01/15 15:21:41,099 DEBUG  http-nio-8080-exec-1  com.github.tobato.fastdfs.conn.ConnectionManager.execute(ConnectionManager.java:75) - 对地址/192.168.50.37:23000发出交易请求StorageDownloadCommand
2018/01/15 15:21:41,104 DEBUG  http-nio-8080-exec-1  com.github.tobato.fastdfs.proto.AbstractFdfsCommand.send(AbstractFdfsCommand.java:74) - 发出交易请求..报文头为ProtoHead [contentLength=76, cmd=14, status=0]
2018/01/15 15:21:41,105 DEBUG  http-nio-8080-exec-1  com.github.tobato.fastdfs.proto.AbstractFdfsCommand.send(AbstractFdfsCommand.java:75) - 交易参数为[0, 0, 0, 0, 0, 0, 0, 0, 0, 0, 0, 0, 0, 0, 0, 0, 103, 114, 111, 117, 112, 49, 0, 0, 0, 0, 0, 0, 0, 0, 0, 0, 77, 48, 48, 47, 48, 48, 47, 48, 48, 47, 119, 75, 103, 121, 74, 86, 112, 98, 82, 117, 45, 69, 72, 54, 55, 79, 65, 65, 65, 65, 65, 75, 109, 84, 74, 113, 85, 55, 55, 49, 46, 116, 120, 116]
2018/01/15 15:21:41,328 DEBUG  http-nio-8080-exec-1  com.github.tobato.fastdfs.proto.AbstractFdfsCommand.receive(AbstractFdfsCommand.java:100) - 服务端返回报文头ProtoHead [contentLength=78, cmd=100, status=0]
2018/01/15 15:22:32,359 DEBUG  commons-pool-evictor-thread com.github.tobato.fastdfs.conn.DefaultConnection.isValid(DefaultConnection.java:92) - check connection status of com.github.tobato.fastdfs.conn.DefaultConnection@481c9a7 
2018/01/15 15:22:32,432 DEBUG  commons-pool-evictor-thread com.github.tobato.fastdfs.conn.DefaultConnection.isValid(DefaultConnection.java:92) - check connection status of com.github.tobato.fastdfs.conn.DefaultConnection@301b6eec 
2018/01/15 15:23:32,489 DEBUG  commons-pool-evictor-thread com.github.tobato.fastdfs.conn.DefaultConnection.isValid(DefaultConnection.java:92) - check connection status of com.github.tobato.fastdfs.conn.DefaultConnection@481c9a7 
2018/01/15 15:23:32,876 DEBUG  commons-pool-evictor-thread com.github.tobato.fastdfs.conn.DefaultConnection.isValid(DefaultConnection.java:92) - check connection status of com.github.tobato.fastdfs.conn.DefaultConnection@301b6eec 
2018/01/15 15:24:32,939 DEBUG  commons-pool-evictor-thread com.github.tobato.fastdfs.conn.DefaultConnection.isValid(DefaultConnection.java:92) - check connection status of com.github.tobato.fastdfs.conn.DefaultConnection@481c9a7 
2018/01/15 15:24:32,993 DEBUG  commons-pool-evictor-thread com.github.tobato.fastdfs.conn.DefaultConnection.isValid(DefaultConnection.java:92) - check connection status of com.github.tobato.fastdfs.conn.DefaultConnection@301b6eec 
2018/01/15 15:25:33,085 DEBUG  commons-pool-evictor-thread com.github.tobato.fastdfs.conn.DefaultConnection.close(DefaultConnection.java:60) - disconnect from Socket[addr=/192.168.50.36,port=22122,localport=63102]
2018/01/15 15:25:33,087 DEBUG  commons-pool-evictor-thread com.github.tobato.fastdfs.conn.DefaultConnection.close(DefaultConnection.java:60) - disconnect from Socket[addr=/192.168.50.37,port=23000,localport=63103]
2018/01/15 18:34:11,563 INFO   main                  com.gxd.GxdComponentsFastdfsApplication.logStarting(StartupInfoLogger.java:48) - Starting GxdComponentsFastdfsApplication on DESKTOP-I8Q3E8O with PID 8988 (E:\idea\gxd-master\gxd-components-fastdfs\target\classes started by Army in E:\idea\gxd-master)
2018/01/15 18:34:11,582 DEBUG  main                  com.gxd.GxdComponentsFastdfsApplication.logStarting(StartupInfoLogger.java:51) - Running with Spring Boot v1.5.9.RELEASE, Spring v4.3.13.RELEASE
2018/01/15 18:34:11,584 INFO   main                  com.gxd.GxdComponentsFastdfsApplication.logStartupProfileInfo(SpringApplication.java:593) - No active profile set, falling back to default profiles: default
2018/01/15 18:34:11,864 INFO   main                  org.springframework.boot.context.embedded.AnnotationConfigEmbeddedWebApplicationContext.prepareRefresh(AbstractApplicationContext.java:583) - Refreshing org.springframework.boot.context.embedded.AnnotationConfigEmbeddedWebApplicationContext@2f9a01c1: startup date [Mon Jan 15 18:34:11 CST 2018]; root of context hierarchy
2018/01/15 18:34:12,476 DEBUG  background-preinit    org.jboss.logging.make(LoggerFactory.java:19) - Logging Provider: org.jboss.logging.Log4j2LoggerProvider
2018/01/15 18:34:12,479 INFO   background-preinit    org.hibernate.validator.internal.util.Version.<clinit>(Version.java:30) - HV000001: Hibernate Validator 5.3.6.Final
2018/01/15 18:34:14,171 INFO   main                  org.springframework.beans.factory.annotation.AutowiredAnnotationBeanPostProcessor.<init>(AutowiredAnnotationBeanPostProcessor.java:155) - JSR-330 'javax.inject.Inject' annotation found and supported for autowiring
2018/01/15 18:34:15,174 INFO   main                  org.springframework.boot.context.embedded.tomcat.TomcatEmbeddedServletContainer.initialize(TomcatEmbeddedServletContainer.java:89) - Tomcat initialized with port(s): 8080 (http)
2018/01/15 18:34:15,191 INFO   main                  org.apache.catalina.core.StandardService.log(DirectJDKLog.java:179) - Starting service [Tomcat]
2018/01/15 18:34:15,193 INFO   main                  org.apache.catalina.core.StandardEngine.log(DirectJDKLog.java:179) - Starting Servlet Engine: Apache Tomcat/8.5.23
2018/01/15 18:34:15,458 INFO   localhost-startStop-1 org.apache.catalina.core.ContainerBase.[Tomcat].[localhost].[/].log(DirectJDKLog.java:179) - Initializing Spring embedded WebApplicationContext
2018/01/15 18:34:15,459 INFO   localhost-startStop-1 org.springframework.web.context.ContextLoader.prepareEmbeddedWebApplicationContext(EmbeddedWebApplicationContext.java:276) - Root WebApplicationContext: initialization completed in 3601 ms
2018/01/15 18:34:15,771 INFO   localhost-startStop-1 org.springframework.boot.web.servlet.ServletRegistrationBean.onStartup(ServletRegistrationBean.java:190) - Mapping servlet: 'dispatcherServlet' to [/]
2018/01/15 18:34:15,779 INFO   localhost-startStop-1 org.springframework.boot.web.servlet.FilterRegistrationBean.configure(AbstractFilterRegistrationBean.java:258) - Mapping filter: 'characterEncodingFilter' to: [/*]
2018/01/15 18:34:15,779 INFO   localhost-startStop-1 org.springframework.boot.web.servlet.FilterRegistrationBean.configure(AbstractFilterRegistrationBean.java:258) - Mapping filter: 'hiddenHttpMethodFilter' to: [/*]
2018/01/15 18:34:15,780 INFO   localhost-startStop-1 org.springframework.boot.web.servlet.FilterRegistrationBean.configure(AbstractFilterRegistrationBean.java:258) - Mapping filter: 'httpPutFormContentFilter' to: [/*]
2018/01/15 18:34:15,780 INFO   localhost-startStop-1 org.springframework.boot.web.servlet.FilterRegistrationBean.configure(AbstractFilterRegistrationBean.java:258) - Mapping filter: 'requestContextFilter' to: [/*]
2018/01/15 18:34:16,049 WARN   main                  org.springframework.boot.context.properties.ConfigurationPropertiesBindingPostProcessor.supports(ConfigurationPropertiesBindingPostProcessor.java:429) - The @ConfigurationProperties bean class com.github.tobato.fastdfs.conn.TrackerConnectionManager contains validation constraints but had not been annotated with @Validated.
2018/01/15 18:34:16,049 WARN   main                  org.springframework.boot.context.properties.ConfigurationPropertiesBindingPostProcessor.supports(ConfigurationPropertiesBindingPostProcessor.java:429) - The @ConfigurationProperties bean class com.github.tobato.fastdfs.conn.TrackerConnectionManager contains validation constraints but had not been annotated with @Validated.
2018/01/15 18:34:16,050 WARN   main                  org.springframework.boot.context.properties.ConfigurationPropertiesBindingPostProcessor.supports(ConfigurationPropertiesBindingPostProcessor.java:429) - The @ConfigurationProperties bean class com.github.tobato.fastdfs.conn.TrackerConnectionManager contains validation constraints but had not been annotated with @Validated.
2018/01/15 18:34:16,083 DEBUG  main                  com.github.tobato.fastdfs.conn.ConnectionManager.initTracker(TrackerConnectionManager.java:48) - init trackerLocator [192.168.50.36:22122, 192.168.50.37:22122]
2018/01/15 18:34:16,570 INFO   main                  org.springframework.web.servlet.mvc.method.annotation.RequestMappingHandlerAdapter.initControllerAdviceCache(RequestMappingHandlerAdapter.java:534) - Looking for @ControllerAdvice: org.springframework.boot.context.embedded.AnnotationConfigEmbeddedWebApplicationContext@2f9a01c1: startup date [Mon Jan 15 18:34:11 CST 2018]; root of context hierarchy
2018/01/15 18:34:16,672 INFO   main                  org.springframework.web.servlet.mvc.method.annotation.RequestMappingHandlerMapping.register(AbstractHandlerMethodMapping.java:543) - Mapped "{[/file/delete]}" onto public java.lang.String com.gxd.fastdfs.web.UploadController.deleteFile()
2018/01/15 18:34:16,675 INFO   main                  org.springframework.web.servlet.mvc.method.annotation.RequestMappingHandlerMapping.register(AbstractHandlerMethodMapping.java:543) - Mapped "{[/file/download]}" onto public java.lang.String com.gxd.fastdfs.web.UploadController.download()
2018/01/15 18:34:16,676 INFO   main                  org.springframework.web.servlet.mvc.method.annotation.RequestMappingHandlerMapping.register(AbstractHandlerMethodMapping.java:543) - Mapped "{[/file/toupload],methods=[GET]}" onto private java.lang.String com.gxd.fastdfs.web.UploadController.toUpload()
2018/01/15 18:34:16,679 INFO   main                  org.springframework.web.servlet.mvc.method.annotation.RequestMappingHandlerMapping.register(AbstractHandlerMethodMapping.java:543) - Mapped "{[/file/upload],methods=[POST]}" onto public java.util.Map<java.lang.String, java.lang.String> com.gxd.fastdfs.web.UploadController.fileUp(org.springframework.web.multipart.MultipartHttpServletRequest,javax.servlet.http.HttpServletRequest)
2018/01/15 18:34:16,684 INFO   main                  org.springframework.web.servlet.mvc.method.annotation.RequestMappingHandlerMapping.register(AbstractHandlerMethodMapping.java:543) - Mapped "{[/error]}" onto public org.springframework.http.ResponseEntity<java.util.Map<java.lang.String, java.lang.Object>> org.springframework.boot.autoconfigure.web.BasicErrorController.error(javax.servlet.http.HttpServletRequest)
2018/01/15 18:34:16,686 INFO   main                  org.springframework.web.servlet.mvc.method.annotation.RequestMappingHandlerMapping.register(AbstractHandlerMethodMapping.java:543) - Mapped "{[/error],produces=[text/html]}" onto public org.springframework.web.servlet.ModelAndView org.springframework.boot.autoconfigure.web.BasicErrorController.errorHtml(javax.servlet.http.HttpServletRequest,javax.servlet.http.HttpServletResponse)
2018/01/15 18:34:16,725 INFO   main                  com.gxd.fastdfs.mvc.WebMvcConfig.addResourceHandlers(WebMvcConfig.java:16) - # WebMvcConfig addResourceHandlers ...
2018/01/15 18:34:16,740 INFO   main                  org.springframework.web.servlet.handler.SimpleUrlHandlerMapping.registerHandler(AbstractUrlHandlerMapping.java:362) - Mapped URL path [/static/**] onto handler of type [class org.springframework.web.servlet.resource.ResourceHttpRequestHandler]
2018/01/15 18:34:16,740 INFO   main                  org.springframework.web.servlet.handler.SimpleUrlHandlerMapping.registerHandler(AbstractUrlHandlerMapping.java:362) - Mapped URL path [/webjars/**] onto handler of type [class org.springframework.web.servlet.resource.ResourceHttpRequestHandler]
2018/01/15 18:34:16,741 INFO   main                  org.springframework.web.servlet.handler.SimpleUrlHandlerMapping.registerHandler(AbstractUrlHandlerMapping.java:362) - Mapped URL path [/**] onto handler of type [class org.springframework.web.servlet.resource.ResourceHttpRequestHandler]
2018/01/15 18:34:16,815 INFO   main                  org.springframework.web.servlet.handler.SimpleUrlHandlerMapping.registerHandler(AbstractUrlHandlerMapping.java:362) - Mapped URL path [/**/favicon.ico] onto handler of type [class org.springframework.web.servlet.resource.ResourceHttpRequestHandler]
2018/01/15 18:34:17,242 INFO   main                  org.springframework.web.servlet.view.freemarker.FreeMarkerConfigurer.postProcessTemplateLoaders(FreeMarkerConfigurer.java:127) - ClassTemplateLoader for Spring macros added to FreeMarker configuration
2018/01/15 18:34:17,601 INFO   main                  org.springframework.jmx.export.annotation.AnnotationMBeanExporter.afterSingletonsInstantiated(MBeanExporter.java:431) - Registering beans for JMX exposure on startup
2018/01/15 18:34:17,604 INFO   main                  org.springframework.jmx.export.annotation.AnnotationMBeanExporter.autodetect(MBeanExporter.java:916) - Bean with name 'fdfsConnectionPool' has been autodetected for JMX exposure
2018/01/15 18:34:17,613 INFO   main                  org.springframework.jmx.export.annotation.AnnotationMBeanExporter.registerBeanInstance(MBeanExporter.java:671) - Located MBean 'fdfsConnectionPool': registering with JMX server as MBean [com.github.tobato.fastdfs.conn:name=fdfsConnectionPool,type=FdfsConnectionPool]
2018/01/15 18:34:17,628 INFO   main                  org.apache.coyote.http11.Http11NioProtocol.log(DirectJDKLog.java:179) - Initializing ProtocolHandler ["http-nio-8080"]
2018/01/15 18:34:17,645 INFO   main                  org.apache.coyote.http11.Http11NioProtocol.log(DirectJDKLog.java:179) - Starting ProtocolHandler ["http-nio-8080"]
2018/01/15 18:34:17,671 INFO   main                  org.apache.tomcat.util.net.NioSelectorPool.log(DirectJDKLog.java:179) - Using a shared selector for servlet write/read
2018/01/15 18:34:17,699 INFO   main                  org.springframework.boot.context.embedded.tomcat.TomcatEmbeddedServletContainer.start(TomcatEmbeddedServletContainer.java:201) - Tomcat started on port(s): 8080 (http)
2018/01/15 18:34:17,704 INFO   main                  com.gxd.GxdComponentsFastdfsApplication.logStarted(StartupInfoLogger.java:57) - Started GxdComponentsFastdfsApplication in 7.436 seconds (JVM running for 9.03)
2018/01/15 18:34:23,441 INFO   http-nio-8080-exec-1  org.apache.catalina.core.ContainerBase.[Tomcat].[localhost].[/].log(DirectJDKLog.java:179) - Initializing Spring FrameworkServlet 'dispatcherServlet'
2018/01/15 18:34:23,441 INFO   http-nio-8080-exec-1  org.springframework.web.servlet.DispatcherServlet.initServletBean(FrameworkServlet.java:489) - FrameworkServlet 'dispatcherServlet': initialization started
2018/01/15 18:34:23,481 INFO   http-nio-8080-exec-1  org.springframework.web.servlet.DispatcherServlet.initServletBean(FrameworkServlet.java:508) - FrameworkServlet 'dispatcherServlet': initialization completed in 40 ms
2018/01/15 18:34:23,538 DEBUG  http-nio-8080-exec-1  com.github.tobato.fastdfs.conn.ConnectionManager.executeFdfsTrackerCmd(TrackerConnectionManager.java:65) - 获取到Tracker连接地址/192.168.50.36:22122
2018/01/15 18:34:23,546 DEBUG  http-nio-8080-exec-1  com.github.tobato.fastdfs.conn.DefaultConnection.<init>(DefaultConnection.java:48) - connect to /192.168.50.36:22122 soTimeout=3500 connectTimeout=6000
2018/01/15 18:34:23,623 DEBUG  http-nio-8080-exec-1  com.github.tobato.fastdfs.conn.ConnectionManager.execute(ConnectionManager.java:75) - 对地址/192.168.50.36:22122发出交易请求TrackerGetFetchStorageCommand
2018/01/15 18:34:23,686 DEBUG  http-nio-8080-exec-1  com.github.tobato.fastdfs.proto.AbstractFdfsCommand.send(AbstractFdfsCommand.java:74) - 发出交易请求..报文头为ProtoHead [contentLength=60, cmd=102, status=0]
2018/01/15 18:34:23,687 DEBUG  http-nio-8080-exec-1  com.github.tobato.fastdfs.proto.AbstractFdfsCommand.send(AbstractFdfsCommand.java:75) - 交易参数为[103, 114, 111, 117, 112, 49, 0, 0, 0, 0, 0, 0, 0, 0, 0, 0, 77, 48, 48, 47, 48, 48, 47, 48, 48, 47, 119, 75, 103, 121, 74, 86, 112, 98, 82, 117, 45, 69, 72, 54, 55, 79, 65, 65, 65, 65, 65, 75, 109, 84, 74, 113, 85, 55, 55, 49, 46, 116, 120, 116]
2018/01/15 18:34:23,863 DEBUG  http-nio-8080-exec-1  com.github.tobato.fastdfs.proto.AbstractFdfsCommand.receive(AbstractFdfsCommand.java:100) - 服务端返回报文头ProtoHead [contentLength=39, cmd=100, status=0]
2018/01/15 18:34:23,864 DEBUG  http-nio-8080-exec-1  com.github.tobato.fastdfs.proto.mapper.ObjectMateData.dumpObjectMateData(ObjectMateData.java:202) - dump class=com.github.tobato.fastdfs.domain.StorageNodeInfo
2018/01/15 18:34:23,864 DEBUG  http-nio-8080-exec-1  com.github.tobato.fastdfs.proto.mapper.ObjectMateData.dumpObjectMateData(ObjectMateData.java:203) - ----------------------------------------
2018/01/15 18:34:23,865 DEBUG  http-nio-8080-exec-1  com.github.tobato.fastdfs.proto.mapper.ObjectMateData.dumpObjectMateData(ObjectMateData.java:205) - FieldMateData [field=groupName, index=0, max=16, size=16, offsize=0]
2018/01/15 18:34:23,865 DEBUG  http-nio-8080-exec-1  com.github.tobato.fastdfs.proto.mapper.ObjectMateData.dumpObjectMateData(ObjectMateData.java:205) - FieldMateData [field=ip, index=1, max=15, size=15, offsize=16]
2018/01/15 18:34:23,865 DEBUG  http-nio-8080-exec-1  com.github.tobato.fastdfs.proto.mapper.ObjectMateData.dumpObjectMateData(ObjectMateData.java:205) - FieldMateData [field=port, index=2, max=0, size=8, offsize=31]
2018/01/15 18:34:23,865 DEBUG  http-nio-8080-exec-1  com.github.tobato.fastdfs.proto.mapper.FdfsParamMapper.mapByIndex(FdfsParamMapper.java:92) - 设置值是 FieldMateData [field=groupName, index=0, max=16, size=16, offsize=0]group1
2018/01/15 18:34:23,870 DEBUG  http-nio-8080-exec-1  com.github.tobato.fastdfs.proto.mapper.FdfsParamMapper.mapByIndex(FdfsParamMapper.java:92) - 设置值是 FieldMateData [field=ip, index=1, max=15, size=15, offsize=16]192.168.50.37
2018/01/15 18:34:23,871 DEBUG  http-nio-8080-exec-1  com.github.tobato.fastdfs.proto.mapper.FdfsParamMapper.mapByIndex(FdfsParamMapper.java:92) - 设置值是 FieldMateData [field=port, index=2, max=0, size=8, offsize=31]23000
2018/01/15 18:34:23,874 DEBUG  http-nio-8080-exec-1  com.github.tobato.fastdfs.conn.DefaultConnection.<init>(DefaultConnection.java:48) - connect to /192.168.50.37:23000 soTimeout=3500 connectTimeout=6000
2018/01/15 18:34:23,930 DEBUG  http-nio-8080-exec-1  com.github.tobato.fastdfs.conn.ConnectionManager.execute(ConnectionManager.java:75) - 对地址/192.168.50.37:23000发出交易请求StorageDownloadCommand
2018/01/15 18:34:23,934 DEBUG  http-nio-8080-exec-1  com.github.tobato.fastdfs.proto.AbstractFdfsCommand.send(AbstractFdfsCommand.java:74) - 发出交易请求..报文头为ProtoHead [contentLength=76, cmd=14, status=0]
2018/01/15 18:34:23,934 DEBUG  http-nio-8080-exec-1  com.github.tobato.fastdfs.proto.AbstractFdfsCommand.send(AbstractFdfsCommand.java:75) - 交易参数为[0, 0, 0, 0, 0, 0, 0, 0, 0, 0, 0, 0, 0, 0, 0, 0, 103, 114, 111, 117, 112, 49, 0, 0, 0, 0, 0, 0, 0, 0, 0, 0, 77, 48, 48, 47, 48, 48, 47, 48, 48, 47, 119, 75, 103, 121, 74, 86, 112, 98, 82, 117, 45, 69, 72, 54, 55, 79, 65, 65, 65, 65, 65, 75, 109, 84, 74, 113, 85, 55, 55, 49, 46, 116, 120, 116]
2018/01/15 18:34:24,037 DEBUG  http-nio-8080-exec-1  com.github.tobato.fastdfs.proto.AbstractFdfsCommand.receive(AbstractFdfsCommand.java:100) - 服务端返回报文头ProtoHead [contentLength=78, cmd=100, status=0]
