2018/02/01 21:14:35,145 INFO   main                  com.gxd.GxdEurekaServerApplication.logStartupProfileInfo(SpringApplication.java:593) - No active profile set, falling back to default profiles: default
2018/02/01 21:14:35,277 INFO   main                  org.springframework.boot.context.embedded.AnnotationConfigEmbeddedWebApplicationContext.prepareRefresh(AbstractApplicationContext.java:583) - Refreshing org.springframework.boot.context.embedded.AnnotationConfigEmbeddedWebApplicationContext@55ec556: startup date [Thu Feb 01 21:14:35 CST 2018]; parent: org.springframework.context.annotation.AnnotationConfigApplicationContext@3dddefd8
2018/02/01 21:14:37,818 INFO   main                  org.springframework.cloud.context.scope.GenericScope.setSerializationId(GenericScope.java:287) - BeanFactory id=bb346f75-5105-39cb-af1b-951333b209ae
2018/02/01 21:14:37,847 INFO   main                  org.springframework.beans.factory.annotation.AutowiredAnnotationBeanPostProcessor.<init>(AutowiredAnnotationBeanPostProcessor.java:155) - JSR-330 'javax.inject.Inject' annotation found and supported for autowiring
2018/02/01 21:14:38,358 INFO   main                  org.springframework.context.support.PostProcessorRegistrationDelegate$BeanPostProcessorChecker.postProcessAfterInitialization(PostProcessorRegistrationDelegate.java:327) - Bean 'org.springframework.cloud.netflix.metrics.MetricsInterceptorConfiguration$MetricsRestTemplateConfiguration' of type [org.springframework.cloud.netflix.metrics.MetricsInterceptorConfiguration$MetricsRestTemplateConfiguration$$EnhancerBySpringCGLIB$$578c15b3] is not eligible for getting processed by all BeanPostProcessors (for example: not eligible for auto-proxying)
2018/02/01 21:14:38,523 INFO   main                  org.springframework.context.support.PostProcessorRegistrationDelegate$BeanPostProcessorChecker.postProcessAfterInitialization(PostProcessorRegistrationDelegate.java:327) - Bean 'org.springframework.cloud.autoconfigure.ConfigurationPropertiesRebinderAutoConfiguration' of type [org.springframework.cloud.autoconfigure.ConfigurationPropertiesRebinderAutoConfiguration$$EnhancerBySpringCGLIB$$4179726f] is not eligible for getting processed by all BeanPostProcessors (for example: not eligible for auto-proxying)
2018/02/01 21:14:39,559 INFO   main                  org.springframework.boot.context.embedded.tomcat.TomcatEmbeddedServletContainer.initialize(TomcatEmbeddedServletContainer.java:89) - Tomcat initialized with port(s): 1111 (http)
2018/02/01 21:14:39,575 INFO   main                  org.apache.catalina.core.StandardService.log(DirectJDKLog.java:179) - Starting service [Tomcat]
2018/02/01 21:14:39,577 INFO   main                  org.apache.catalina.core.StandardEngine.log(DirectJDKLog.java:179) - Starting Servlet Engine: Apache Tomcat/8.5.23
2018/02/01 21:14:39,828 INFO   localhost-startStop-1 org.apache.catalina.core.ContainerBase.[Tomcat].[localhost].[/].log(DirectJDKLog.java:179) - Initializing Spring embedded WebApplicationContext
2018/02/01 21:14:39,830 INFO   localhost-startStop-1 org.springframework.web.context.ContextLoader.prepareEmbeddedWebApplicationContext(EmbeddedWebApplicationContext.java:276) - Root WebApplicationContext: initialization completed in 4553 ms
2018/02/01 21:14:40,883 INFO   localhost-startStop-1 org.springframework.boot.web.servlet.FilterRegistrationBean.configure(AbstractFilterRegistrationBean.java:258) - Mapping filter: 'metricsFilter' to: [/*]
2018/02/01 21:14:40,884 INFO   localhost-startStop-1 org.springframework.boot.web.servlet.FilterRegistrationBean.configure(AbstractFilterRegistrationBean.java:258) - Mapping filter: 'characterEncodingFilter' to: [/*]
2018/02/01 21:14:40,885 INFO   localhost-startStop-1 org.springframework.boot.web.servlet.FilterRegistrationBean.configure(AbstractFilterRegistrationBean.java:258) - Mapping filter: 'hiddenHttpMethodFilter' to: [/*]
2018/02/01 21:14:40,885 INFO   localhost-startStop-1 org.springframework.boot.web.servlet.FilterRegistrationBean.configure(AbstractFilterRegistrationBean.java:258) - Mapping filter: 'httpPutFormContentFilter' to: [/*]
2018/02/01 21:14:40,885 INFO   localhost-startStop-1 org.springframework.boot.web.servlet.FilterRegistrationBean.configure(AbstractFilterRegistrationBean.java:258) - Mapping filter: 'requestContextFilter' to: [/*]
2018/02/01 21:14:40,886 INFO   localhost-startStop-1 org.springframework.boot.web.servlet.FilterRegistrationBean.configure(AbstractFilterRegistrationBean.java:258) - Mapping filter: 'webRequestTraceFilter' to: [/*]
2018/02/01 21:14:40,886 INFO   localhost-startStop-1 org.springframework.boot.web.servlet.FilterRegistrationBean.configure(AbstractFilterRegistrationBean.java:271) - Mapping filter: 'servletContainer' to urls: [/eureka/*]
2018/02/01 21:14:40,886 INFO   localhost-startStop-1 org.springframework.boot.web.servlet.FilterRegistrationBean.configure(AbstractFilterRegistrationBean.java:258) - Mapping filter: 'applicationContextIdFilter' to: [/*]
2018/02/01 21:14:40,886 INFO   localhost-startStop-1 org.springframework.boot.web.servlet.ServletRegistrationBean.onStartup(ServletRegistrationBean.java:190) - Mapping servlet: 'dispatcherServlet' to [/]
2018/02/01 21:14:41,103 INFO   localhost-startStop-1 com.sun.jersey.server.impl.application.WebApplicationImpl._initiate(WebApplicationImpl.java:815) - Initiating Jersey application, version 'Jersey: 1.19.1 03/11/2016 02:08 PM'
2018/02/01 21:14:42,854 WARN   main                  org.springframework.cloud.netflix.archaius.ArchaiusAutoConfiguration.configureArchaius(ArchaiusAutoConfiguration.java:148) - No spring.application.name found, defaulting to 'application'
2018/02/01 21:14:43,412 INFO   main                  org.springframework.web.servlet.mvc.method.annotation.RequestMappingHandlerAdapter.initControllerAdviceCache(RequestMappingHandlerAdapter.java:534) - Looking for @ControllerAdvice: org.springframework.boot.context.embedded.AnnotationConfigEmbeddedWebApplicationContext@55ec556: startup date [Thu Feb 01 21:14:35 CST 2018]; parent: org.springframework.context.annotation.AnnotationConfigApplicationContext@3dddefd8
2018/02/01 21:14:43,599 INFO   main                  org.springframework.web.servlet.mvc.method.annotation.RequestMappingHandlerMapping.register(AbstractHandlerMethodMapping.java:543) - Mapped "{[/error]}" onto public org.springframework.http.ResponseEntity<java.util.Map<java.lang.String, java.lang.Object>> org.springframework.boot.autoconfigure.web.BasicErrorController.error(javax.servlet.http.HttpServletRequest)
2018/02/01 21:14:43,600 INFO   main                  org.springframework.web.servlet.mvc.method.annotation.RequestMappingHandlerMapping.register(AbstractHandlerMethodMapping.java:543) - Mapped "{[/error],produces=[text/html]}" onto public org.springframework.web.servlet.ModelAndView org.springframework.boot.autoconfigure.web.BasicErrorController.errorHtml(javax.servlet.http.HttpServletRequest,javax.servlet.http.HttpServletResponse)
2018/02/01 21:14:43,607 INFO   main                  org.springframework.web.servlet.mvc.method.annotation.RequestMappingHandlerMapping.register(AbstractHandlerMethodMapping.java:543) - Mapped "{[/],methods=[GET]}" onto public java.lang.String org.springframework.cloud.netflix.eureka.server.EurekaController.status(javax.servlet.http.HttpServletRequest,java.util.Map<java.lang.String, java.lang.Object>)
2018/02/01 21:14:43,608 INFO   main                  org.springframework.web.servlet.mvc.method.annotation.RequestMappingHandlerMapping.register(AbstractHandlerMethodMapping.java:543) - Mapped "{[/lastn],methods=[GET]}" onto public java.lang.String org.springframework.cloud.netflix.eureka.server.EurekaController.lastn(javax.servlet.http.HttpServletRequest,java.util.Map<java.lang.String, java.lang.Object>)
2018/02/01 21:14:43,677 INFO   main                  org.springframework.web.servlet.handler.SimpleUrlHandlerMapping.registerHandler(AbstractUrlHandlerMapping.java:362) - Mapped URL path [/webjars/**] onto handler of type [class org.springframework.web.servlet.resource.ResourceHttpRequestHandler]
2018/02/01 21:14:43,678 INFO   main                  org.springframework.web.servlet.handler.SimpleUrlHandlerMapping.registerHandler(AbstractUrlHandlerMapping.java:362) - Mapped URL path [/**] onto handler of type [class org.springframework.web.servlet.resource.ResourceHttpRequestHandler]
2018/02/01 21:14:43,763 INFO   main                  org.springframework.web.servlet.handler.SimpleUrlHandlerMapping.registerHandler(AbstractUrlHandlerMapping.java:362) - Mapped URL path [/**/favicon.ico] onto handler of type [class org.springframework.web.servlet.resource.ResourceHttpRequestHandler]
2018/02/01 21:14:46,082 INFO   main                  org.springframework.boot.actuate.endpoint.mvc.EndpointHandlerMapping.register(AbstractHandlerMethodMapping.java:543) - Mapped "{[/heapdump || /heapdump.json],methods=[GET],produces=[application/octet-stream]}" onto public void org.springframework.boot.actuate.endpoint.mvc.HeapdumpMvcEndpoint.invoke(boolean,javax.servlet.http.HttpServletRequest,javax.servlet.http.HttpServletResponse) throws java.io.IOException,javax.servlet.ServletException
2018/02/01 21:14:46,084 INFO   main                  org.springframework.boot.actuate.endpoint.mvc.EndpointHandlerMapping.register(AbstractHandlerMethodMapping.java:543) - Mapped "{[/env/{name:.*}],methods=[GET],produces=[application/vnd.spring-boot.actuator.v1+json || application/json]}" onto public java.lang.Object org.springframework.boot.actuate.endpoint.mvc.EnvironmentMvcEndpoint.value(java.lang.String)
2018/02/01 21:14:46,084 INFO   main                  org.springframework.boot.actuate.endpoint.mvc.EndpointHandlerMapping.register(AbstractHandlerMethodMapping.java:543) - Mapped "{[/env || /env.json],methods=[GET],produces=[application/vnd.spring-boot.actuator.v1+json || application/json]}" onto public java.lang.Object org.springframework.boot.actuate.endpoint.mvc.EndpointMvcAdapter.invoke()
2018/02/01 21:14:46,085 INFO   main                  org.springframework.boot.actuate.endpoint.mvc.EndpointHandlerMapping.register(AbstractHandlerMethodMapping.java:543) - Mapped "{[/info || /info.json],methods=[GET],produces=[application/vnd.spring-boot.actuator.v1+json || application/json]}" onto public java.lang.Object org.springframework.boot.actuate.endpoint.mvc.EndpointMvcAdapter.invoke()
2018/02/01 21:14:46,086 INFO   main                  org.springframework.boot.actuate.endpoint.mvc.EndpointHandlerMapping.register(AbstractHandlerMethodMapping.java:543) - Mapped "{[/beans || /beans.json],methods=[GET],produces=[application/vnd.spring-boot.actuator.v1+json || application/json]}" onto public java.lang.Object org.springframework.boot.actuate.endpoint.mvc.EndpointMvcAdapter.invoke()
2018/02/01 21:14:46,087 INFO   main                  org.springframework.boot.actuate.endpoint.mvc.EndpointHandlerMapping.register(AbstractHandlerMethodMapping.java:543) - Mapped "{[/metrics/{name:.*}],methods=[GET],produces=[application/vnd.spring-boot.actuator.v1+json || application/json]}" onto public java.lang.Object org.springframework.boot.actuate.endpoint.mvc.MetricsMvcEndpoint.value(java.lang.String)
2018/02/01 21:14:46,088 INFO   main                  org.springframework.boot.actuate.endpoint.mvc.EndpointHandlerMapping.register(AbstractHandlerMethodMapping.java:543) - Mapped "{[/metrics || /metrics.json],methods=[GET],produces=[application/vnd.spring-boot.actuator.v1+json || application/json]}" onto public java.lang.Object org.springframework.boot.actuate.endpoint.mvc.EndpointMvcAdapter.invoke()
2018/02/01 21:14:46,090 INFO   main                  org.springframework.boot.actuate.endpoint.mvc.EndpointHandlerMapping.register(AbstractHandlerMethodMapping.java:543) - Mapped "{[/auditevents || /auditevents.json],methods=[GET],produces=[application/vnd.spring-boot.actuator.v1+json || application/json]}" onto public org.springframework.http.ResponseEntity<?> org.springframework.boot.actuate.endpoint.mvc.AuditEventsMvcEndpoint.findByPrincipalAndAfterAndType(java.lang.String,java.util.Date,java.lang.String)
2018/02/01 21:14:46,093 INFO   main                  org.springframework.boot.actuate.endpoint.mvc.EndpointHandlerMapping.register(AbstractHandlerMethodMapping.java:543) - Mapped "{[/archaius || /archaius.json],methods=[GET],produces=[application/vnd.spring-boot.actuator.v1+json || application/json]}" onto public java.lang.Object org.springframework.boot.actuate.endpoint.mvc.EndpointMvcAdapter.invoke()
2018/02/01 21:14:46,094 INFO   main                  org.springframework.boot.actuate.endpoint.mvc.EndpointHandlerMapping.register(AbstractHandlerMethodMapping.java:543) - Mapped "{[/autoconfig || /autoconfig.json],methods=[GET],produces=[application/vnd.spring-boot.actuator.v1+json || application/json]}" onto public java.lang.Object org.springframework.boot.actuate.endpoint.mvc.EndpointMvcAdapter.invoke()
2018/02/01 21:14:46,095 INFO   main                  org.springframework.boot.actuate.endpoint.mvc.EndpointHandlerMapping.register(AbstractHandlerMethodMapping.java:543) - Mapped "{[/trace || /trace.json],methods=[GET],produces=[application/vnd.spring-boot.actuator.v1+json || application/json]}" onto public java.lang.Object org.springframework.boot.actuate.endpoint.mvc.EndpointMvcAdapter.invoke()
2018/02/01 21:14:46,096 INFO   main                  org.springframework.boot.actuate.endpoint.mvc.EndpointHandlerMapping.register(AbstractHandlerMethodMapping.java:543) - Mapped "{[/env],methods=[POST]}" onto public java.lang.Object org.springframework.cloud.context.environment.EnvironmentManagerMvcEndpoint.value(java.util.Map<java.lang.String, java.lang.String>)
2018/02/01 21:14:46,098 INFO   main                  org.springframework.boot.actuate.endpoint.mvc.EndpointHandlerMapping.register(AbstractHandlerMethodMapping.java:543) - Mapped "{[/env/reset],methods=[POST]}" onto public java.util.Map<java.lang.String, java.lang.Object> org.springframework.cloud.context.environment.EnvironmentManagerMvcEndpoint.reset()
2018/02/01 21:14:46,103 INFO   main                  org.springframework.boot.actuate.endpoint.mvc.EndpointHandlerMapping.register(AbstractHandlerMethodMapping.java:543) - Mapped "{[/loggers/{name:.*}],methods=[GET],produces=[application/vnd.spring-boot.actuator.v1+json || application/json]}" onto public java.lang.Object org.springframework.boot.actuate.endpoint.mvc.LoggersMvcEndpoint.get(java.lang.String)
2018/02/01 21:14:46,104 INFO   main                  org.springframework.boot.actuate.endpoint.mvc.EndpointHandlerMapping.register(AbstractHandlerMethodMapping.java:543) - Mapped "{[/loggers/{name:.*}],methods=[POST],consumes=[application/vnd.spring-boot.actuator.v1+json || application/json],produces=[application/vnd.spring-boot.actuator.v1+json || application/json]}" onto public java.lang.Object org.springframework.boot.actuate.endpoint.mvc.LoggersMvcEndpoint.set(java.lang.String,java.util.Map<java.lang.String, java.lang.String>)
2018/02/01 21:14:46,104 INFO   main                  org.springframework.boot.actuate.endpoint.mvc.EndpointHandlerMapping.register(AbstractHandlerMethodMapping.java:543) - Mapped "{[/loggers || /loggers.json],methods=[GET],produces=[application/vnd.spring-boot.actuator.v1+json || application/json]}" onto public java.lang.Object org.springframework.boot.actuate.endpoint.mvc.EndpointMvcAdapter.invoke()
2018/02/01 21:14:46,105 INFO   main                  org.springframework.boot.actuate.endpoint.mvc.EndpointHandlerMapping.register(AbstractHandlerMethodMapping.java:543) - Mapped "{[/features || /features.json],methods=[GET],produces=[application/vnd.spring-boot.actuator.v1+json || application/json]}" onto public java.lang.Object org.springframework.boot.actuate.endpoint.mvc.EndpointMvcAdapter.invoke()
2018/02/01 21:14:46,106 INFO   main                  org.springframework.boot.actuate.endpoint.mvc.EndpointHandlerMapping.register(AbstractHandlerMethodMapping.java:543) - Mapped "{[/configprops || /configprops.json],methods=[GET],produces=[application/vnd.spring-boot.actuator.v1+json || application/json]}" onto public java.lang.Object org.springframework.boot.actuate.endpoint.mvc.EndpointMvcAdapter.invoke()
2018/02/01 21:14:46,107 INFO   main                  org.springframework.boot.actuate.endpoint.mvc.EndpointHandlerMapping.register(AbstractHandlerMethodMapping.java:543) - Mapped "{[/health || /health.json],methods=[GET],produces=[application/vnd.spring-boot.actuator.v1+json || application/json]}" onto public java.lang.Object org.springframework.boot.actuate.endpoint.mvc.HealthMvcEndpoint.invoke(javax.servlet.http.HttpServletRequest,java.security.Principal)
2018/02/01 21:14:46,108 INFO   main                  org.springframework.boot.actuate.endpoint.mvc.EndpointHandlerMapping.register(AbstractHandlerMethodMapping.java:543) - Mapped "{[/mappings || /mappings.json],methods=[GET],produces=[application/vnd.spring-boot.actuator.v1+json || application/json]}" onto public java.lang.Object org.springframework.boot.actuate.endpoint.mvc.EndpointMvcAdapter.invoke()
2018/02/01 21:14:46,109 INFO   main                  org.springframework.boot.actuate.endpoint.mvc.EndpointHandlerMapping.register(AbstractHandlerMethodMapping.java:543) - Mapped "{[/service-registry/instance-status],methods=[GET]}" onto public org.springframework.http.ResponseEntity org.springframework.cloud.client.serviceregistry.endpoint.ServiceRegistryEndpoint.getStatus()
2018/02/01 21:14:46,110 INFO   main                  org.springframework.boot.actuate.endpoint.mvc.EndpointHandlerMapping.register(AbstractHandlerMethodMapping.java:543) - Mapped "{[/service-registry/instance-status],methods=[POST]}" onto public org.springframework.http.ResponseEntity<?> org.springframework.cloud.client.serviceregistry.endpoint.ServiceRegistryEndpoint.setStatus(java.lang.String)
2018/02/01 21:14:46,111 INFO   main                  org.springframework.boot.actuate.endpoint.mvc.EndpointHandlerMapping.register(AbstractHandlerMethodMapping.java:543) - Mapped "{[/refresh || /refresh.json],methods=[POST]}" onto public java.lang.Object org.springframework.cloud.endpoint.GenericPostableMvcEndpoint.invoke()
2018/02/01 21:14:46,112 INFO   main                  org.springframework.boot.actuate.endpoint.mvc.EndpointHandlerMapping.register(AbstractHandlerMethodMapping.java:543) - Mapped "{[/dump || /dump.json],methods=[GET],produces=[application/vnd.spring-boot.actuator.v1+json || application/json]}" onto public java.lang.Object org.springframework.boot.actuate.endpoint.mvc.EndpointMvcAdapter.invoke()
2018/02/01 21:14:46,316 INFO   main                  org.springframework.ui.freemarker.SpringTemplateLoader.<init>(SpringTemplateLoader.java:61) - SpringTemplateLoader for FreeMarker: using resource loader [org.springframework.boot.context.embedded.AnnotationConfigEmbeddedWebApplicationContext@55ec556: startup date [Thu Feb 01 21:14:35 CST 2018]; parent: org.springframework.context.annotation.AnnotationConfigApplicationContext@3dddefd8] and template loader path [classpath:/templates/]
2018/02/01 21:14:46,317 INFO   main                  org.springframework.web.servlet.view.freemarker.FreeMarkerConfigurer.postProcessTemplateLoaders(FreeMarkerConfigurer.java:127) - ClassTemplateLoader for Spring macros added to FreeMarker configuration
2018/02/01 21:14:46,584 INFO   main                  org.springframework.cloud.netflix.eureka.InstanceInfoFactory.create(InstanceInfoFactory.java:71) - Setting initial instance status as: STARTING
2018/02/01 21:14:47,988 WARN   main                  org.springframework.cloud.starter.eureka.server.EurekaServerStarterDeprecationWarningAutoConfiguration.logWarning(EurekaServerStarterDeprecationWarningAutoConfiguration.java:19) - spring-cloud-starter-eureka-server is deprecated as of Spring Cloud Netflix 1.4.0, please migrate to spring-cloud-starter-netflix-eureka-server
2018/02/01 21:14:48,220 INFO   main                  org.springframework.jmx.export.annotation.AnnotationMBeanExporter.afterSingletonsInstantiated(MBeanExporter.java:431) - Registering beans for JMX exposure on startup
2018/02/01 21:14:48,359 INFO   main                  org.springframework.jmx.export.annotation.AnnotationMBeanExporter.autodetect(MBeanExporter.java:916) - Bean with name 'environmentManager' has been autodetected for JMX exposure
2018/02/01 21:14:48,363 INFO   main                  org.springframework.jmx.export.annotation.AnnotationMBeanExporter.autodetect(MBeanExporter.java:916) - Bean with name 'configurationPropertiesRebinder' has been autodetected for JMX exposure
2018/02/01 21:14:48,364 INFO   main                  org.springframework.jmx.export.annotation.AnnotationMBeanExporter.autodetect(MBeanExporter.java:916) - Bean with name 'refreshEndpoint' has been autodetected for JMX exposure
2018/02/01 21:14:48,366 INFO   main                  org.springframework.jmx.export.annotation.AnnotationMBeanExporter.autodetect(MBeanExporter.java:916) - Bean with name 'serviceRegistryEndpoint' has been autodetected for JMX exposure
2018/02/01 21:14:48,367 INFO   main                  org.springframework.jmx.export.annotation.AnnotationMBeanExporter.autodetect(MBeanExporter.java:916) - Bean with name 'refreshScope' has been autodetected for JMX exposure
2018/02/01 21:14:48,371 INFO   main                  org.springframework.jmx.export.annotation.AnnotationMBeanExporter.registerBeanInstance(MBeanExporter.java:678) - Located managed bean 'environmentManager': registering with JMX server as MBean [org.springframework.cloud.context.environment:name=environmentManager,type=EnvironmentManager]
2018/02/01 21:14:48,669 INFO   main                  org.springframework.jmx.export.annotation.AnnotationMBeanExporter.registerBeanInstance(MBeanExporter.java:678) - Located managed bean 'serviceRegistryEndpoint': registering with JMX server as MBean [org.springframework.cloud.client.serviceregistry.endpoint:name=serviceRegistryEndpoint,type=ServiceRegistryEndpoint]
2018/02/01 21:14:48,684 INFO   main                  org.springframework.jmx.export.annotation.AnnotationMBeanExporter.registerBeanInstance(MBeanExporter.java:678) - Located managed bean 'refreshScope': registering with JMX server as MBean [org.springframework.cloud.context.scope.refresh:name=refreshScope,type=RefreshScope]
2018/02/01 21:14:48,702 INFO   main                  org.springframework.jmx.export.annotation.AnnotationMBeanExporter.registerBeanInstance(MBeanExporter.java:678) - Located managed bean 'configurationPropertiesRebinder': registering with JMX server as MBean [org.springframework.cloud.context.properties:name=configurationPropertiesRebinder,context=55ec556,type=ConfigurationPropertiesRebinder]
2018/02/01 21:14:48,714 INFO   main                  org.springframework.jmx.export.annotation.AnnotationMBeanExporter.registerBeanInstance(MBeanExporter.java:678) - Located managed bean 'refreshEndpoint': registering with JMX server as MBean [org.springframework.cloud.endpoint:name=refreshEndpoint,type=RefreshEndpoint]
2018/02/01 21:14:48,720 INFO   main                  org.springframework.boot.actuate.endpoint.jmx.EndpointMBeanExporter.afterSingletonsInstantiated(MBeanExporter.java:431) - Registering beans for JMX exposure on startup
2018/02/01 21:14:48,747 INFO   main                  org.springframework.context.support.DefaultLifecycleProcessor.start(DefaultLifecycleProcessor.java:343) - Starting beans in phase 0
2018/02/01 21:14:48,748 INFO   main                  org.springframework.cloud.netflix.eureka.serviceregistry.EurekaServiceRegistry.register(EurekaServiceRegistry.java:40) - Registering application unknown with eureka with status UP
2018/02/01 21:14:48,752 INFO   main                  org.springframework.boot.actuate.endpoint.jmx.EndpointMBeanExporter.registerBeanInstance(MBeanExporter.java:678) - Located managed bean 'auditEventsEndpoint': registering with JMX server as MBean [org.springframework.boot:type=Endpoint,name=auditEventsEndpoint]
2018/02/01 21:14:48,763 INFO   main                  org.springframework.boot.actuate.endpoint.jmx.EndpointMBeanExporter.registerBeanInstance(MBeanExporter.java:678) - Located managed bean 'archaiusEndpoint': registering with JMX server as MBean [org.springframework.boot:type=Endpoint,name=archaiusEndpoint]
2018/02/01 21:14:48,776 INFO   main                  org.springframework.boot.actuate.endpoint.jmx.EndpointMBeanExporter.registerBeanInstance(MBeanExporter.java:678) - Located managed bean 'featuresEndpoint': registering with JMX server as MBean [org.springframework.boot:type=Endpoint,name=featuresEndpoint]
2018/02/01 21:14:48,779 INFO   main                  org.springframework.boot.actuate.endpoint.jmx.EndpointMBeanExporter.registerBeanInstance(MBeanExporter.java:678) - Located managed bean 'requestMappingEndpoint': registering with JMX server as MBean [org.springframework.boot:type=Endpoint,name=requestMappingEndpoint]
2018/02/01 21:14:48,782 INFO   main                  org.springframework.boot.actuate.endpoint.jmx.EndpointMBeanExporter.registerBeanInstance(MBeanExporter.java:678) - Located managed bean 'environmentEndpoint': registering with JMX server as MBean [org.springframework.boot:type=Endpoint,name=environmentEndpoint]
2018/02/01 21:14:48,787 INFO   main                  org.springframework.boot.actuate.endpoint.jmx.EndpointMBeanExporter.registerBeanInstance(MBeanExporter.java:678) - Located managed bean 'healthEndpoint': registering with JMX server as MBean [org.springframework.boot:type=Endpoint,name=healthEndpoint]
2018/02/01 21:14:48,790 INFO   main                  org.springframework.boot.actuate.endpoint.jmx.EndpointMBeanExporter.registerBeanInstance(MBeanExporter.java:678) - Located managed bean 'beansEndpoint': registering with JMX server as MBean [org.springframework.boot:type=Endpoint,name=beansEndpoint]
2018/02/01 21:14:48,792 INFO   main                  org.springframework.boot.actuate.endpoint.jmx.EndpointMBeanExporter.registerBeanInstance(MBeanExporter.java:678) - Located managed bean 'infoEndpoint': registering with JMX server as MBean [org.springframework.boot:type=Endpoint,name=infoEndpoint]
2018/02/01 21:14:48,797 INFO   main                  org.springframework.boot.actuate.endpoint.jmx.EndpointMBeanExporter.registerBeanInstance(MBeanExporter.java:678) - Located managed bean 'loggersEndpoint': registering with JMX server as MBean [org.springframework.boot:type=Endpoint,name=loggersEndpoint]
2018/02/01 21:14:48,806 INFO   main                  org.springframework.boot.actuate.endpoint.jmx.EndpointMBeanExporter.registerBeanInstance(MBeanExporter.java:678) - Located managed bean 'metricsEndpoint': registering with JMX server as MBean [org.springframework.boot:type=Endpoint,name=metricsEndpoint]
2018/02/01 21:14:48,810 INFO   main                  org.springframework.boot.actuate.endpoint.jmx.EndpointMBeanExporter.registerBeanInstance(MBeanExporter.java:678) - Located managed bean 'traceEndpoint': registering with JMX server as MBean [org.springframework.boot:type=Endpoint,name=traceEndpoint]
2018/02/01 21:14:48,813 INFO   main                  org.springframework.boot.actuate.endpoint.jmx.EndpointMBeanExporter.registerBeanInstance(MBeanExporter.java:678) - Located managed bean 'dumpEndpoint': registering with JMX server as MBean [org.springframework.boot:type=Endpoint,name=dumpEndpoint]
2018/02/01 21:14:48,816 INFO   main                  org.springframework.boot.actuate.endpoint.jmx.EndpointMBeanExporter.registerBeanInstance(MBeanExporter.java:678) - Located managed bean 'autoConfigurationReportEndpoint': registering with JMX server as MBean [org.springframework.boot:type=Endpoint,name=autoConfigurationReportEndpoint]
2018/02/01 21:14:48,819 INFO   main                  org.springframework.boot.actuate.endpoint.jmx.EndpointMBeanExporter.registerBeanInstance(MBeanExporter.java:678) - Located managed bean 'configurationPropertiesReportEndpoint': registering with JMX server as MBean [org.springframework.boot:type=Endpoint,name=configurationPropertiesReportEndpoint]
2018/02/01 21:14:48,822 INFO   Thread-11             org.springframework.cloud.netflix.eureka.server.EurekaServerBootstrap.initEurekaEnvironment(EurekaServerBootstrap.java:109) - Setting the eureka configuration..
2018/02/01 21:14:48,823 INFO   Thread-11             org.springframework.cloud.netflix.eureka.server.EurekaServerBootstrap.initEurekaEnvironment(EurekaServerBootstrap.java:114) - Eureka data center value eureka.datacenter is not set, defaulting to default
2018/02/01 21:14:48,824 INFO   Thread-11             org.springframework.cloud.netflix.eureka.server.EurekaServerBootstrap.initEurekaEnvironment(EurekaServerBootstrap.java:128) - Eureka environment value eureka.environment is not set, defaulting to test
2018/02/01 21:14:48,840 INFO   Thread-11             org.springframework.cloud.netflix.eureka.server.EurekaServerBootstrap.isAws(EurekaServerBootstrap.java:184) - isAws returned false
2018/02/01 21:14:48,841 INFO   Thread-11             org.springframework.cloud.netflix.eureka.server.EurekaServerBootstrap.initEurekaServerContext(EurekaServerBootstrap.java:152) - Initialized server context
2018/02/01 21:14:48,850 INFO   Thread-11             org.springframework.cloud.netflix.eureka.server.EurekaServerInitializerConfiguration.run(EurekaServerInitializerConfiguration.java:72) - Started Eureka Server
2018/02/01 21:14:48,862 INFO   main                  org.apache.coyote.http11.Http11NioProtocol.log(DirectJDKLog.java:179) - Initializing ProtocolHandler ["http-nio-1111"]
2018/02/01 21:14:48,896 INFO   main                  org.apache.coyote.http11.Http11NioProtocol.log(DirectJDKLog.java:179) - Starting ProtocolHandler ["http-nio-1111"]
2018/02/01 21:14:48,924 INFO   main                  org.apache.tomcat.util.net.NioSelectorPool.log(DirectJDKLog.java:179) - Using a shared selector for servlet write/read
2018/02/01 21:14:48,979 INFO   main                  org.springframework.boot.context.embedded.tomcat.TomcatEmbeddedServletContainer.start(TomcatEmbeddedServletContainer.java:201) - Tomcat started on port(s): 1111 (http)
2018/02/01 21:14:48,980 INFO   main                  org.springframework.cloud.netflix.eureka.serviceregistry.EurekaAutoServiceRegistration.onApplicationEvent(EurekaAutoServiceRegistration.java:124) - Updating port to 1111
2018/02/01 21:14:48,986 INFO   main                  com.gxd.GxdEurekaServerApplication.logStarted(StartupInfoLogger.java:57) - Started GxdEurekaServerApplication in 18.89 seconds (JVM running for 26.167)
2018/02/01 21:14:58,605 INFO   http-nio-1111-exec-1  org.apache.catalina.core.ContainerBase.[Tomcat].[localhost].[/].log(DirectJDKLog.java:179) - Initializing Spring FrameworkServlet 'dispatcherServlet'
2018/02/01 21:14:58,606 INFO   http-nio-1111-exec-1  org.springframework.web.servlet.DispatcherServlet.initServletBean(FrameworkServlet.java:489) - FrameworkServlet 'dispatcherServlet': initialization started
2018/02/01 21:14:58,640 INFO   http-nio-1111-exec-1  org.springframework.web.servlet.DispatcherServlet.initServletBean(FrameworkServlet.java:508) - FrameworkServlet 'dispatcherServlet': initialization completed in 34 ms
2018/02/01 21:20:23,281 INFO   restartedMain         com.gxd.GxdProviderApplication.logStarting(StartupInfoLogger.java:48) - Starting GxdProviderApplication on DESKTOP-I8Q3E8O with PID 16828 (E:\idea\gxd-master\gxd-provider\target\classes started by Army in E:\idea\gxd-master)
2018/02/01 21:20:23,324 DEBUG  restartedMain         com.gxd.GxdProviderApplication.logStarting(StartupInfoLogger.java:51) - Running with Spring Boot v1.5.9.RELEASE, Spring v4.3.13.RELEASE
2018/02/01 21:20:23,325 INFO   restartedMain         com.gxd.GxdProviderApplication.logStartupProfileInfo(SpringApplication.java:593) - No active profile set, falling back to default profiles: default
2018/02/01 21:20:23,517 INFO   restartedMain         org.springframework.boot.context.embedded.AnnotationConfigEmbeddedWebApplicationContext.prepareRefresh(AbstractApplicationContext.java:583) - Refreshing org.springframework.boot.context.embedded.AnnotationConfigEmbeddedWebApplicationContext@27dd0e2f: startup date [Thu Feb 01 21:20:23 CST 2018]; root of context hierarchy
2018/02/01 21:20:23,622 INFO   background-preinit    org.hibernate.validator.internal.util.Version.<clinit>(Version.java:30) - HV000001: Hibernate Validator 5.3.6.Final
2018/02/01 21:20:27,216 WARN   restartedMain         org.springframework.boot.context.embedded.AnnotationConfigEmbeddedWebApplicationContext.refresh(AbstractApplicationContext.java:551) - Exception encountered during context initialization - cancelling refresh attempt: org.springframework.beans.factory.BeanDefinitionStoreException: Failed to process import candidates for configuration class [org.springframework.cloud.config.server.config.EncryptionAutoConfiguration]; nested exception is java.lang.ClassCastException: java.lang.ClassNotFoundException cannot be cast to [Ljava.lang.Object;
2018/02/01 21:20:27,250 INFO   restartedMain         org.springframework.boot.autoconfigure.logging.AutoConfigurationReportLoggingInitializer.logAutoConfigurationReport(AutoConfigurationReportLoggingInitializer.java:101) - 

Error starting ApplicationContext. To display the auto-configuration report re-run your application with 'debug' enabled.
2018/02/01 21:20:27,272 ERROR  restartedMain         org.springframework.boot.SpringApplication.reportFailure(SpringApplication.java:771) - Application startup failed
org.springframework.beans.factory.BeanDefinitionStoreException: Failed to process import candidates for configuration class [org.springframework.cloud.config.server.config.EncryptionAutoConfiguration]; nested exception is java.lang.ClassCastException: java.lang.ClassNotFoundException cannot be cast to [Ljava.lang.Object;
	at org.springframework.context.annotation.ConfigurationClassParser.processImports(ConfigurationClassParser.java:616) ~[spring-context-4.3.13.RELEASE.jar:4.3.13.RELEASE]
	at org.springframework.context.annotation.ConfigurationClassParser.doProcessConfigurationClass(ConfigurationClassParser.java:299) ~[spring-context-4.3.13.RELEASE.jar:4.3.13.RELEASE]
	at org.springframework.context.annotation.ConfigurationClassParser.processConfigurationClass(ConfigurationClassParser.java:245) ~[spring-context-4.3.13.RELEASE.jar:4.3.13.RELEASE]
	at org.springframework.context.annotation.ConfigurationClassParser.processImports(ConfigurationClassParser.java:606) ~[spring-context-4.3.13.RELEASE.jar:4.3.13.RELEASE]
	at org.springframework.context.annotation.ConfigurationClassParser.processDeferredImportSelectors(ConfigurationClassParser.java:548) ~[spring-context-4.3.13.RELEASE.jar:4.3.13.RELEASE]
	at org.springframework.context.annotation.ConfigurationClassParser.parse(ConfigurationClassParser.java:185) ~[spring-context-4.3.13.RELEASE.jar:4.3.13.RELEASE]
	at org.springframework.context.annotation.ConfigurationClassPostProcessor.processConfigBeanDefinitions(ConfigurationClassPostProcessor.java:308) ~[spring-context-4.3.13.RELEASE.jar:4.3.13.RELEASE]
	at org.springframework.context.annotation.ConfigurationClassPostProcessor.postProcessBeanDefinitionRegistry(ConfigurationClassPostProcessor.java:228) ~[spring-context-4.3.13.RELEASE.jar:4.3.13.RELEASE]
	at org.springframework.context.support.PostProcessorRegistrationDelegate.invokeBeanDefinitionRegistryPostProcessors(PostProcessorRegistrationDelegate.java:272) ~[spring-context-4.3.13.RELEASE.jar:4.3.13.RELEASE]
	at org.springframework.context.support.PostProcessorRegistrationDelegate.invokeBeanFactoryPostProcessors(PostProcessorRegistrationDelegate.java:92) ~[spring-context-4.3.13.RELEASE.jar:4.3.13.RELEASE]
	at org.springframework.context.support.AbstractApplicationContext.invokeBeanFactoryPostProcessors(AbstractApplicationContext.java:687) ~[spring-context-4.3.13.RELEASE.jar:4.3.13.RELEASE]
	at org.springframework.context.support.AbstractApplicationContext.refresh(AbstractApplicationContext.java:525) ~[spring-context-4.3.13.RELEASE.jar:4.3.13.RELEASE]
	at org.springframework.boot.context.embedded.EmbeddedWebApplicationContext.refresh(EmbeddedWebApplicationContext.java:122) ~[spring-boot-1.5.9.RELEASE.jar:1.5.9.RELEASE]
	at org.springframework.boot.SpringApplication.refresh(SpringApplication.java:693) [spring-boot-1.5.9.RELEASE.jar:1.5.9.RELEASE]
	at org.springframework.boot.SpringApplication.refreshContext(SpringApplication.java:360) [spring-boot-1.5.9.RELEASE.jar:1.5.9.RELEASE]
	at org.springframework.boot.SpringApplication.run(SpringApplication.java:303) [spring-boot-1.5.9.RELEASE.jar:1.5.9.RELEASE]
	at org.springframework.boot.SpringApplication.run(SpringApplication.java:1118) [spring-boot-1.5.9.RELEASE.jar:1.5.9.RELEASE]
	at org.springframework.boot.SpringApplication.run(SpringApplication.java:1107) [spring-boot-1.5.9.RELEASE.jar:1.5.9.RELEASE]
	at com.gxd.GxdProviderApplication.main(GxdProviderApplication.java:19) [classes/:?]
	at sun.reflect.NativeMethodAccessorImpl.invoke0(Native Method) ~[?:1.8.0_152]
	at sun.reflect.NativeMethodAccessorImpl.invoke(NativeMethodAccessorImpl.java:62) ~[?:1.8.0_152]
	at sun.reflect.DelegatingMethodAccessorImpl.invoke(DelegatingMethodAccessorImpl.java:43) ~[?:1.8.0_152]
	at java.lang.reflect.Method.invoke(Method.java:498) ~[?:1.8.0_152]
	at org.springframework.boot.devtools.restart.RestartLauncher.run(RestartLauncher.java:49) [spring-boot-devtools-1.5.9.RELEASE.jar:1.5.9.RELEASE]
Caused by: java.lang.ClassCastException: java.lang.ClassNotFoundException cannot be cast to [Ljava.lang.Object;
	at org.springframework.boot.context.properties.EnableConfigurationPropertiesImportSelector.selectImports(EnableConfigurationPropertiesImportSelector.java:54) ~[spring-boot-1.5.9.RELEASE.jar:1.5.9.RELEASE]
	at org.springframework.context.annotation.ConfigurationClassParser.processImports(ConfigurationClassParser.java:586) ~[spring-context-4.3.13.RELEASE.jar:4.3.13.RELEASE]
	... 23 more
2018/02/01 21:24:57,949 INFO   restartedMain         com.gxd.GxdProviderApplication.logStarting(StartupInfoLogger.java:48) - Starting GxdProviderApplication on DESKTOP-I8Q3E8O with PID 13292 (E:\idea\gxd-master\gxd-provider\target\classes started by Army in E:\idea\gxd-master)
2018/02/01 21:24:57,960 DEBUG  restartedMain         com.gxd.GxdProviderApplication.logStarting(StartupInfoLogger.java:51) - Running with Spring Boot v1.5.9.RELEASE, Spring v4.3.13.RELEASE
2018/02/01 21:24:57,961 INFO   restartedMain         com.gxd.GxdProviderApplication.logStartupProfileInfo(SpringApplication.java:593) - No active profile set, falling back to default profiles: default
2018/02/01 21:24:58,104 INFO   restartedMain         org.springframework.boot.context.embedded.AnnotationConfigEmbeddedWebApplicationContext.prepareRefresh(AbstractApplicationContext.java:583) - Refreshing org.springframework.boot.context.embedded.AnnotationConfigEmbeddedWebApplicationContext@27cb1550: startup date [Thu Feb 01 21:24:58 CST 2018]; root of context hierarchy
2018/02/01 21:24:58,328 INFO   background-preinit    org.hibernate.validator.internal.util.Version.<clinit>(Version.java:30) - HV000001: Hibernate Validator 5.3.6.Final
2018/02/01 21:25:00,711 WARN   restartedMain         org.springframework.boot.context.embedded.AnnotationConfigEmbeddedWebApplicationContext.refresh(AbstractApplicationContext.java:551) - Exception encountered during context initialization - cancelling refresh attempt: org.springframework.beans.factory.BeanDefinitionStoreException: Failed to process import candidates for configuration class [org.springframework.cloud.config.server.config.EncryptionAutoConfiguration]; nested exception is java.lang.ClassCastException: java.lang.ClassNotFoundException cannot be cast to [Ljava.lang.Object;
2018/02/01 21:25:00,726 INFO   restartedMain         org.springframework.boot.autoconfigure.logging.AutoConfigurationReportLoggingInitializer.logAutoConfigurationReport(AutoConfigurationReportLoggingInitializer.java:101) - 

Error starting ApplicationContext. To display the auto-configuration report re-run your application with 'debug' enabled.
2018/02/01 21:25:00,738 ERROR  restartedMain         org.springframework.boot.SpringApplication.reportFailure(SpringApplication.java:771) - Application startup failed
org.springframework.beans.factory.BeanDefinitionStoreException: Failed to process import candidates for configuration class [org.springframework.cloud.config.server.config.EncryptionAutoConfiguration]; nested exception is java.lang.ClassCastException: java.lang.ClassNotFoundException cannot be cast to [Ljava.lang.Object;
	at org.springframework.context.annotation.ConfigurationClassParser.processImports(ConfigurationClassParser.java:616) ~[spring-context-4.3.13.RELEASE.jar:4.3.13.RELEASE]
	at org.springframework.context.annotation.ConfigurationClassParser.doProcessConfigurationClass(ConfigurationClassParser.java:299) ~[spring-context-4.3.13.RELEASE.jar:4.3.13.RELEASE]
	at org.springframework.context.annotation.ConfigurationClassParser.processConfigurationClass(ConfigurationClassParser.java:245) ~[spring-context-4.3.13.RELEASE.jar:4.3.13.RELEASE]
	at org.springframework.context.annotation.ConfigurationClassParser.processImports(ConfigurationClassParser.java:606) ~[spring-context-4.3.13.RELEASE.jar:4.3.13.RELEASE]
	at org.springframework.context.annotation.ConfigurationClassParser.processDeferredImportSelectors(ConfigurationClassParser.java:548) ~[spring-context-4.3.13.RELEASE.jar:4.3.13.RELEASE]
	at org.springframework.context.annotation.ConfigurationClassParser.parse(ConfigurationClassParser.java:185) ~[spring-context-4.3.13.RELEASE.jar:4.3.13.RELEASE]
	at org.springframework.context.annotation.ConfigurationClassPostProcessor.processConfigBeanDefinitions(ConfigurationClassPostProcessor.java:308) ~[spring-context-4.3.13.RELEASE.jar:4.3.13.RELEASE]
	at org.springframework.context.annotation.ConfigurationClassPostProcessor.postProcessBeanDefinitionRegistry(ConfigurationClassPostProcessor.java:228) ~[spring-context-4.3.13.RELEASE.jar:4.3.13.RELEASE]
	at org.springframework.context.support.PostProcessorRegistrationDelegate.invokeBeanDefinitionRegistryPostProcessors(PostProcessorRegistrationDelegate.java:272) ~[spring-context-4.3.13.RELEASE.jar:4.3.13.RELEASE]
	at org.springframework.context.support.PostProcessorRegistrationDelegate.invokeBeanFactoryPostProcessors(PostProcessorRegistrationDelegate.java:92) ~[spring-context-4.3.13.RELEASE.jar:4.3.13.RELEASE]
	at org.springframework.context.support.AbstractApplicationContext.invokeBeanFactoryPostProcessors(AbstractApplicationContext.java:687) ~[spring-context-4.3.13.RELEASE.jar:4.3.13.RELEASE]
	at org.springframework.context.support.AbstractApplicationContext.refresh(AbstractApplicationContext.java:525) ~[spring-context-4.3.13.RELEASE.jar:4.3.13.RELEASE]
	at org.springframework.boot.context.embedded.EmbeddedWebApplicationContext.refresh(EmbeddedWebApplicationContext.java:122) ~[spring-boot-1.5.9.RELEASE.jar:1.5.9.RELEASE]
	at org.springframework.boot.SpringApplication.refresh(SpringApplication.java:693) [spring-boot-1.5.9.RELEASE.jar:1.5.9.RELEASE]
	at org.springframework.boot.SpringApplication.refreshContext(SpringApplication.java:360) [spring-boot-1.5.9.RELEASE.jar:1.5.9.RELEASE]
	at org.springframework.boot.SpringApplication.run(SpringApplication.java:303) [spring-boot-1.5.9.RELEASE.jar:1.5.9.RELEASE]
	at org.springframework.boot.SpringApplication.run(SpringApplication.java:1118) [spring-boot-1.5.9.RELEASE.jar:1.5.9.RELEASE]
	at org.springframework.boot.SpringApplication.run(SpringApplication.java:1107) [spring-boot-1.5.9.RELEASE.jar:1.5.9.RELEASE]
	at com.gxd.GxdProviderApplication.main(GxdProviderApplication.java:17) [classes/:?]
	at sun.reflect.NativeMethodAccessorImpl.invoke0(Native Method) ~[?:1.8.0_152]
	at sun.reflect.NativeMethodAccessorImpl.invoke(NativeMethodAccessorImpl.java:62) ~[?:1.8.0_152]
	at sun.reflect.DelegatingMethodAccessorImpl.invoke(DelegatingMethodAccessorImpl.java:43) ~[?:1.8.0_152]
	at java.lang.reflect.Method.invoke(Method.java:498) ~[?:1.8.0_152]
	at org.springframework.boot.devtools.restart.RestartLauncher.run(RestartLauncher.java:49) [spring-boot-devtools-1.5.9.RELEASE.jar:1.5.9.RELEASE]
Caused by: java.lang.ClassCastException: java.lang.ClassNotFoundException cannot be cast to [Ljava.lang.Object;
	at org.springframework.boot.context.properties.EnableConfigurationPropertiesImportSelector.selectImports(EnableConfigurationPropertiesImportSelector.java:54) ~[spring-boot-1.5.9.RELEASE.jar:1.5.9.RELEASE]
	at org.springframework.context.annotation.ConfigurationClassParser.processImports(ConfigurationClassParser.java:586) ~[spring-context-4.3.13.RELEASE.jar:4.3.13.RELEASE]
	... 23 more
2018/02/01 21:25:16,774 INFO   restartedMain         com.gxd.GxdProviderApplication.logStarting(StartupInfoLogger.java:48) - Starting GxdProviderApplication on DESKTOP-I8Q3E8O with PID 2036 (E:\idea\gxd-master\gxd-provider\target\classes started by Army in E:\idea\gxd-master)
2018/02/01 21:25:16,806 DEBUG  restartedMain         com.gxd.GxdProviderApplication.logStarting(StartupInfoLogger.java:51) - Running with Spring Boot v1.5.9.RELEASE, Spring v4.3.13.RELEASE
2018/02/01 21:25:16,806 INFO   restartedMain         com.gxd.GxdProviderApplication.logStartupProfileInfo(SpringApplication.java:593) - No active profile set, falling back to default profiles: default
2018/02/01 21:25:16,930 INFO   restartedMain         org.springframework.boot.context.embedded.AnnotationConfigEmbeddedWebApplicationContext.prepareRefresh(AbstractApplicationContext.java:583) - Refreshing org.springframework.boot.context.embedded.AnnotationConfigEmbeddedWebApplicationContext@4fd2964b: startup date [Thu Feb 01 21:25:16 CST 2018]; root of context hierarchy
2018/02/01 21:25:17,109 INFO   background-preinit    org.hibernate.validator.internal.util.Version.<clinit>(Version.java:30) - HV000001: Hibernate Validator 5.3.6.Final
2018/02/01 21:25:19,819 WARN   restartedMain         org.springframework.boot.context.embedded.AnnotationConfigEmbeddedWebApplicationContext.refresh(AbstractApplicationContext.java:551) - Exception encountered during context initialization - cancelling refresh attempt: org.springframework.beans.factory.BeanDefinitionStoreException: Failed to process import candidates for configuration class [org.springframework.cloud.config.server.config.EncryptionAutoConfiguration]; nested exception is java.lang.ClassCastException: java.lang.ClassNotFoundException cannot be cast to [Ljava.lang.Object;
2018/02/01 21:25:19,839 INFO   restartedMain         org.springframework.boot.autoconfigure.logging.AutoConfigurationReportLoggingInitializer.logAutoConfigurationReport(AutoConfigurationReportLoggingInitializer.java:101) - 

Error starting ApplicationContext. To display the auto-configuration report re-run your application with 'debug' enabled.
2018/02/01 21:25:19,852 ERROR  restartedMain         org.springframework.boot.SpringApplication.reportFailure(SpringApplication.java:771) - Application startup failed
org.springframework.beans.factory.BeanDefinitionStoreException: Failed to process import candidates for configuration class [org.springframework.cloud.config.server.config.EncryptionAutoConfiguration]; nested exception is java.lang.ClassCastException: java.lang.ClassNotFoundException cannot be cast to [Ljava.lang.Object;
	at org.springframework.context.annotation.ConfigurationClassParser.processImports(ConfigurationClassParser.java:616) ~[spring-context-4.3.13.RELEASE.jar:4.3.13.RELEASE]
	at org.springframework.context.annotation.ConfigurationClassParser.doProcessConfigurationClass(ConfigurationClassParser.java:299) ~[spring-context-4.3.13.RELEASE.jar:4.3.13.RELEASE]
	at org.springframework.context.annotation.ConfigurationClassParser.processConfigurationClass(ConfigurationClassParser.java:245) ~[spring-context-4.3.13.RELEASE.jar:4.3.13.RELEASE]
	at org.springframework.context.annotation.ConfigurationClassParser.processImports(ConfigurationClassParser.java:606) ~[spring-context-4.3.13.RELEASE.jar:4.3.13.RELEASE]
	at org.springframework.context.annotation.ConfigurationClassParser.processDeferredImportSelectors(ConfigurationClassParser.java:548) ~[spring-context-4.3.13.RELEASE.jar:4.3.13.RELEASE]
	at org.springframework.context.annotation.ConfigurationClassParser.parse(ConfigurationClassParser.java:185) ~[spring-context-4.3.13.RELEASE.jar:4.3.13.RELEASE]
	at org.springframework.context.annotation.ConfigurationClassPostProcessor.processConfigBeanDefinitions(ConfigurationClassPostProcessor.java:308) ~[spring-context-4.3.13.RELEASE.jar:4.3.13.RELEASE]
	at org.springframework.context.annotation.ConfigurationClassPostProcessor.postProcessBeanDefinitionRegistry(ConfigurationClassPostProcessor.java:228) ~[spring-context-4.3.13.RELEASE.jar:4.3.13.RELEASE]
	at org.springframework.context.support.PostProcessorRegistrationDelegate.invokeBeanDefinitionRegistryPostProcessors(PostProcessorRegistrationDelegate.java:272) ~[spring-context-4.3.13.RELEASE.jar:4.3.13.RELEASE]
	at org.springframework.context.support.PostProcessorRegistrationDelegate.invokeBeanFactoryPostProcessors(PostProcessorRegistrationDelegate.java:92) ~[spring-context-4.3.13.RELEASE.jar:4.3.13.RELEASE]
	at org.springframework.context.support.AbstractApplicationContext.invokeBeanFactoryPostProcessors(AbstractApplicationContext.java:687) ~[spring-context-4.3.13.RELEASE.jar:4.3.13.RELEASE]
	at org.springframework.context.support.AbstractApplicationContext.refresh(AbstractApplicationContext.java:525) ~[spring-context-4.3.13.RELEASE.jar:4.3.13.RELEASE]
	at org.springframework.boot.context.embedded.EmbeddedWebApplicationContext.refresh(EmbeddedWebApplicationContext.java:122) ~[spring-boot-1.5.9.RELEASE.jar:1.5.9.RELEASE]
	at org.springframework.boot.SpringApplication.refresh(SpringApplication.java:693) [spring-boot-1.5.9.RELEASE.jar:1.5.9.RELEASE]
	at org.springframework.boot.SpringApplication.refreshContext(SpringApplication.java:360) [spring-boot-1.5.9.RELEASE.jar:1.5.9.RELEASE]
	at org.springframework.boot.SpringApplication.run(SpringApplication.java:303) [spring-boot-1.5.9.RELEASE.jar:1.5.9.RELEASE]
	at org.springframework.boot.SpringApplication.run(SpringApplication.java:1118) [spring-boot-1.5.9.RELEASE.jar:1.5.9.RELEASE]
	at org.springframework.boot.SpringApplication.run(SpringApplication.java:1107) [spring-boot-1.5.9.RELEASE.jar:1.5.9.RELEASE]
	at com.gxd.GxdProviderApplication.main(GxdProviderApplication.java:16) [classes/:?]
	at sun.reflect.NativeMethodAccessorImpl.invoke0(Native Method) ~[?:1.8.0_152]
	at sun.reflect.NativeMethodAccessorImpl.invoke(NativeMethodAccessorImpl.java:62) ~[?:1.8.0_152]
	at sun.reflect.DelegatingMethodAccessorImpl.invoke(DelegatingMethodAccessorImpl.java:43) ~[?:1.8.0_152]
	at java.lang.reflect.Method.invoke(Method.java:498) ~[?:1.8.0_152]
	at org.springframework.boot.devtools.restart.RestartLauncher.run(RestartLauncher.java:49) [spring-boot-devtools-1.5.9.RELEASE.jar:1.5.9.RELEASE]
Caused by: java.lang.ClassCastException: java.lang.ClassNotFoundException cannot be cast to [Ljava.lang.Object;
	at org.springframework.boot.context.properties.EnableConfigurationPropertiesImportSelector.selectImports(EnableConfigurationPropertiesImportSelector.java:54) ~[spring-boot-1.5.9.RELEASE.jar:1.5.9.RELEASE]
	at org.springframework.context.annotation.ConfigurationClassParser.processImports(ConfigurationClassParser.java:586) ~[spring-context-4.3.13.RELEASE.jar:4.3.13.RELEASE]
	... 23 more
2018/02/01 21:25:40,804 INFO   restartedMain         com.gxd.GxdProviderApplication.logStarting(StartupInfoLogger.java:48) - Starting GxdProviderApplication on DESKTOP-I8Q3E8O with PID 11220 (E:\idea\gxd-master\gxd-provider\target\classes started by Army in E:\idea\gxd-master)
2018/02/01 21:25:40,826 DEBUG  restartedMain         com.gxd.GxdProviderApplication.logStarting(StartupInfoLogger.java:51) - Running with Spring Boot v1.5.9.RELEASE, Spring v4.3.13.RELEASE
2018/02/01 21:25:40,826 INFO   restartedMain         com.gxd.GxdProviderApplication.logStartupProfileInfo(SpringApplication.java:593) - No active profile set, falling back to default profiles: default
2018/02/01 21:25:40,948 INFO   restartedMain         org.springframework.boot.context.embedded.AnnotationConfigEmbeddedWebApplicationContext.prepareRefresh(AbstractApplicationContext.java:583) - Refreshing org.springframework.boot.context.embedded.AnnotationConfigEmbeddedWebApplicationContext@47194894: startup date [Thu Feb 01 21:25:40 CST 2018]; root of context hierarchy
2018/02/01 21:25:41,124 INFO   background-preinit    org.hibernate.validator.internal.util.Version.<clinit>(Version.java:30) - HV000001: Hibernate Validator 5.3.6.Final
2018/02/01 21:25:43,424 WARN   restartedMain         org.springframework.boot.context.embedded.AnnotationConfigEmbeddedWebApplicationContext.refresh(AbstractApplicationContext.java:551) - Exception encountered during context initialization - cancelling refresh attempt: org.springframework.beans.factory.BeanDefinitionStoreException: Failed to process import candidates for configuration class [org.springframework.cloud.config.server.config.EncryptionAutoConfiguration]; nested exception is java.lang.ClassCastException: java.lang.ClassNotFoundException cannot be cast to [Ljava.lang.Object;
2018/02/01 21:25:43,439 INFO   restartedMain         org.springframework.boot.autoconfigure.logging.AutoConfigurationReportLoggingInitializer.logAutoConfigurationReport(AutoConfigurationReportLoggingInitializer.java:101) - 

Error starting ApplicationContext. To display the auto-configuration report re-run your application with 'debug' enabled.
2018/02/01 21:25:43,451 ERROR  restartedMain         org.springframework.boot.SpringApplication.reportFailure(SpringApplication.java:771) - Application startup failed
org.springframework.beans.factory.BeanDefinitionStoreException: Failed to process import candidates for configuration class [org.springframework.cloud.config.server.config.EncryptionAutoConfiguration]; nested exception is java.lang.ClassCastException: java.lang.ClassNotFoundException cannot be cast to [Ljava.lang.Object;
	at org.springframework.context.annotation.ConfigurationClassParser.processImports(ConfigurationClassParser.java:616) ~[spring-context-4.3.13.RELEASE.jar:4.3.13.RELEASE]
	at org.springframework.context.annotation.ConfigurationClassParser.doProcessConfigurationClass(ConfigurationClassParser.java:299) ~[spring-context-4.3.13.RELEASE.jar:4.3.13.RELEASE]
	at org.springframework.context.annotation.ConfigurationClassParser.processConfigurationClass(ConfigurationClassParser.java:245) ~[spring-context-4.3.13.RELEASE.jar:4.3.13.RELEASE]
	at org.springframework.context.annotation.ConfigurationClassParser.processImports(ConfigurationClassParser.java:606) ~[spring-context-4.3.13.RELEASE.jar:4.3.13.RELEASE]
	at org.springframework.context.annotation.ConfigurationClassParser.processDeferredImportSelectors(ConfigurationClassParser.java:548) ~[spring-context-4.3.13.RELEASE.jar:4.3.13.RELEASE]
	at org.springframework.context.annotation.ConfigurationClassParser.parse(ConfigurationClassParser.java:185) ~[spring-context-4.3.13.RELEASE.jar:4.3.13.RELEASE]
	at org.springframework.context.annotation.ConfigurationClassPostProcessor.processConfigBeanDefinitions(ConfigurationClassPostProcessor.java:308) ~[spring-context-4.3.13.RELEASE.jar:4.3.13.RELEASE]
	at org.springframework.context.annotation.ConfigurationClassPostProcessor.postProcessBeanDefinitionRegistry(ConfigurationClassPostProcessor.java:228) ~[spring-context-4.3.13.RELEASE.jar:4.3.13.RELEASE]
	at org.springframework.context.support.PostProcessorRegistrationDelegate.invokeBeanDefinitionRegistryPostProcessors(PostProcessorRegistrationDelegate.java:272) ~[spring-context-4.3.13.RELEASE.jar:4.3.13.RELEASE]
	at org.springframework.context.support.PostProcessorRegistrationDelegate.invokeBeanFactoryPostProcessors(PostProcessorRegistrationDelegate.java:92) ~[spring-context-4.3.13.RELEASE.jar:4.3.13.RELEASE]
	at org.springframework.context.support.AbstractApplicationContext.invokeBeanFactoryPostProcessors(AbstractApplicationContext.java:687) ~[spring-context-4.3.13.RELEASE.jar:4.3.13.RELEASE]
	at org.springframework.context.support.AbstractApplicationContext.refresh(AbstractApplicationContext.java:525) ~[spring-context-4.3.13.RELEASE.jar:4.3.13.RELEASE]
	at org.springframework.boot.context.embedded.EmbeddedWebApplicationContext.refresh(EmbeddedWebApplicationContext.java:122) ~[spring-boot-1.5.9.RELEASE.jar:1.5.9.RELEASE]
	at org.springframework.boot.SpringApplication.refresh(SpringApplication.java:693) [spring-boot-1.5.9.RELEASE.jar:1.5.9.RELEASE]
	at org.springframework.boot.SpringApplication.refreshContext(SpringApplication.java:360) [spring-boot-1.5.9.RELEASE.jar:1.5.9.RELEASE]
	at org.springframework.boot.SpringApplication.run(SpringApplication.java:303) [spring-boot-1.5.9.RELEASE.jar:1.5.9.RELEASE]
	at org.springframework.boot.SpringApplication.run(SpringApplication.java:1118) [spring-boot-1.5.9.RELEASE.jar:1.5.9.RELEASE]
	at org.springframework.boot.SpringApplication.run(SpringApplication.java:1107) [spring-boot-1.5.9.RELEASE.jar:1.5.9.RELEASE]
	at com.gxd.GxdProviderApplication.main(GxdProviderApplication.java:15) [classes/:?]
	at sun.reflect.NativeMethodAccessorImpl.invoke0(Native Method) ~[?:1.8.0_152]
	at sun.reflect.NativeMethodAccessorImpl.invoke(NativeMethodAccessorImpl.java:62) ~[?:1.8.0_152]
	at sun.reflect.DelegatingMethodAccessorImpl.invoke(DelegatingMethodAccessorImpl.java:43) ~[?:1.8.0_152]
	at java.lang.reflect.Method.invoke(Method.java:498) ~[?:1.8.0_152]
	at org.springframework.boot.devtools.restart.RestartLauncher.run(RestartLauncher.java:49) [spring-boot-devtools-1.5.9.RELEASE.jar:1.5.9.RELEASE]
Caused by: java.lang.ClassCastException: java.lang.ClassNotFoundException cannot be cast to [Ljava.lang.Object;
	at org.springframework.boot.context.properties.EnableConfigurationPropertiesImportSelector.selectImports(EnableConfigurationPropertiesImportSelector.java:54) ~[spring-boot-1.5.9.RELEASE.jar:1.5.9.RELEASE]
	at org.springframework.context.annotation.ConfigurationClassParser.processImports(ConfigurationClassParser.java:586) ~[spring-context-4.3.13.RELEASE.jar:4.3.13.RELEASE]
	... 23 more
2018/02/01 21:30:19,622 INFO   restartedMain         com.gxd.GxdProviderApplication.logStarting(StartupInfoLogger.java:48) - Starting GxdProviderApplication on DESKTOP-I8Q3E8O with PID 8236 (E:\idea\gxd-master\gxd-provider\target\classes started by Army in E:\idea\gxd-master)
2018/02/01 21:30:19,632 DEBUG  restartedMain         com.gxd.GxdProviderApplication.logStarting(StartupInfoLogger.java:51) - Running with Spring Boot v1.5.9.RELEASE, Spring v4.3.13.RELEASE
2018/02/01 21:30:19,632 INFO   restartedMain         com.gxd.GxdProviderApplication.logStartupProfileInfo(SpringApplication.java:597) - The following profiles are active: dev
2018/02/01 21:30:19,856 INFO   restartedMain         org.springframework.boot.context.embedded.AnnotationConfigEmbeddedWebApplicationContext.prepareRefresh(AbstractApplicationContext.java:583) - Refreshing org.springframework.boot.context.embedded.AnnotationConfigEmbeddedWebApplicationContext@23a80770: startup date [Thu Feb 01 21:30:19 CST 2018]; root of context hierarchy
2018/02/01 21:30:20,165 INFO   background-preinit    org.hibernate.validator.internal.util.Version.<clinit>(Version.java:30) - HV000001: Hibernate Validator 5.3.6.Final
2018/02/01 21:30:23,420 WARN   restartedMain         org.springframework.boot.context.embedded.AnnotationConfigEmbeddedWebApplicationContext.refresh(AbstractApplicationContext.java:551) - Exception encountered during context initialization - cancelling refresh attempt: org.springframework.beans.factory.BeanDefinitionStoreException: Failed to process import candidates for configuration class [org.springframework.cloud.config.server.config.EncryptionAutoConfiguration]; nested exception is java.lang.ClassCastException: java.lang.ClassNotFoundException cannot be cast to [Ljava.lang.Object;
2018/02/01 21:30:23,434 INFO   restartedMain         org.springframework.boot.autoconfigure.logging.AutoConfigurationReportLoggingInitializer.logAutoConfigurationReport(AutoConfigurationReportLoggingInitializer.java:101) - 

Error starting ApplicationContext. To display the auto-configuration report re-run your application with 'debug' enabled.
2018/02/01 21:30:23,459 ERROR  restartedMain         org.springframework.boot.SpringApplication.reportFailure(SpringApplication.java:771) - Application startup failed
org.springframework.beans.factory.BeanDefinitionStoreException: Failed to process import candidates for configuration class [org.springframework.cloud.config.server.config.EncryptionAutoConfiguration]; nested exception is java.lang.ClassCastException: java.lang.ClassNotFoundException cannot be cast to [Ljava.lang.Object;
	at org.springframework.context.annotation.ConfigurationClassParser.processImports(ConfigurationClassParser.java:616) ~[spring-context-4.3.13.RELEASE.jar:4.3.13.RELEASE]
	at org.springframework.context.annotation.ConfigurationClassParser.doProcessConfigurationClass(ConfigurationClassParser.java:299) ~[spring-context-4.3.13.RELEASE.jar:4.3.13.RELEASE]
	at org.springframework.context.annotation.ConfigurationClassParser.processConfigurationClass(ConfigurationClassParser.java:245) ~[spring-context-4.3.13.RELEASE.jar:4.3.13.RELEASE]
	at org.springframework.context.annotation.ConfigurationClassParser.processImports(ConfigurationClassParser.java:606) ~[spring-context-4.3.13.RELEASE.jar:4.3.13.RELEASE]
	at org.springframework.context.annotation.ConfigurationClassParser.processDeferredImportSelectors(ConfigurationClassParser.java:548) ~[spring-context-4.3.13.RELEASE.jar:4.3.13.RELEASE]
	at org.springframework.context.annotation.ConfigurationClassParser.parse(ConfigurationClassParser.java:185) ~[spring-context-4.3.13.RELEASE.jar:4.3.13.RELEASE]
	at org.springframework.context.annotation.ConfigurationClassPostProcessor.processConfigBeanDefinitions(ConfigurationClassPostProcessor.java:308) ~[spring-context-4.3.13.RELEASE.jar:4.3.13.RELEASE]
	at org.springframework.context.annotation.ConfigurationClassPostProcessor.postProcessBeanDefinitionRegistry(ConfigurationClassPostProcessor.java:228) ~[spring-context-4.3.13.RELEASE.jar:4.3.13.RELEASE]
	at org.springframework.context.support.PostProcessorRegistrationDelegate.invokeBeanDefinitionRegistryPostProcessors(PostProcessorRegistrationDelegate.java:272) ~[spring-context-4.3.13.RELEASE.jar:4.3.13.RELEASE]
	at org.springframework.context.support.PostProcessorRegistrationDelegate.invokeBeanFactoryPostProcessors(PostProcessorRegistrationDelegate.java:92) ~[spring-context-4.3.13.RELEASE.jar:4.3.13.RELEASE]
	at org.springframework.context.support.AbstractApplicationContext.invokeBeanFactoryPostProcessors(AbstractApplicationContext.java:687) ~[spring-context-4.3.13.RELEASE.jar:4.3.13.RELEASE]
	at org.springframework.context.support.AbstractApplicationContext.refresh(AbstractApplicationContext.java:525) ~[spring-context-4.3.13.RELEASE.jar:4.3.13.RELEASE]
	at org.springframework.boot.context.embedded.EmbeddedWebApplicationContext.refresh(EmbeddedWebApplicationContext.java:122) ~[spring-boot-1.5.9.RELEASE.jar:1.5.9.RELEASE]
	at org.springframework.boot.SpringApplication.refresh(SpringApplication.java:693) [spring-boot-1.5.9.RELEASE.jar:1.5.9.RELEASE]
	at org.springframework.boot.SpringApplication.refreshContext(SpringApplication.java:360) [spring-boot-1.5.9.RELEASE.jar:1.5.9.RELEASE]
	at org.springframework.boot.SpringApplication.run(SpringApplication.java:303) [spring-boot-1.5.9.RELEASE.jar:1.5.9.RELEASE]
	at org.springframework.boot.SpringApplication.run(SpringApplication.java:1118) [spring-boot-1.5.9.RELEASE.jar:1.5.9.RELEASE]
	at org.springframework.boot.SpringApplication.run(SpringApplication.java:1107) [spring-boot-1.5.9.RELEASE.jar:1.5.9.RELEASE]
	at com.gxd.GxdProviderApplication.main(GxdProviderApplication.java:15) [classes/:?]
	at sun.reflect.NativeMethodAccessorImpl.invoke0(Native Method) ~[?:1.8.0_152]
	at sun.reflect.NativeMethodAccessorImpl.invoke(NativeMethodAccessorImpl.java:62) ~[?:1.8.0_152]
	at sun.reflect.DelegatingMethodAccessorImpl.invoke(DelegatingMethodAccessorImpl.java:43) ~[?:1.8.0_152]
	at java.lang.reflect.Method.invoke(Method.java:498) ~[?:1.8.0_152]
	at org.springframework.boot.devtools.restart.RestartLauncher.run(RestartLauncher.java:49) [spring-boot-devtools-1.5.9.RELEASE.jar:1.5.9.RELEASE]
Caused by: java.lang.ClassCastException: java.lang.ClassNotFoundException cannot be cast to [Ljava.lang.Object;
	at org.springframework.boot.context.properties.EnableConfigurationPropertiesImportSelector.selectImports(EnableConfigurationPropertiesImportSelector.java:54) ~[spring-boot-1.5.9.RELEASE.jar:1.5.9.RELEASE]
	at org.springframework.context.annotation.ConfigurationClassParser.processImports(ConfigurationClassParser.java:586) ~[spring-context-4.3.13.RELEASE.jar:4.3.13.RELEASE]
	... 23 more
