2018/02/04 12:32:36,249 INFO   main                  com.gxd.GxdComponentsEsApplication.logStartupProfileInfo(SpringApplication.java:593) - No active profile set, falling back to default profiles: default
2018/02/04 12:32:37,162 INFO   main                  org.springframework.boot.context.embedded.AnnotationConfigEmbeddedWebApplicationContext.prepareRefresh(AbstractApplicationContext.java:583) - Refreshing org.springframework.boot.context.embedded.AnnotationConfigEmbeddedWebApplicationContext@191a709b: startup date [Sun Feb 04 12:32:37 CST 2018]; parent: org.springframework.context.annotation.AnnotationConfigApplicationContext@72ea6193
2018/02/04 12:32:43,110 INFO   main                  org.springframework.cloud.context.scope.GenericScope.setSerializationId(GenericScope.java:287) - BeanFactory id=6a915f95-0061-3aba-9492-b1731b0265cd
2018/02/04 12:32:43,139 INFO   main                  org.springframework.beans.factory.annotation.AutowiredAnnotationBeanPostProcessor.<init>(AutowiredAnnotationBeanPostProcessor.java:155) - JSR-330 'javax.inject.Inject' annotation found and supported for autowiring
2018/02/04 12:32:43,265 INFO   main                  org.springframework.context.support.PostProcessorRegistrationDelegate$BeanPostProcessorChecker.postProcessAfterInitialization(PostProcessorRegistrationDelegate.java:327) - Bean 'org.springframework.cloud.autoconfigure.ConfigurationPropertiesRebinderAutoConfiguration' of type [org.springframework.cloud.autoconfigure.ConfigurationPropertiesRebinderAutoConfiguration$$EnhancerBySpringCGLIB$$339478db] is not eligible for getting processed by all BeanPostProcessors (for example: not eligible for auto-proxying)
2018/02/04 12:32:44,029 INFO   main                  org.springframework.boot.context.embedded.tomcat.TomcatEmbeddedServletContainer.initialize(TomcatEmbeddedServletContainer.java:89) - Tomcat initialized with port(s): 8080 (http)
2018/02/04 12:32:44,050 INFO   main                  org.apache.catalina.core.StandardService.log(DirectJDKLog.java:179) - Starting service [Tomcat]
2018/02/04 12:32:44,053 INFO   main                  org.apache.catalina.core.StandardEngine.log(DirectJDKLog.java:179) - Starting Servlet Engine: Apache Tomcat/8.5.23
2018/02/04 12:32:44,375 INFO   localhost-startStop-1 org.apache.catalina.core.ContainerBase.[Tomcat].[localhost].[/].log(DirectJDKLog.java:179) - Initializing Spring embedded WebApplicationContext
2018/02/04 12:32:44,376 INFO   localhost-startStop-1 org.springframework.web.context.ContextLoader.prepareEmbeddedWebApplicationContext(EmbeddedWebApplicationContext.java:276) - Root WebApplicationContext: initialization completed in 7214 ms
2018/02/04 12:32:45,019 ERROR  localhost-startStop-1 org.springframework.boot.context.embedded.tomcat.TomcatStarter.onStartup(TomcatStarter.java:63) - Error starting Tomcat context. Exception: org.springframework.beans.factory.BeanCreationException. Message: Error creating bean with name 'characterEncodingFilter' defined in class path resource [org/springframework/boot/autoconfigure/web/HttpEncodingAutoConfiguration.class]: Bean instantiation via factory method failed; nested exception is org.springframework.beans.BeanInstantiationException: Failed to instantiate [org.springframework.web.filter.CharacterEncodingFilter]: Factory method 'characterEncodingFilter' threw exception; nested exception is java.lang.NoSuchMethodError: org.springframework.web.filter.CharacterEncodingFilter.setForceRequestEncoding(Z)V
2018/02/04 12:32:45,083 WARN   main                  org.springframework.boot.context.embedded.AnnotationConfigEmbeddedWebApplicationContext.refresh(AbstractApplicationContext.java:551) - Exception encountered during context initialization - cancelling refresh attempt: org.springframework.context.ApplicationContextException: Unable to start embedded container; nested exception is org.springframework.boot.context.embedded.EmbeddedServletContainerException: Unable to start embedded Tomcat
2018/02/04 12:32:45,094 INFO   main                  org.springframework.boot.autoconfigure.logging.AutoConfigurationReportLoggingInitializer.logAutoConfigurationReport(AutoConfigurationReportLoggingInitializer.java:101) - 

Error starting ApplicationContext. To display the auto-configuration report re-run your application with 'debug' enabled.
2018/02/04 12:32:45,109 ERROR  main                  org.springframework.boot.SpringApplication.reportFailure(SpringApplication.java:771) - Application startup failed
org.springframework.context.ApplicationContextException: Unable to start embedded container; nested exception is org.springframework.boot.context.embedded.EmbeddedServletContainerException: Unable to start embedded Tomcat
	at org.springframework.boot.context.embedded.EmbeddedWebApplicationContext.onRefresh(EmbeddedWebApplicationContext.java:137) ~[spring-boot-1.5.9.RELEASE.jar:1.5.9.RELEASE]
	at org.springframework.context.support.AbstractApplicationContext.refresh(AbstractApplicationContext.java:537) ~[spring-context-4.3.13.RELEASE.jar:4.3.13.RELEASE]
	at org.springframework.boot.context.embedded.EmbeddedWebApplicationContext.refresh(EmbeddedWebApplicationContext.java:122) ~[spring-boot-1.5.9.RELEASE.jar:1.5.9.RELEASE]
	at org.springframework.boot.SpringApplication.refresh(SpringApplication.java:693) [spring-boot-1.5.9.RELEASE.jar:1.5.9.RELEASE]
	at org.springframework.boot.SpringApplication.refreshContext(SpringApplication.java:360) [spring-boot-1.5.9.RELEASE.jar:1.5.9.RELEASE]
	at org.springframework.boot.SpringApplication.run(SpringApplication.java:303) [spring-boot-1.5.9.RELEASE.jar:1.5.9.RELEASE]
	at org.springframework.boot.SpringApplication.run(SpringApplication.java:1118) [spring-boot-1.5.9.RELEASE.jar:1.5.9.RELEASE]
	at org.springframework.boot.SpringApplication.run(SpringApplication.java:1107) [spring-boot-1.5.9.RELEASE.jar:1.5.9.RELEASE]
	at com.gxd.GxdComponentsEsApplication.main(GxdComponentsEsApplication.java:15) [classes/:?]
Caused by: org.springframework.boot.context.embedded.EmbeddedServletContainerException: Unable to start embedded Tomcat
	at org.springframework.boot.context.embedded.tomcat.TomcatEmbeddedServletContainer.initialize(TomcatEmbeddedServletContainer.java:123) ~[spring-boot-1.5.9.RELEASE.jar:1.5.9.RELEASE]
	at org.springframework.boot.context.embedded.tomcat.TomcatEmbeddedServletContainer.<init>(TomcatEmbeddedServletContainer.java:84) ~[spring-boot-1.5.9.RELEASE.jar:1.5.9.RELEASE]
	at org.springframework.boot.context.embedded.tomcat.TomcatEmbeddedServletContainerFactory.getTomcatEmbeddedServletContainer(TomcatEmbeddedServletContainerFactory.java:554) ~[spring-boot-1.5.9.RELEASE.jar:1.5.9.RELEASE]
	at org.springframework.boot.context.embedded.tomcat.TomcatEmbeddedServletContainerFactory.getEmbeddedServletContainer(TomcatEmbeddedServletContainerFactory.java:179) ~[spring-boot-1.5.9.RELEASE.jar:1.5.9.RELEASE]
	at org.springframework.boot.context.embedded.EmbeddedWebApplicationContext.createEmbeddedServletContainer(EmbeddedWebApplicationContext.java:164) ~[spring-boot-1.5.9.RELEASE.jar:1.5.9.RELEASE]
	at org.springframework.boot.context.embedded.EmbeddedWebApplicationContext.onRefresh(EmbeddedWebApplicationContext.java:134) ~[spring-boot-1.5.9.RELEASE.jar:1.5.9.RELEASE]
	... 8 more
Caused by: org.springframework.beans.factory.BeanCreationException: Error creating bean with name 'characterEncodingFilter' defined in class path resource [org/springframework/boot/autoconfigure/web/HttpEncodingAutoConfiguration.class]: Bean instantiation via factory method failed; nested exception is org.springframework.beans.BeanInstantiationException: Failed to instantiate [org.springframework.web.filter.CharacterEncodingFilter]: Factory method 'characterEncodingFilter' threw exception; nested exception is java.lang.NoSuchMethodError: org.springframework.web.filter.CharacterEncodingFilter.setForceRequestEncoding(Z)V
	at org.springframework.beans.factory.support.ConstructorResolver.instantiateUsingFactoryMethod(ConstructorResolver.java:599) ~[spring-beans-4.3.13.RELEASE.jar:4.3.13.RELEASE]
	at org.springframework.beans.factory.support.AbstractAutowireCapableBeanFactory.instantiateUsingFactoryMethod(AbstractAutowireCapableBeanFactory.java:1173) ~[spring-beans-4.3.13.RELEASE.jar:4.3.13.RELEASE]
	at org.springframework.beans.factory.support.AbstractAutowireCapableBeanFactory.createBeanInstance(AbstractAutowireCapableBeanFactory.java:1067) ~[spring-beans-4.3.13.RELEASE.jar:4.3.13.RELEASE]
	at org.springframework.beans.factory.support.AbstractAutowireCapableBeanFactory.doCreateBean(AbstractAutowireCapableBeanFactory.java:513) ~[spring-beans-4.3.13.RELEASE.jar:4.3.13.RELEASE]
	at org.springframework.beans.factory.support.AbstractAutowireCapableBeanFactory.createBean(AbstractAutowireCapableBeanFactory.java:483) ~[spring-beans-4.3.13.RELEASE.jar:4.3.13.RELEASE]
	at org.springframework.beans.factory.support.AbstractBeanFactory$1.getObject(AbstractBeanFactory.java:306) ~[spring-beans-4.3.13.RELEASE.jar:4.3.13.RELEASE]
	at org.springframework.beans.factory.support.DefaultSingletonBeanRegistry.getSingleton(DefaultSingletonBeanRegistry.java:230) ~[spring-beans-4.3.13.RELEASE.jar:4.3.13.RELEASE]
	at org.springframework.beans.factory.support.AbstractBeanFactory.doGetBean(AbstractBeanFactory.java:302) ~[spring-beans-4.3.13.RELEASE.jar:4.3.13.RELEASE]
	at org.springframework.beans.factory.support.AbstractBeanFactory.getBean(AbstractBeanFactory.java:202) ~[spring-beans-4.3.13.RELEASE.jar:4.3.13.RELEASE]
	at org.springframework.boot.web.servlet.ServletContextInitializerBeans.getOrderedBeansOfType(ServletContextInitializerBeans.java:234) ~[spring-boot-1.5.9.RELEASE.jar:1.5.9.RELEASE]
	at org.springframework.boot.web.servlet.ServletContextInitializerBeans.addAsRegistrationBean(ServletContextInitializerBeans.java:182) ~[spring-boot-1.5.9.RELEASE.jar:1.5.9.RELEASE]
	at org.springframework.boot.web.servlet.ServletContextInitializerBeans.addAsRegistrationBean(ServletContextInitializerBeans.java:177) ~[spring-boot-1.5.9.RELEASE.jar:1.5.9.RELEASE]
	at org.springframework.boot.web.servlet.ServletContextInitializerBeans.addAdaptableBeans(ServletContextInitializerBeans.java:159) ~[spring-boot-1.5.9.RELEASE.jar:1.5.9.RELEASE]
	at org.springframework.boot.web.servlet.ServletContextInitializerBeans.<init>(ServletContextInitializerBeans.java:80) ~[spring-boot-1.5.9.RELEASE.jar:1.5.9.RELEASE]
	at org.springframework.boot.context.embedded.EmbeddedWebApplicationContext.getServletContextInitializerBeans(EmbeddedWebApplicationContext.java:241) ~[spring-boot-1.5.9.RELEASE.jar:1.5.9.RELEASE]
	at org.springframework.boot.context.embedded.EmbeddedWebApplicationContext.selfInitialize(EmbeddedWebApplicationContext.java:228) ~[spring-boot-1.5.9.RELEASE.jar:1.5.9.RELEASE]
	at org.springframework.boot.context.embedded.EmbeddedWebApplicationContext.access$000(EmbeddedWebApplicationContext.java:89) ~[spring-boot-1.5.9.RELEASE.jar:1.5.9.RELEASE]
	at org.springframework.boot.context.embedded.EmbeddedWebApplicationContext$1.onStartup(EmbeddedWebApplicationContext.java:213) ~[spring-boot-1.5.9.RELEASE.jar:1.5.9.RELEASE]
	at org.springframework.boot.context.embedded.tomcat.TomcatStarter.onStartup(TomcatStarter.java:55) ~[spring-boot-1.5.9.RELEASE.jar:1.5.9.RELEASE]
	at org.apache.catalina.core.StandardContext.startInternal(StandardContext.java:5196) ~[tomcat-embed-core-8.5.23.jar:8.5.23]
	at org.apache.catalina.util.LifecycleBase.start(LifecycleBase.java:150) ~[tomcat-embed-core-8.5.23.jar:8.5.23]
	at org.apache.catalina.core.ContainerBase$StartChild.call(ContainerBase.java:1419) ~[tomcat-embed-core-8.5.23.jar:8.5.23]
	at org.apache.catalina.core.ContainerBase$StartChild.call(ContainerBase.java:1409) ~[tomcat-embed-core-8.5.23.jar:8.5.23]
	at java.util.concurrent.FutureTask.run(FutureTask.java:266) ~[?:1.8.0_152]
	at java.util.concurrent.ThreadPoolExecutor.runWorker(ThreadPoolExecutor.java:1149) ~[?:1.8.0_152]
	at java.util.concurrent.ThreadPoolExecutor$Worker.run(ThreadPoolExecutor.java:624) ~[?:1.8.0_152]
	at java.lang.Thread.run(Thread.java:748) ~[?:1.8.0_152]
Caused by: org.springframework.beans.BeanInstantiationException: Failed to instantiate [org.springframework.web.filter.CharacterEncodingFilter]: Factory method 'characterEncodingFilter' threw exception; nested exception is java.lang.NoSuchMethodError: org.springframework.web.filter.CharacterEncodingFilter.setForceRequestEncoding(Z)V
	at org.springframework.beans.factory.support.SimpleInstantiationStrategy.instantiate(SimpleInstantiationStrategy.java:189) ~[spring-beans-4.3.13.RELEASE.jar:4.3.13.RELEASE]
	at org.springframework.beans.factory.support.ConstructorResolver.instantiateUsingFactoryMethod(ConstructorResolver.java:588) ~[spring-beans-4.3.13.RELEASE.jar:4.3.13.RELEASE]
	at org.springframework.beans.factory.support.AbstractAutowireCapableBeanFactory.instantiateUsingFactoryMethod(AbstractAutowireCapableBeanFactory.java:1173) ~[spring-beans-4.3.13.RELEASE.jar:4.3.13.RELEASE]
	at org.springframework.beans.factory.support.AbstractAutowireCapableBeanFactory.createBeanInstance(AbstractAutowireCapableBeanFactory.java:1067) ~[spring-beans-4.3.13.RELEASE.jar:4.3.13.RELEASE]
	at org.springframework.beans.factory.support.AbstractAutowireCapableBeanFactory.doCreateBean(AbstractAutowireCapableBeanFactory.java:513) ~[spring-beans-4.3.13.RELEASE.jar:4.3.13.RELEASE]
	at org.springframework.beans.factory.support.AbstractAutowireCapableBeanFactory.createBean(AbstractAutowireCapableBeanFactory.java:483) ~[spring-beans-4.3.13.RELEASE.jar:4.3.13.RELEASE]
	at org.springframework.beans.factory.support.AbstractBeanFactory$1.getObject(AbstractBeanFactory.java:306) ~[spring-beans-4.3.13.RELEASE.jar:4.3.13.RELEASE]
	at org.springframework.beans.factory.support.DefaultSingletonBeanRegistry.getSingleton(DefaultSingletonBeanRegistry.java:230) ~[spring-beans-4.3.13.RELEASE.jar:4.3.13.RELEASE]
	at org.springframework.beans.factory.support.AbstractBeanFactory.doGetBean(AbstractBeanFactory.java:302) ~[spring-beans-4.3.13.RELEASE.jar:4.3.13.RELEASE]
	at org.springframework.beans.factory.support.AbstractBeanFactory.getBean(AbstractBeanFactory.java:202) ~[spring-beans-4.3.13.RELEASE.jar:4.3.13.RELEASE]
	at org.springframework.boot.web.servlet.ServletContextInitializerBeans.getOrderedBeansOfType(ServletContextInitializerBeans.java:234) ~[spring-boot-1.5.9.RELEASE.jar:1.5.9.RELEASE]
	at org.springframework.boot.web.servlet.ServletContextInitializerBeans.addAsRegistrationBean(ServletContextInitializerBeans.java:182) ~[spring-boot-1.5.9.RELEASE.jar:1.5.9.RELEASE]
	at org.springframework.boot.web.servlet.ServletContextInitializerBeans.addAsRegistrationBean(ServletContextInitializerBeans.java:177) ~[spring-boot-1.5.9.RELEASE.jar:1.5.9.RELEASE]
	at org.springframework.boot.web.servlet.ServletContextInitializerBeans.addAdaptableBeans(ServletContextInitializerBeans.java:159) ~[spring-boot-1.5.9.RELEASE.jar:1.5.9.RELEASE]
	at org.springframework.boot.web.servlet.ServletContextInitializerBeans.<init>(ServletContextInitializerBeans.java:80) ~[spring-boot-1.5.9.RELEASE.jar:1.5.9.RELEASE]
	at org.springframework.boot.context.embedded.EmbeddedWebApplicationContext.getServletContextInitializerBeans(EmbeddedWebApplicationContext.java:241) ~[spring-boot-1.5.9.RELEASE.jar:1.5.9.RELEASE]
	at org.springframework.boot.context.embedded.EmbeddedWebApplicationContext.selfInitialize(EmbeddedWebApplicationContext.java:228) ~[spring-boot-1.5.9.RELEASE.jar:1.5.9.RELEASE]
	at org.springframework.boot.context.embedded.EmbeddedWebApplicationContext.access$000(EmbeddedWebApplicationContext.java:89) ~[spring-boot-1.5.9.RELEASE.jar:1.5.9.RELEASE]
	at org.springframework.boot.context.embedded.EmbeddedWebApplicationContext$1.onStartup(EmbeddedWebApplicationContext.java:213) ~[spring-boot-1.5.9.RELEASE.jar:1.5.9.RELEASE]
	at org.springframework.boot.context.embedded.tomcat.TomcatStarter.onStartup(TomcatStarter.java:55) ~[spring-boot-1.5.9.RELEASE.jar:1.5.9.RELEASE]
	at org.apache.catalina.core.StandardContext.startInternal(StandardContext.java:5196) ~[tomcat-embed-core-8.5.23.jar:8.5.23]
	at org.apache.catalina.util.LifecycleBase.start(LifecycleBase.java:150) ~[tomcat-embed-core-8.5.23.jar:8.5.23]
	at org.apache.catalina.core.ContainerBase$StartChild.call(ContainerBase.java:1419) ~[tomcat-embed-core-8.5.23.jar:8.5.23]
	at org.apache.catalina.core.ContainerBase$StartChild.call(ContainerBase.java:1409) ~[tomcat-embed-core-8.5.23.jar:8.5.23]
	at java.util.concurrent.FutureTask.run(FutureTask.java:266) ~[?:1.8.0_152]
	at java.util.concurrent.ThreadPoolExecutor.runWorker(ThreadPoolExecutor.java:1149) ~[?:1.8.0_152]
	at java.util.concurrent.ThreadPoolExecutor$Worker.run(ThreadPoolExecutor.java:624) ~[?:1.8.0_152]
	at java.lang.Thread.run(Thread.java:748) ~[?:1.8.0_152]
Caused by: java.lang.NoSuchMethodError: org.springframework.web.filter.CharacterEncodingFilter.setForceRequestEncoding(Z)V
	at org.springframework.boot.autoconfigure.web.HttpEncodingAutoConfiguration.characterEncodingFilter(HttpEncodingAutoConfiguration.java:60) ~[spring-boot-autoconfigure-1.5.9.RELEASE.jar:1.5.9.RELEASE]
	at org.springframework.boot.autoconfigure.web.HttpEncodingAutoConfiguration$$EnhancerBySpringCGLIB$$ee66dc89.CGLIB$characterEncodingFilter$0(<generated>) ~[spring-boot-autoconfigure-1.5.9.RELEASE.jar:1.5.9.RELEASE]
	at org.springframework.boot.autoconfigure.web.HttpEncodingAutoConfiguration$$EnhancerBySpringCGLIB$$ee66dc89$$FastClassBySpringCGLIB$$51a4ef93.invoke(<generated>) ~[spring-boot-autoconfigure-1.5.9.RELEASE.jar:1.5.9.RELEASE]
	at org.springframework.cglib.proxy.MethodProxy.invokeSuper(MethodProxy.java:228) ~[spring-core-4.3.13.RELEASE.jar:4.3.13.RELEASE]
	at org.springframework.context.annotation.ConfigurationClassEnhancer$BeanMethodInterceptor.intercept(ConfigurationClassEnhancer.java:358) ~[spring-context-4.3.13.RELEASE.jar:4.3.13.RELEASE]
	at org.springframework.boot.autoconfigure.web.HttpEncodingAutoConfiguration$$EnhancerBySpringCGLIB$$ee66dc89.characterEncodingFilter(<generated>) ~[spring-boot-autoconfigure-1.5.9.RELEASE.jar:1.5.9.RELEASE]
	at sun.reflect.NativeMethodAccessorImpl.invoke0(Native Method) ~[?:1.8.0_152]
	at sun.reflect.NativeMethodAccessorImpl.invoke(NativeMethodAccessorImpl.java:62) ~[?:1.8.0_152]
	at sun.reflect.DelegatingMethodAccessorImpl.invoke(DelegatingMethodAccessorImpl.java:43) ~[?:1.8.0_152]
	at java.lang.reflect.Method.invoke(Method.java:498) ~[?:1.8.0_152]
	at org.springframework.beans.factory.support.SimpleInstantiationStrategy.instantiate(SimpleInstantiationStrategy.java:162) ~[spring-beans-4.3.13.RELEASE.jar:4.3.13.RELEASE]
	at org.springframework.beans.factory.support.ConstructorResolver.instantiateUsingFactoryMethod(ConstructorResolver.java:588) ~[spring-beans-4.3.13.RELEASE.jar:4.3.13.RELEASE]
	at org.springframework.beans.factory.support.AbstractAutowireCapableBeanFactory.instantiateUsingFactoryMethod(AbstractAutowireCapableBeanFactory.java:1173) ~[spring-beans-4.3.13.RELEASE.jar:4.3.13.RELEASE]
	at org.springframework.beans.factory.support.AbstractAutowireCapableBeanFactory.createBeanInstance(AbstractAutowireCapableBeanFactory.java:1067) ~[spring-beans-4.3.13.RELEASE.jar:4.3.13.RELEASE]
	at org.springframework.beans.factory.support.AbstractAutowireCapableBeanFactory.doCreateBean(AbstractAutowireCapableBeanFactory.java:513) ~[spring-beans-4.3.13.RELEASE.jar:4.3.13.RELEASE]
	at org.springframework.beans.factory.support.AbstractAutowireCapableBeanFactory.createBean(AbstractAutowireCapableBeanFactory.java:483) ~[spring-beans-4.3.13.RELEASE.jar:4.3.13.RELEASE]
	at org.springframework.beans.factory.support.AbstractBeanFactory$1.getObject(AbstractBeanFactory.java:306) ~[spring-beans-4.3.13.RELEASE.jar:4.3.13.RELEASE]
	at org.springframework.beans.factory.support.DefaultSingletonBeanRegistry.getSingleton(DefaultSingletonBeanRegistry.java:230) ~[spring-beans-4.3.13.RELEASE.jar:4.3.13.RELEASE]
	at org.springframework.beans.factory.support.AbstractBeanFactory.doGetBean(AbstractBeanFactory.java:302) ~[spring-beans-4.3.13.RELEASE.jar:4.3.13.RELEASE]
	at org.springframework.beans.factory.support.AbstractBeanFactory.getBean(AbstractBeanFactory.java:202) ~[spring-beans-4.3.13.RELEASE.jar:4.3.13.RELEASE]
	at org.springframework.boot.web.servlet.ServletContextInitializerBeans.getOrderedBeansOfType(ServletContextInitializerBeans.java:234) ~[spring-boot-1.5.9.RELEASE.jar:1.5.9.RELEASE]
	at org.springframework.boot.web.servlet.ServletContextInitializerBeans.addAsRegistrationBean(ServletContextInitializerBeans.java:182) ~[spring-boot-1.5.9.RELEASE.jar:1.5.9.RELEASE]
	at org.springframework.boot.web.servlet.ServletContextInitializerBeans.addAsRegistrationBean(ServletContextInitializerBeans.java:177) ~[spring-boot-1.5.9.RELEASE.jar:1.5.9.RELEASE]
	at org.springframework.boot.web.servlet.ServletContextInitializerBeans.addAdaptableBeans(ServletContextInitializerBeans.java:159) ~[spring-boot-1.5.9.RELEASE.jar:1.5.9.RELEASE]
	at org.springframework.boot.web.servlet.ServletContextInitializerBeans.<init>(ServletContextInitializerBeans.java:80) ~[spring-boot-1.5.9.RELEASE.jar:1.5.9.RELEASE]
	at org.springframework.boot.context.embedded.EmbeddedWebApplicationContext.getServletContextInitializerBeans(EmbeddedWebApplicationContext.java:241) ~[spring-boot-1.5.9.RELEASE.jar:1.5.9.RELEASE]
	at org.springframework.boot.context.embedded.EmbeddedWebApplicationContext.selfInitialize(EmbeddedWebApplicationContext.java:228) ~[spring-boot-1.5.9.RELEASE.jar:1.5.9.RELEASE]
	at org.springframework.boot.context.embedded.EmbeddedWebApplicationContext.access$000(EmbeddedWebApplicationContext.java:89) ~[spring-boot-1.5.9.RELEASE.jar:1.5.9.RELEASE]
	at org.springframework.boot.context.embedded.EmbeddedWebApplicationContext$1.onStartup(EmbeddedWebApplicationContext.java:213) ~[spring-boot-1.5.9.RELEASE.jar:1.5.9.RELEASE]
	at org.springframework.boot.context.embedded.tomcat.TomcatStarter.onStartup(TomcatStarter.java:55) ~[spring-boot-1.5.9.RELEASE.jar:1.5.9.RELEASE]
	at org.apache.catalina.core.StandardContext.startInternal(StandardContext.java:5196) ~[tomcat-embed-core-8.5.23.jar:8.5.23]
	at org.apache.catalina.util.LifecycleBase.start(LifecycleBase.java:150) ~[tomcat-embed-core-8.5.23.jar:8.5.23]
	at org.apache.catalina.core.ContainerBase$StartChild.call(ContainerBase.java:1419) ~[tomcat-embed-core-8.5.23.jar:8.5.23]
	at org.apache.catalina.core.ContainerBase$StartChild.call(ContainerBase.java:1409) ~[tomcat-embed-core-8.5.23.jar:8.5.23]
	at java.util.concurrent.FutureTask.run(FutureTask.java:266) ~[?:1.8.0_152]
	at java.util.concurrent.ThreadPoolExecutor.runWorker(ThreadPoolExecutor.java:1149) ~[?:1.8.0_152]
	at java.util.concurrent.ThreadPoolExecutor$Worker.run(ThreadPoolExecutor.java:624) ~[?:1.8.0_152]
	at java.lang.Thread.run(Thread.java:748) ~[?:1.8.0_152]
2018/02/04 12:34:48,059 INFO   main                  com.gxd.GxdComponentsEsApplication.logStartupProfileInfo(SpringApplication.java:593) - No active profile set, falling back to default profiles: default
2018/02/04 12:34:48,083 INFO   main                  org.springframework.boot.context.embedded.AnnotationConfigEmbeddedWebApplicationContext.prepareRefresh(AbstractApplicationContext.java:583) - Refreshing org.springframework.boot.context.embedded.AnnotationConfigEmbeddedWebApplicationContext@4a0df195: startup date [Sun Feb 04 12:34:48 CST 2018]; parent: org.springframework.context.annotation.AnnotationConfigApplicationContext@72ea6193
2018/02/04 12:34:48,747 ERROR  main                  org.springframework.boot.SpringApplication.reportFailure(SpringApplication.java:771) - Application startup failed
java.lang.NoClassDefFoundError: org/springframework/web/cors/CorsConfigurationSource
	at java.lang.ClassLoader.defineClass1(Native Method) ~[?:1.8.0_152]
	at java.lang.ClassLoader.defineClass(ClassLoader.java:763) ~[?:1.8.0_152]
	at java.security.SecureClassLoader.defineClass(SecureClassLoader.java:142) ~[?:1.8.0_152]
	at java.net.URLClassLoader.defineClass(URLClassLoader.java:467) ~[?:1.8.0_152]
	at java.net.URLClassLoader.access$100(URLClassLoader.java:73) ~[?:1.8.0_152]
	at java.net.URLClassLoader$1.run(URLClassLoader.java:368) ~[?:1.8.0_152]
	at java.net.URLClassLoader$1.run(URLClassLoader.java:362) ~[?:1.8.0_152]
	at java.security.AccessController.doPrivileged(Native Method) ~[?:1.8.0_152]
	at java.net.URLClassLoader.findClass(URLClassLoader.java:361) ~[?:1.8.0_152]
	at java.lang.ClassLoader.loadClass(ClassLoader.java:424) ~[?:1.8.0_152]
	at sun.misc.Launcher$AppClassLoader.loadClass(Launcher.java:338) ~[?:1.8.0_152]
	at java.lang.ClassLoader.loadClass(ClassLoader.java:357) ~[?:1.8.0_152]
	at java.lang.Class.getDeclaredMethods0(Native Method) ~[?:1.8.0_152]
	at java.lang.Class.privateGetDeclaredMethods(Class.java:2701) ~[?:1.8.0_152]
	at java.lang.Class.getDeclaredMethods(Class.java:1975) ~[?:1.8.0_152]
	at org.springframework.util.ReflectionUtils.getDeclaredMethods(ReflectionUtils.java:613) ~[spring-core-4.3.13.RELEASE.jar:4.3.13.RELEASE]
	at org.springframework.util.ReflectionUtils.doWithMethods(ReflectionUtils.java:524) ~[spring-core-4.3.13.RELEASE.jar:4.3.13.RELEASE]
	at org.springframework.util.ReflectionUtils.doWithMethods(ReflectionUtils.java:537) ~[spring-core-4.3.13.RELEASE.jar:4.3.13.RELEASE]
	at org.springframework.util.ReflectionUtils.doWithMethods(ReflectionUtils.java:537) ~[spring-core-4.3.13.RELEASE.jar:4.3.13.RELEASE]
	at org.springframework.util.ReflectionUtils.doWithMethods(ReflectionUtils.java:510) ~[spring-core-4.3.13.RELEASE.jar:4.3.13.RELEASE]
	at org.springframework.util.ReflectionUtils.getUniqueDeclaredMethods(ReflectionUtils.java:570) ~[spring-core-4.3.13.RELEASE.jar:4.3.13.RELEASE]
	at org.springframework.beans.factory.support.AbstractAutowireCapableBeanFactory.getTypeForFactoryMethod(AbstractAutowireCapableBeanFactory.java:697) ~[spring-beans-4.3.13.RELEASE.jar:4.3.13.RELEASE]
	at org.springframework.beans.factory.support.AbstractAutowireCapableBeanFactory.determineTargetType(AbstractAutowireCapableBeanFactory.java:640) ~[spring-beans-4.3.13.RELEASE.jar:4.3.13.RELEASE]
	at org.springframework.beans.factory.support.AbstractAutowireCapableBeanFactory.predictBeanType(AbstractAutowireCapableBeanFactory.java:609) ~[spring-beans-4.3.13.RELEASE.jar:4.3.13.RELEASE]
	at org.springframework.beans.factory.support.AbstractBeanFactory.isFactoryBean(AbstractBeanFactory.java:1484) ~[spring-beans-4.3.13.RELEASE.jar:4.3.13.RELEASE]
	at org.springframework.beans.factory.support.DefaultListableBeanFactory.doGetBeanNamesForType(DefaultListableBeanFactory.java:425) ~[spring-beans-4.3.13.RELEASE.jar:4.3.13.RELEASE]
	at org.springframework.beans.factory.support.DefaultListableBeanFactory.getBeanNamesForType(DefaultListableBeanFactory.java:395) ~[spring-beans-4.3.13.RELEASE.jar:4.3.13.RELEASE]
	at org.springframework.context.support.PostProcessorRegistrationDelegate.invokeBeanFactoryPostProcessors(PostProcessorRegistrationDelegate.java:96) ~[spring-context-4.3.13.RELEASE.jar:4.3.13.RELEASE]
	at org.springframework.context.support.AbstractApplicationContext.invokeBeanFactoryPostProcessors(AbstractApplicationContext.java:687) ~[spring-context-4.3.13.RELEASE.jar:4.3.13.RELEASE]
	at org.springframework.context.support.AbstractApplicationContext.refresh(AbstractApplicationContext.java:525) ~[spring-context-4.3.13.RELEASE.jar:4.3.13.RELEASE]
	at org.springframework.boot.context.embedded.EmbeddedWebApplicationContext.refresh(EmbeddedWebApplicationContext.java:122) ~[spring-boot-1.5.9.RELEASE.jar:1.5.9.RELEASE]
	at org.springframework.boot.SpringApplication.refresh(SpringApplication.java:693) [spring-boot-1.5.9.RELEASE.jar:1.5.9.RELEASE]
	at org.springframework.boot.SpringApplication.refreshContext(SpringApplication.java:360) [spring-boot-1.5.9.RELEASE.jar:1.5.9.RELEASE]
	at org.springframework.boot.SpringApplication.run(SpringApplication.java:303) [spring-boot-1.5.9.RELEASE.jar:1.5.9.RELEASE]
	at org.springframework.boot.SpringApplication.run(SpringApplication.java:1118) [spring-boot-1.5.9.RELEASE.jar:1.5.9.RELEASE]
	at org.springframework.boot.SpringApplication.run(SpringApplication.java:1107) [spring-boot-1.5.9.RELEASE.jar:1.5.9.RELEASE]
	at com.gxd.GxdComponentsEsApplication.main(GxdComponentsEsApplication.java:15) [classes/:?]
Caused by: java.lang.ClassNotFoundException: org.springframework.web.cors.CorsConfigurationSource
	at java.net.URLClassLoader.findClass(URLClassLoader.java:381) ~[?:1.8.0_152]
	at java.lang.ClassLoader.loadClass(ClassLoader.java:424) ~[?:1.8.0_152]
	at sun.misc.Launcher$AppClassLoader.loadClass(Launcher.java:338) ~[?:1.8.0_152]
	at java.lang.ClassLoader.loadClass(ClassLoader.java:357) ~[?:1.8.0_152]
	... 37 more
2018/02/04 12:34:48,757 INFO   main                  org.springframework.boot.context.embedded.AnnotationConfigEmbeddedWebApplicationContext.doClose(AbstractApplicationContext.java:984) - Closing org.springframework.boot.context.embedded.AnnotationConfigEmbeddedWebApplicationContext@4a0df195: startup date [Sun Feb 04 12:34:48 CST 2018]; parent: org.springframework.context.annotation.AnnotationConfigApplicationContext@72ea6193
2018/02/04 12:40:02,565 INFO   main                  com.gxd.GxdComponentsEsApplication.logStartupProfileInfo(SpringApplication.java:593) - No active profile set, falling back to default profiles: default
2018/02/04 12:40:02,596 INFO   main                  org.springframework.boot.context.embedded.AnnotationConfigEmbeddedWebApplicationContext.prepareRefresh(AbstractApplicationContext.java:583) - Refreshing org.springframework.boot.context.embedded.AnnotationConfigEmbeddedWebApplicationContext@78830d9a: startup date [Sun Feb 04 12:40:02 CST 2018]; parent: org.springframework.context.annotation.AnnotationConfigApplicationContext@774698ab
2018/02/04 12:40:03,467 INFO   main                  org.springframework.cloud.context.scope.GenericScope.setSerializationId(GenericScope.java:287) - BeanFactory id=c9ebedb2-cbee-386c-bfea-337f792a4698
2018/02/04 12:40:03,501 INFO   main                  org.springframework.beans.factory.annotation.AutowiredAnnotationBeanPostProcessor.<init>(AutowiredAnnotationBeanPostProcessor.java:155) - JSR-330 'javax.inject.Inject' annotation found and supported for autowiring
2018/02/04 12:40:03,710 INFO   main                  org.springframework.context.support.PostProcessorRegistrationDelegate$BeanPostProcessorChecker.postProcessAfterInitialization(PostProcessorRegistrationDelegate.java:327) - Bean 'org.springframework.cloud.autoconfigure.ConfigurationPropertiesRebinderAutoConfiguration' of type [org.springframework.cloud.autoconfigure.ConfigurationPropertiesRebinderAutoConfiguration$$EnhancerBySpringCGLIB$$d31f902d] is not eligible for getting processed by all BeanPostProcessors (for example: not eligible for auto-proxying)
2018/02/04 12:40:04,551 INFO   main                  org.springframework.boot.context.embedded.tomcat.TomcatEmbeddedServletContainer.initialize(TomcatEmbeddedServletContainer.java:89) - Tomcat initialized with port(s): 8080 (http)
2018/02/04 12:40:04,574 INFO   main                  org.apache.catalina.core.StandardService.log(DirectJDKLog.java:179) - Starting service [Tomcat]
2018/02/04 12:40:04,577 INFO   main                  org.apache.catalina.core.StandardEngine.log(DirectJDKLog.java:179) - Starting Servlet Engine: Apache Tomcat/8.5.23
2018/02/04 12:40:04,810 INFO   localhost-startStop-1 org.apache.catalina.core.ContainerBase.[Tomcat].[localhost].[/].log(DirectJDKLog.java:179) - Initializing Spring embedded WebApplicationContext
2018/02/04 12:40:04,811 INFO   localhost-startStop-1 org.springframework.web.context.ContextLoader.prepareEmbeddedWebApplicationContext(EmbeddedWebApplicationContext.java:276) - Root WebApplicationContext: initialization completed in 2215 ms
2018/02/04 12:40:05,118 INFO   localhost-startStop-1 org.springframework.boot.web.servlet.ServletRegistrationBean.onStartup(ServletRegistrationBean.java:190) - Mapping servlet: 'dispatcherServlet' to [/]
2018/02/04 12:40:05,129 INFO   localhost-startStop-1 org.springframework.boot.web.servlet.FilterRegistrationBean.configure(AbstractFilterRegistrationBean.java:258) - Mapping filter: 'characterEncodingFilter' to: [/*]
2018/02/04 12:40:05,130 INFO   localhost-startStop-1 org.springframework.boot.web.servlet.FilterRegistrationBean.configure(AbstractFilterRegistrationBean.java:258) - Mapping filter: 'hiddenHttpMethodFilter' to: [/*]
2018/02/04 12:40:05,130 INFO   localhost-startStop-1 org.springframework.boot.web.servlet.FilterRegistrationBean.configure(AbstractFilterRegistrationBean.java:258) - Mapping filter: 'httpPutFormContentFilter' to: [/*]
2018/02/04 12:40:05,130 INFO   localhost-startStop-1 org.springframework.boot.web.servlet.FilterRegistrationBean.configure(AbstractFilterRegistrationBean.java:258) - Mapping filter: 'requestContextFilter' to: [/*]
2018/02/04 12:40:05,740 INFO   main                  org.springframework.web.servlet.mvc.method.annotation.RequestMappingHandlerAdapter.initControllerAdviceCache(RequestMappingHandlerAdapter.java:534) - Looking for @ControllerAdvice: org.springframework.boot.context.embedded.AnnotationConfigEmbeddedWebApplicationContext@78830d9a: startup date [Sun Feb 04 12:40:02 CST 2018]; parent: org.springframework.context.annotation.AnnotationConfigApplicationContext@774698ab
2018/02/04 12:40:05,852 INFO   main                  org.springframework.web.servlet.mvc.method.annotation.RequestMappingHandlerMapping.register(AbstractHandlerMethodMapping.java:543) - Mapped "{[/es/getCommunityInfo]}" onto public com.gxd.es.model.Result com.gxd.es.web.ESController.getCommunityInfo(java.lang.String)
2018/02/04 12:40:05,856 INFO   main                  org.springframework.web.servlet.mvc.method.annotation.RequestMappingHandlerMapping.register(AbstractHandlerMethodMapping.java:543) - Mapped "{[/error]}" onto public org.springframework.http.ResponseEntity<java.util.Map<java.lang.String, java.lang.Object>> org.springframework.boot.autoconfigure.web.BasicErrorController.error(javax.servlet.http.HttpServletRequest)
2018/02/04 12:40:05,857 INFO   main                  org.springframework.web.servlet.mvc.method.annotation.RequestMappingHandlerMapping.register(AbstractHandlerMethodMapping.java:543) - Mapped "{[/error],produces=[text/html]}" onto public org.springframework.web.servlet.ModelAndView org.springframework.boot.autoconfigure.web.BasicErrorController.errorHtml(javax.servlet.http.HttpServletRequest,javax.servlet.http.HttpServletResponse)
2018/02/04 12:40:05,928 INFO   main                  org.springframework.web.servlet.handler.SimpleUrlHandlerMapping.registerHandler(AbstractUrlHandlerMapping.java:362) - Mapped URL path [/webjars/**] onto handler of type [class org.springframework.web.servlet.resource.ResourceHttpRequestHandler]
2018/02/04 12:40:05,929 INFO   main                  org.springframework.web.servlet.handler.SimpleUrlHandlerMapping.registerHandler(AbstractUrlHandlerMapping.java:362) - Mapped URL path [/**] onto handler of type [class org.springframework.web.servlet.resource.ResourceHttpRequestHandler]
2018/02/04 12:40:06,004 INFO   main                  org.springframework.web.servlet.handler.SimpleUrlHandlerMapping.registerHandler(AbstractUrlHandlerMapping.java:362) - Mapped URL path [/**/favicon.ico] onto handler of type [class org.springframework.web.servlet.resource.ResourceHttpRequestHandler]
2018/02/04 12:40:07,307 INFO   main                  org.springframework.jmx.export.annotation.AnnotationMBeanExporter.afterSingletonsInstantiated(MBeanExporter.java:431) - Registering beans for JMX exposure on startup
2018/02/04 12:40:07,321 INFO   main                  org.springframework.jmx.export.annotation.AnnotationMBeanExporter.autodetect(MBeanExporter.java:916) - Bean with name 'configurationPropertiesRebinder' has been autodetected for JMX exposure
2018/02/04 12:40:07,322 INFO   main                  org.springframework.jmx.export.annotation.AnnotationMBeanExporter.autodetect(MBeanExporter.java:916) - Bean with name 'environmentManager' has been autodetected for JMX exposure
2018/02/04 12:40:07,324 INFO   main                  org.springframework.jmx.export.annotation.AnnotationMBeanExporter.autodetect(MBeanExporter.java:916) - Bean with name 'refreshScope' has been autodetected for JMX exposure
2018/02/04 12:40:07,327 INFO   main                  org.springframework.jmx.export.annotation.AnnotationMBeanExporter.registerBeanInstance(MBeanExporter.java:678) - Located managed bean 'environmentManager': registering with JMX server as MBean [org.springframework.cloud.context.environment:name=environmentManager,type=EnvironmentManager]
2018/02/04 12:40:07,347 INFO   main                  org.springframework.jmx.export.annotation.AnnotationMBeanExporter.registerBeanInstance(MBeanExporter.java:678) - Located managed bean 'refreshScope': registering with JMX server as MBean [org.springframework.cloud.context.scope.refresh:name=refreshScope,type=RefreshScope]
2018/02/04 12:40:07,371 INFO   main                  org.springframework.jmx.export.annotation.AnnotationMBeanExporter.registerBeanInstance(MBeanExporter.java:678) - Located managed bean 'configurationPropertiesRebinder': registering with JMX server as MBean [org.springframework.cloud.context.properties:name=configurationPropertiesRebinder,context=78830d9a,type=ConfigurationPropertiesRebinder]
2018/02/04 12:40:07,410 INFO   main                  org.apache.coyote.http11.Http11NioProtocol.log(DirectJDKLog.java:179) - Initializing ProtocolHandler ["http-nio-8080"]
2018/02/04 12:40:07,430 INFO   main                  org.apache.coyote.http11.Http11NioProtocol.log(DirectJDKLog.java:179) - Starting ProtocolHandler ["http-nio-8080"]
2018/02/04 12:40:07,442 ERROR  main                  org.apache.coyote.http11.Http11NioProtocol.log(DirectJDKLog.java:181) - Failed to start end point associated with ProtocolHandler ["http-nio-8080"]
java.net.BindException: Address already in use: bind
	at sun.nio.ch.Net.bind0(Native Method) ~[?:1.8.0_152]
	at sun.nio.ch.Net.bind(Net.java:433) ~[?:1.8.0_152]
	at sun.nio.ch.Net.bind(Net.java:425) ~[?:1.8.0_152]
	at sun.nio.ch.ServerSocketChannelImpl.bind(ServerSocketChannelImpl.java:223) ~[?:1.8.0_152]
	at sun.nio.ch.ServerSocketAdaptor.bind(ServerSocketAdaptor.java:74) ~[?:1.8.0_152]
	at org.apache.tomcat.util.net.NioEndpoint.bind(NioEndpoint.java:210) ~[tomcat-embed-core-8.5.23.jar:8.5.23]
	at org.apache.tomcat.util.net.AbstractEndpoint.start(AbstractEndpoint.java:990) ~[tomcat-embed-core-8.5.23.jar:8.5.23]
	at org.apache.coyote.AbstractProtocol.start(AbstractProtocol.java:635) [tomcat-embed-core-8.5.23.jar:8.5.23]
	at org.apache.catalina.connector.Connector.startInternal(Connector.java:1022) [tomcat-embed-core-8.5.23.jar:8.5.23]
	at org.apache.catalina.util.LifecycleBase.start(LifecycleBase.java:150) [tomcat-embed-core-8.5.23.jar:8.5.23]
	at org.apache.catalina.core.StandardService.addConnector(StandardService.java:225) [tomcat-embed-core-8.5.23.jar:8.5.23]
	at org.springframework.boot.context.embedded.tomcat.TomcatEmbeddedServletContainer.addPreviouslyRemovedConnectors(TomcatEmbeddedServletContainer.java:250) [spring-boot-1.5.9.RELEASE.jar:1.5.9.RELEASE]
	at org.springframework.boot.context.embedded.tomcat.TomcatEmbeddedServletContainer.start(TomcatEmbeddedServletContainer.java:193) [spring-boot-1.5.9.RELEASE.jar:1.5.9.RELEASE]
	at org.springframework.boot.context.embedded.EmbeddedWebApplicationContext.startEmbeddedServletContainer(EmbeddedWebApplicationContext.java:297) [spring-boot-1.5.9.RELEASE.jar:1.5.9.RELEASE]
	at org.springframework.boot.context.embedded.EmbeddedWebApplicationContext.finishRefresh(EmbeddedWebApplicationContext.java:145) [spring-boot-1.5.9.RELEASE.jar:1.5.9.RELEASE]
	at org.springframework.context.support.AbstractApplicationContext.refresh(AbstractApplicationContext.java:546) [spring-context-4.3.13.RELEASE.jar:4.3.13.RELEASE]
	at org.springframework.boot.context.embedded.EmbeddedWebApplicationContext.refresh(EmbeddedWebApplicationContext.java:122) [spring-boot-1.5.9.RELEASE.jar:1.5.9.RELEASE]
	at org.springframework.boot.SpringApplication.refresh(SpringApplication.java:693) [spring-boot-1.5.9.RELEASE.jar:1.5.9.RELEASE]
	at org.springframework.boot.SpringApplication.refreshContext(SpringApplication.java:360) [spring-boot-1.5.9.RELEASE.jar:1.5.9.RELEASE]
	at org.springframework.boot.SpringApplication.run(SpringApplication.java:303) [spring-boot-1.5.9.RELEASE.jar:1.5.9.RELEASE]
	at org.springframework.boot.SpringApplication.run(SpringApplication.java:1118) [spring-boot-1.5.9.RELEASE.jar:1.5.9.RELEASE]
	at org.springframework.boot.SpringApplication.run(SpringApplication.java:1107) [spring-boot-1.5.9.RELEASE.jar:1.5.9.RELEASE]
	at com.gxd.GxdComponentsEsApplication.main(GxdComponentsEsApplication.java:15) [classes/:?]
2018/02/04 12:40:07,449 ERROR  main                  org.apache.catalina.core.StandardService.log(DirectJDKLog.java:181) - Failed to start connector [Connector[HTTP/1.1-8080]]
org.apache.catalina.LifecycleException: Failed to start component [Connector[HTTP/1.1-8080]]
	at org.apache.catalina.util.LifecycleBase.start(LifecycleBase.java:167) ~[tomcat-embed-core-8.5.23.jar:8.5.23]
	at org.apache.catalina.core.StandardService.addConnector(StandardService.java:225) [tomcat-embed-core-8.5.23.jar:8.5.23]
	at org.springframework.boot.context.embedded.tomcat.TomcatEmbeddedServletContainer.addPreviouslyRemovedConnectors(TomcatEmbeddedServletContainer.java:250) [spring-boot-1.5.9.RELEASE.jar:1.5.9.RELEASE]
	at org.springframework.boot.context.embedded.tomcat.TomcatEmbeddedServletContainer.start(TomcatEmbeddedServletContainer.java:193) [spring-boot-1.5.9.RELEASE.jar:1.5.9.RELEASE]
	at org.springframework.boot.context.embedded.EmbeddedWebApplicationContext.startEmbeddedServletContainer(EmbeddedWebApplicationContext.java:297) [spring-boot-1.5.9.RELEASE.jar:1.5.9.RELEASE]
	at org.springframework.boot.context.embedded.EmbeddedWebApplicationContext.finishRefresh(EmbeddedWebApplicationContext.java:145) [spring-boot-1.5.9.RELEASE.jar:1.5.9.RELEASE]
	at org.springframework.context.support.AbstractApplicationContext.refresh(AbstractApplicationContext.java:546) [spring-context-4.3.13.RELEASE.jar:4.3.13.RELEASE]
	at org.springframework.boot.context.embedded.EmbeddedWebApplicationContext.refresh(EmbeddedWebApplicationContext.java:122) [spring-boot-1.5.9.RELEASE.jar:1.5.9.RELEASE]
	at org.springframework.boot.SpringApplication.refresh(SpringApplication.java:693) [spring-boot-1.5.9.RELEASE.jar:1.5.9.RELEASE]
	at org.springframework.boot.SpringApplication.refreshContext(SpringApplication.java:360) [spring-boot-1.5.9.RELEASE.jar:1.5.9.RELEASE]
	at org.springframework.boot.SpringApplication.run(SpringApplication.java:303) [spring-boot-1.5.9.RELEASE.jar:1.5.9.RELEASE]
	at org.springframework.boot.SpringApplication.run(SpringApplication.java:1118) [spring-boot-1.5.9.RELEASE.jar:1.5.9.RELEASE]
	at org.springframework.boot.SpringApplication.run(SpringApplication.java:1107) [spring-boot-1.5.9.RELEASE.jar:1.5.9.RELEASE]
	at com.gxd.GxdComponentsEsApplication.main(GxdComponentsEsApplication.java:15) [classes/:?]
Caused by: org.apache.catalina.LifecycleException: service.getName(): "Tomcat";  Protocol handler start failed
	at org.apache.catalina.connector.Connector.startInternal(Connector.java:1031) ~[tomcat-embed-core-8.5.23.jar:8.5.23]
	at org.apache.catalina.util.LifecycleBase.start(LifecycleBase.java:150) ~[tomcat-embed-core-8.5.23.jar:8.5.23]
	... 13 more
Caused by: java.net.BindException: Address already in use: bind
	at sun.nio.ch.Net.bind0(Native Method) ~[?:1.8.0_152]
	at sun.nio.ch.Net.bind(Net.java:433) ~[?:1.8.0_152]
	at sun.nio.ch.Net.bind(Net.java:425) ~[?:1.8.0_152]
	at sun.nio.ch.ServerSocketChannelImpl.bind(ServerSocketChannelImpl.java:223) ~[?:1.8.0_152]
	at sun.nio.ch.ServerSocketAdaptor.bind(ServerSocketAdaptor.java:74) ~[?:1.8.0_152]
	at org.apache.tomcat.util.net.NioEndpoint.bind(NioEndpoint.java:210) ~[tomcat-embed-core-8.5.23.jar:8.5.23]
	at org.apache.tomcat.util.net.AbstractEndpoint.start(AbstractEndpoint.java:990) ~[tomcat-embed-core-8.5.23.jar:8.5.23]
	at org.apache.coyote.AbstractProtocol.start(AbstractProtocol.java:635) ~[tomcat-embed-core-8.5.23.jar:8.5.23]
	at org.apache.catalina.connector.Connector.startInternal(Connector.java:1022) ~[tomcat-embed-core-8.5.23.jar:8.5.23]
	at org.apache.catalina.util.LifecycleBase.start(LifecycleBase.java:150) ~[tomcat-embed-core-8.5.23.jar:8.5.23]
	... 13 more
2018/02/04 12:40:07,463 INFO   main                  org.apache.coyote.http11.Http11NioProtocol.log(DirectJDKLog.java:179) - Pausing ProtocolHandler ["http-nio-8080"]
2018/02/04 12:40:07,463 INFO   main                  org.apache.catalina.core.StandardService.log(DirectJDKLog.java:179) - Stopping service [Tomcat]
2018/02/04 12:40:07,606 INFO   main                  org.apache.catalina.util.LifecycleBase.log(DirectJDKLog.java:179) - The stop() method was called on component [StandardServer[-1]] after stop() had already been called. The second call will be ignored.
2018/02/04 12:40:07,607 INFO   main                  org.apache.coyote.http11.Http11NioProtocol.log(DirectJDKLog.java:179) - Stopping ProtocolHandler ["http-nio-8080"]
2018/02/04 12:40:07,608 INFO   main                  org.apache.coyote.http11.Http11NioProtocol.log(DirectJDKLog.java:179) - Destroying ProtocolHandler ["http-nio-8080"]
2018/02/04 12:40:07,614 INFO   main                  org.springframework.boot.autoconfigure.logging.AutoConfigurationReportLoggingInitializer.logAutoConfigurationReport(AutoConfigurationReportLoggingInitializer.java:101) - 

Error starting ApplicationContext. To display the auto-configuration report re-run your application with 'debug' enabled.
2018/02/04 12:40:07,624 ERROR  main                  org.springframework.boot.diagnostics.LoggingFailureAnalysisReporter.report(LoggingFailureAnalysisReporter.java:42) - 

***************************
APPLICATION FAILED TO START
***************************

Description:

The Tomcat connector configured to listen on port 8080 failed to start. The port may already be in use or the connector may be misconfigured.

Action:

Verify the connector's configuration, identify and stop any process that's listening on port 8080, or configure this application to listen on another port.

2018/02/04 12:40:07,626 INFO   main                  org.springframework.boot.context.embedded.AnnotationConfigEmbeddedWebApplicationContext.doClose(AbstractApplicationContext.java:984) - Closing org.springframework.boot.context.embedded.AnnotationConfigEmbeddedWebApplicationContext@78830d9a: startup date [Sun Feb 04 12:40:02 CST 2018]; parent: org.springframework.context.annotation.AnnotationConfigApplicationContext@774698ab
2018/02/04 12:40:07,628 INFO   main                  org.springframework.jmx.export.annotation.AnnotationMBeanExporter.destroy(MBeanExporter.java:449) - Unregistering JMX-exposed beans on shutdown
2018/02/04 12:40:07,629 INFO   main                  org.springframework.jmx.export.annotation.AnnotationMBeanExporter.unregisterBeans(MBeanRegistrationSupport.java:241) - Unregistering JMX-exposed beans
2018/02/04 12:40:51,751 INFO   main                  com.gxd.GxdComponentsEsApplication.logStartupProfileInfo(SpringApplication.java:593) - No active profile set, falling back to default profiles: default
2018/02/04 12:40:51,775 INFO   main                  org.springframework.boot.context.embedded.AnnotationConfigEmbeddedWebApplicationContext.prepareRefresh(AbstractApplicationContext.java:583) - Refreshing org.springframework.boot.context.embedded.AnnotationConfigEmbeddedWebApplicationContext@c6a6c1d: startup date [Sun Feb 04 12:40:51 CST 2018]; parent: org.springframework.context.annotation.AnnotationConfigApplicationContext@774698ab
2018/02/04 12:40:52,546 INFO   main                  org.springframework.cloud.context.scope.GenericScope.setSerializationId(GenericScope.java:287) - BeanFactory id=c9ebedb2-cbee-386c-bfea-337f792a4698
2018/02/04 12:40:52,581 INFO   main                  org.springframework.beans.factory.annotation.AutowiredAnnotationBeanPostProcessor.<init>(AutowiredAnnotationBeanPostProcessor.java:155) - JSR-330 'javax.inject.Inject' annotation found and supported for autowiring
2018/02/04 12:40:52,808 INFO   main                  org.springframework.context.support.PostProcessorRegistrationDelegate$BeanPostProcessorChecker.postProcessAfterInitialization(PostProcessorRegistrationDelegate.java:327) - Bean 'org.springframework.cloud.autoconfigure.ConfigurationPropertiesRebinderAutoConfiguration' of type [org.springframework.cloud.autoconfigure.ConfigurationPropertiesRebinderAutoConfiguration$$EnhancerBySpringCGLIB$$a1689e50] is not eligible for getting processed by all BeanPostProcessors (for example: not eligible for auto-proxying)
2018/02/04 12:40:53,630 INFO   main                  org.springframework.boot.context.embedded.tomcat.TomcatEmbeddedServletContainer.initialize(TomcatEmbeddedServletContainer.java:89) - Tomcat initialized with port(s): 8090 (http)
2018/02/04 12:40:53,647 INFO   main                  org.apache.catalina.core.StandardService.log(DirectJDKLog.java:179) - Starting service [Tomcat]
2018/02/04 12:40:53,649 INFO   main                  org.apache.catalina.core.StandardEngine.log(DirectJDKLog.java:179) - Starting Servlet Engine: Apache Tomcat/8.5.23
2018/02/04 12:40:53,874 INFO   localhost-startStop-1 org.apache.catalina.core.ContainerBase.[Tomcat].[localhost].[/].log(DirectJDKLog.java:179) - Initializing Spring embedded WebApplicationContext
2018/02/04 12:40:53,875 INFO   localhost-startStop-1 org.springframework.web.context.ContextLoader.prepareEmbeddedWebApplicationContext(EmbeddedWebApplicationContext.java:276) - Root WebApplicationContext: initialization completed in 2100 ms
2018/02/04 12:40:54,118 INFO   localhost-startStop-1 org.springframework.boot.web.servlet.ServletRegistrationBean.onStartup(ServletRegistrationBean.java:190) - Mapping servlet: 'dispatcherServlet' to [/]
2018/02/04 12:40:54,125 INFO   localhost-startStop-1 org.springframework.boot.web.servlet.FilterRegistrationBean.configure(AbstractFilterRegistrationBean.java:258) - Mapping filter: 'characterEncodingFilter' to: [/*]
2018/02/04 12:40:54,127 INFO   localhost-startStop-1 org.springframework.boot.web.servlet.FilterRegistrationBean.configure(AbstractFilterRegistrationBean.java:258) - Mapping filter: 'hiddenHttpMethodFilter' to: [/*]
2018/02/04 12:40:54,127 INFO   localhost-startStop-1 org.springframework.boot.web.servlet.FilterRegistrationBean.configure(AbstractFilterRegistrationBean.java:258) - Mapping filter: 'httpPutFormContentFilter' to: [/*]
2018/02/04 12:40:54,127 INFO   localhost-startStop-1 org.springframework.boot.web.servlet.FilterRegistrationBean.configure(AbstractFilterRegistrationBean.java:258) - Mapping filter: 'requestContextFilter' to: [/*]
2018/02/04 12:40:54,580 INFO   main                  org.springframework.web.servlet.mvc.method.annotation.RequestMappingHandlerAdapter.initControllerAdviceCache(RequestMappingHandlerAdapter.java:534) - Looking for @ControllerAdvice: org.springframework.boot.context.embedded.AnnotationConfigEmbeddedWebApplicationContext@c6a6c1d: startup date [Sun Feb 04 12:40:51 CST 2018]; parent: org.springframework.context.annotation.AnnotationConfigApplicationContext@774698ab
2018/02/04 12:40:54,678 INFO   main                  org.springframework.web.servlet.mvc.method.annotation.RequestMappingHandlerMapping.register(AbstractHandlerMethodMapping.java:543) - Mapped "{[/es/getCommunityInfo]}" onto public com.gxd.es.model.Result com.gxd.es.web.ESController.getCommunityInfo(java.lang.String)
2018/02/04 12:40:54,682 INFO   main                  org.springframework.web.servlet.mvc.method.annotation.RequestMappingHandlerMapping.register(AbstractHandlerMethodMapping.java:543) - Mapped "{[/error]}" onto public org.springframework.http.ResponseEntity<java.util.Map<java.lang.String, java.lang.Object>> org.springframework.boot.autoconfigure.web.BasicErrorController.error(javax.servlet.http.HttpServletRequest)
2018/02/04 12:40:54,683 INFO   main                  org.springframework.web.servlet.mvc.method.annotation.RequestMappingHandlerMapping.register(AbstractHandlerMethodMapping.java:543) - Mapped "{[/error],produces=[text/html]}" onto public org.springframework.web.servlet.ModelAndView org.springframework.boot.autoconfigure.web.BasicErrorController.errorHtml(javax.servlet.http.HttpServletRequest,javax.servlet.http.HttpServletResponse)
2018/02/04 12:40:54,741 INFO   main                  org.springframework.web.servlet.handler.SimpleUrlHandlerMapping.registerHandler(AbstractUrlHandlerMapping.java:362) - Mapped URL path [/webjars/**] onto handler of type [class org.springframework.web.servlet.resource.ResourceHttpRequestHandler]
2018/02/04 12:40:54,742 INFO   main                  org.springframework.web.servlet.handler.SimpleUrlHandlerMapping.registerHandler(AbstractUrlHandlerMapping.java:362) - Mapped URL path [/**] onto handler of type [class org.springframework.web.servlet.resource.ResourceHttpRequestHandler]
2018/02/04 12:40:54,829 INFO   main                  org.springframework.web.servlet.handler.SimpleUrlHandlerMapping.registerHandler(AbstractUrlHandlerMapping.java:362) - Mapped URL path [/**/favicon.ico] onto handler of type [class org.springframework.web.servlet.resource.ResourceHttpRequestHandler]
2018/02/04 12:40:55,934 INFO   main                  org.springframework.jmx.export.annotation.AnnotationMBeanExporter.afterSingletonsInstantiated(MBeanExporter.java:431) - Registering beans for JMX exposure on startup
2018/02/04 12:40:55,946 INFO   main                  org.springframework.jmx.export.annotation.AnnotationMBeanExporter.autodetect(MBeanExporter.java:916) - Bean with name 'configurationPropertiesRebinder' has been autodetected for JMX exposure
2018/02/04 12:40:55,947 INFO   main                  org.springframework.jmx.export.annotation.AnnotationMBeanExporter.autodetect(MBeanExporter.java:916) - Bean with name 'environmentManager' has been autodetected for JMX exposure
2018/02/04 12:40:55,948 INFO   main                  org.springframework.jmx.export.annotation.AnnotationMBeanExporter.autodetect(MBeanExporter.java:916) - Bean with name 'refreshScope' has been autodetected for JMX exposure
2018/02/04 12:40:55,951 INFO   main                  org.springframework.jmx.export.annotation.AnnotationMBeanExporter.registerBeanInstance(MBeanExporter.java:678) - Located managed bean 'environmentManager': registering with JMX server as MBean [org.springframework.cloud.context.environment:name=environmentManager,type=EnvironmentManager]
2018/02/04 12:40:55,968 INFO   main                  org.springframework.jmx.export.annotation.AnnotationMBeanExporter.registerBeanInstance(MBeanExporter.java:678) - Located managed bean 'refreshScope': registering with JMX server as MBean [org.springframework.cloud.context.scope.refresh:name=refreshScope,type=RefreshScope]
2018/02/04 12:40:55,990 INFO   main                  org.springframework.jmx.export.annotation.AnnotationMBeanExporter.registerBeanInstance(MBeanExporter.java:678) - Located managed bean 'configurationPropertiesRebinder': registering with JMX server as MBean [org.springframework.cloud.context.properties:name=configurationPropertiesRebinder,context=c6a6c1d,type=ConfigurationPropertiesRebinder]
2018/02/04 12:40:56,037 INFO   main                  org.apache.coyote.http11.Http11NioProtocol.log(DirectJDKLog.java:179) - Initializing ProtocolHandler ["http-nio-8090"]
2018/02/04 12:40:56,052 INFO   main                  org.apache.coyote.http11.Http11NioProtocol.log(DirectJDKLog.java:179) - Starting ProtocolHandler ["http-nio-8090"]
2018/02/04 12:40:56,076 INFO   main                  org.apache.tomcat.util.net.NioSelectorPool.log(DirectJDKLog.java:179) - Using a shared selector for servlet write/read
2018/02/04 12:40:56,106 INFO   main                  org.springframework.boot.context.embedded.tomcat.TomcatEmbeddedServletContainer.start(TomcatEmbeddedServletContainer.java:201) - Tomcat started on port(s): 8090 (http)
2018/02/04 12:40:56,116 INFO   main                  com.gxd.GxdComponentsEsApplication.logStarted(StartupInfoLogger.java:57) - Started GxdComponentsEsApplication in 9.146 seconds (JVM running for 10.644)
